2023-05-03 09:00:35 [INFO ] [StartupInfoLogger.java]logStarting(55) : Starting mainApplication on DESKTOP-RILCUD6 with PID 10440 (D:\project\managemnet\build\classes\java\main started by user in D:\project\managemnet)
2023-05-03 09:00:35 [INFO ] [SpringApplication.java]logStartupProfileInfo(651) : No active profile set, falling back to default profiles: default
2023-05-03 09:00:38 [WARN ] [TransformerFactoryUtils.java]defaultSettings(62) : http://javax.xml.XMLConstants/property/accessExternalDTD property not supported by org.apache.xalan.processor.TransformerFactoryImpl
2023-05-03 09:00:38 [WARN ] [TransformerFactoryUtils.java]defaultSettings(70) : http://javax.xml.XMLConstants/property/accessExternalStylesheet property not supported by org.apache.xalan.processor.TransformerFactoryImpl
2023-05-03 09:00:38 [INFO ] [StartupInfoLogger.java]logStarted(61) : Started mainApplication in 3.383 seconds (JVM running for 8.653)
2023-05-03 09:18:51 [WARN ] [HikariConfig.java]validateNumerics(1009) : HikariPool-1 - idleTimeout has been set but has no effect because the pool is operating as a fixed size pool.
2023-05-03 09:18:51 [INFO ] [HikariDataSource.java]getConnection(110) : HikariPool-1 - Starting...
2023-05-03 09:18:51 [INFO ] [HikariDataSource.java]getConnection(123) : HikariPool-1 - Start completed.
2023-05-03 09:45:32 [INFO ] [HikariDataSource.java]close(350) : HikariPool-1 - Shutdown initiated...
2023-05-03 09:45:32 [INFO ] [HikariDataSource.java]close(352) : HikariPool-1 - Shutdown completed.
2023-05-03 09:45:48 [INFO ] [StartupInfoLogger.java]logStarting(55) : Starting mainApplication on DESKTOP-RILCUD6 with PID 33236 (D:\project\managemnet\build\classes\java\main started by user in D:\project\managemnet)
2023-05-03 09:45:48 [INFO ] [SpringApplication.java]logStartupProfileInfo(651) : No active profile set, falling back to default profiles: default
2023-05-03 09:45:50 [WARN ] [TransformerFactoryUtils.java]defaultSettings(62) : http://javax.xml.XMLConstants/property/accessExternalDTD property not supported by org.apache.xalan.processor.TransformerFactoryImpl
2023-05-03 09:45:50 [WARN ] [TransformerFactoryUtils.java]defaultSettings(70) : http://javax.xml.XMLConstants/property/accessExternalStylesheet property not supported by org.apache.xalan.processor.TransformerFactoryImpl
2023-05-03 09:45:50 [INFO ] [StartupInfoLogger.java]logStarted(61) : Started mainApplication in 2.134 seconds (JVM running for 2.948)
2023-05-03 09:47:39 [INFO ] [StartupInfoLogger.java]logStarting(55) : Starting mainApplication on DESKTOP-RILCUD6 with PID 32904 (D:\project\managemnet\build\classes\java\main started by user in D:\project\managemnet)
2023-05-03 09:47:39 [INFO ] [SpringApplication.java]logStartupProfileInfo(651) : No active profile set, falling back to default profiles: default
2023-05-03 09:47:40 [WARN ] [TransformerFactoryUtils.java]defaultSettings(62) : http://javax.xml.XMLConstants/property/accessExternalDTD property not supported by org.apache.xalan.processor.TransformerFactoryImpl
2023-05-03 09:47:40 [WARN ] [TransformerFactoryUtils.java]defaultSettings(70) : http://javax.xml.XMLConstants/property/accessExternalStylesheet property not supported by org.apache.xalan.processor.TransformerFactoryImpl
2023-05-03 09:47:40 [INFO ] [StartupInfoLogger.java]logStarted(61) : Started mainApplication in 1.786 seconds (JVM running for 2.436)
2023-05-03 09:52:34 [INFO ] [StartupInfoLogger.java]logStarting(55) : Starting mainApplication on DESKTOP-RILCUD6 with PID 19480 (D:\project\managemnet\build\classes\java\main started by user in D:\project\managemnet)
2023-05-03 09:52:34 [INFO ] [SpringApplication.java]logStartupProfileInfo(651) : No active profile set, falling back to default profiles: default
2023-05-03 09:52:36 [WARN ] [TransformerFactoryUtils.java]defaultSettings(62) : http://javax.xml.XMLConstants/property/accessExternalDTD property not supported by org.apache.xalan.processor.TransformerFactoryImpl
2023-05-03 09:52:36 [WARN ] [TransformerFactoryUtils.java]defaultSettings(70) : http://javax.xml.XMLConstants/property/accessExternalStylesheet property not supported by org.apache.xalan.processor.TransformerFactoryImpl
2023-05-03 09:52:36 [INFO ] [StartupInfoLogger.java]logStarted(61) : Started mainApplication in 2.47 seconds (JVM running for 3.232)
2023-05-03 10:00:52 [INFO ] [StartupInfoLogger.java]logStarting(55) : Starting mainApplication on DESKTOP-RILCUD6 with PID 25684 (D:\project\managemnet\build\classes\java\main started by user in D:\project\managemnet)
2023-05-03 10:00:52 [INFO ] [SpringApplication.java]logStartupProfileInfo(651) : No active profile set, falling back to default profiles: default
2023-05-03 10:00:54 [WARN ] [TransformerFactoryUtils.java]defaultSettings(62) : http://javax.xml.XMLConstants/property/accessExternalDTD property not supported by org.apache.xalan.processor.TransformerFactoryImpl
2023-05-03 10:00:54 [WARN ] [TransformerFactoryUtils.java]defaultSettings(70) : http://javax.xml.XMLConstants/property/accessExternalStylesheet property not supported by org.apache.xalan.processor.TransformerFactoryImpl
2023-05-03 10:00:54 [INFO ] [StartupInfoLogger.java]logStarted(61) : Started mainApplication in 2.287 seconds (JVM running for 2.944)
2023-05-03 10:02:24 [WARN ] [HikariConfig.java]validateNumerics(1009) : HikariPool-1 - idleTimeout has been set but has no effect because the pool is operating as a fixed size pool.
2023-05-03 10:02:24 [INFO ] [HikariDataSource.java]getConnection(110) : HikariPool-1 - Starting...
2023-05-03 10:02:24 [INFO ] [HikariDataSource.java]getConnection(123) : HikariPool-1 - Start completed.
2023-05-03 10:03:57 [INFO ] [HikariDataSource.java]close(350) : HikariPool-1 - Shutdown initiated...
2023-05-03 10:03:57 [INFO ] [HikariDataSource.java]close(352) : HikariPool-1 - Shutdown completed.
2023-05-03 10:04:03 [INFO ] [StartupInfoLogger.java]logStarting(55) : Starting mainApplication on DESKTOP-RILCUD6 with PID 28372 (D:\project\managemnet\build\classes\java\main started by user in D:\project\managemnet)
2023-05-03 10:04:03 [INFO ] [SpringApplication.java]logStartupProfileInfo(651) : No active profile set, falling back to default profiles: default
2023-05-03 10:04:04 [WARN ] [TransformerFactoryUtils.java]defaultSettings(62) : http://javax.xml.XMLConstants/property/accessExternalDTD property not supported by org.apache.xalan.processor.TransformerFactoryImpl
2023-05-03 10:04:04 [WARN ] [TransformerFactoryUtils.java]defaultSettings(70) : http://javax.xml.XMLConstants/property/accessExternalStylesheet property not supported by org.apache.xalan.processor.TransformerFactoryImpl
2023-05-03 10:04:04 [INFO ] [StartupInfoLogger.java]logStarted(61) : Started mainApplication in 1.747 seconds (JVM running for 2.62)
2023-05-03 10:04:17 [WARN ] [HikariConfig.java]validateNumerics(1009) : HikariPool-1 - idleTimeout has been set but has no effect because the pool is operating as a fixed size pool.
2023-05-03 10:04:17 [INFO ] [HikariDataSource.java]getConnection(110) : HikariPool-1 - Starting...
2023-05-03 10:04:17 [INFO ] [HikariDataSource.java]getConnection(123) : HikariPool-1 - Start completed.
2023-05-03 10:09:02 [INFO ] [HikariDataSource.java]close(350) : HikariPool-1 - Shutdown initiated...
2023-05-03 10:09:02 [INFO ] [HikariDataSource.java]close(352) : HikariPool-1 - Shutdown completed.
2023-05-03 10:09:08 [INFO ] [StartupInfoLogger.java]logStarting(55) : Starting mainApplication on DESKTOP-RILCUD6 with PID 18784 (D:\project\managemnet\build\classes\java\main started by user in D:\project\managemnet)
2023-05-03 10:09:08 [INFO ] [SpringApplication.java]logStartupProfileInfo(651) : No active profile set, falling back to default profiles: default
2023-05-03 10:09:10 [WARN ] [TransformerFactoryUtils.java]defaultSettings(62) : http://javax.xml.XMLConstants/property/accessExternalDTD property not supported by org.apache.xalan.processor.TransformerFactoryImpl
2023-05-03 10:09:10 [WARN ] [TransformerFactoryUtils.java]defaultSettings(70) : http://javax.xml.XMLConstants/property/accessExternalStylesheet property not supported by org.apache.xalan.processor.TransformerFactoryImpl
2023-05-03 10:09:10 [INFO ] [StartupInfoLogger.java]logStarted(61) : Started mainApplication in 1.952 seconds (JVM running for 2.598)
2023-05-03 10:17:58 [INFO ] [StartupInfoLogger.java]logStarting(55) : Starting mainApplication on DESKTOP-RILCUD6 with PID 28328 (D:\project\managemnet\build\classes\java\main started by user in D:\project\managemnet)
2023-05-03 10:17:58 [INFO ] [SpringApplication.java]logStartupProfileInfo(651) : No active profile set, falling back to default profiles: default
2023-05-03 10:18:00 [WARN ] [TransformerFactoryUtils.java]defaultSettings(62) : http://javax.xml.XMLConstants/property/accessExternalDTD property not supported by org.apache.xalan.processor.TransformerFactoryImpl
2023-05-03 10:18:00 [WARN ] [TransformerFactoryUtils.java]defaultSettings(70) : http://javax.xml.XMLConstants/property/accessExternalStylesheet property not supported by org.apache.xalan.processor.TransformerFactoryImpl
2023-05-03 10:18:00 [INFO ] [StartupInfoLogger.java]logStarted(61) : Started mainApplication in 1.893 seconds (JVM running for 2.63)
2023-05-03 10:19:18 [INFO ] [StartupInfoLogger.java]logStarting(55) : Starting mainApplication on DESKTOP-RILCUD6 with PID 34008 (D:\project\managemnet\build\classes\java\main started by user in D:\project\managemnet)
2023-05-03 10:19:18 [INFO ] [SpringApplication.java]logStartupProfileInfo(651) : No active profile set, falling back to default profiles: default
2023-05-03 10:19:19 [WARN ] [TransformerFactoryUtils.java]defaultSettings(62) : http://javax.xml.XMLConstants/property/accessExternalDTD property not supported by org.apache.xalan.processor.TransformerFactoryImpl
2023-05-03 10:19:19 [WARN ] [TransformerFactoryUtils.java]defaultSettings(70) : http://javax.xml.XMLConstants/property/accessExternalStylesheet property not supported by org.apache.xalan.processor.TransformerFactoryImpl
2023-05-03 10:19:20 [INFO ] [StartupInfoLogger.java]logStarted(61) : Started mainApplication in 1.803 seconds (JVM running for 2.487)
2023-05-03 10:27:24 [INFO ] [StartupInfoLogger.java]logStarting(55) : Starting mainApplication on DESKTOP-RILCUD6 with PID 15240 (D:\project\managemnet\build\classes\java\main started by user in D:\project\managemnet)
2023-05-03 10:27:24 [INFO ] [SpringApplication.java]logStartupProfileInfo(651) : No active profile set, falling back to default profiles: default
2023-05-03 10:27:26 [WARN ] [TransformerFactoryUtils.java]defaultSettings(62) : http://javax.xml.XMLConstants/property/accessExternalDTD property not supported by org.apache.xalan.processor.TransformerFactoryImpl
2023-05-03 10:27:26 [WARN ] [TransformerFactoryUtils.java]defaultSettings(70) : http://javax.xml.XMLConstants/property/accessExternalStylesheet property not supported by org.apache.xalan.processor.TransformerFactoryImpl
2023-05-03 10:27:26 [INFO ] [StartupInfoLogger.java]logStarted(61) : Started mainApplication in 1.818 seconds (JVM running for 2.563)
2023-05-03 10:29:25 [WARN ] [HikariConfig.java]validateNumerics(1009) : HikariPool-1 - idleTimeout has been set but has no effect because the pool is operating as a fixed size pool.
2023-05-03 10:29:25 [INFO ] [HikariDataSource.java]getConnection(110) : HikariPool-1 - Starting...
2023-05-03 10:29:25 [INFO ] [HikariDataSource.java]getConnection(123) : HikariPool-1 - Start completed.
2023-05-03 10:31:01 [INFO ] [HikariDataSource.java]close(350) : HikariPool-1 - Shutdown initiated...
2023-05-03 10:31:01 [INFO ] [HikariDataSource.java]close(352) : HikariPool-1 - Shutdown completed.
2023-05-03 10:31:06 [INFO ] [StartupInfoLogger.java]logStarting(55) : Starting mainApplication on DESKTOP-RILCUD6 with PID 34460 (D:\project\managemnet\build\classes\java\main started by user in D:\project\managemnet)
2023-05-03 10:31:06 [INFO ] [SpringApplication.java]logStartupProfileInfo(651) : No active profile set, falling back to default profiles: default
2023-05-03 10:31:08 [WARN ] [TransformerFactoryUtils.java]defaultSettings(62) : http://javax.xml.XMLConstants/property/accessExternalDTD property not supported by org.apache.xalan.processor.TransformerFactoryImpl
2023-05-03 10:31:08 [WARN ] [TransformerFactoryUtils.java]defaultSettings(70) : http://javax.xml.XMLConstants/property/accessExternalStylesheet property not supported by org.apache.xalan.processor.TransformerFactoryImpl
2023-05-03 10:31:08 [INFO ] [StartupInfoLogger.java]logStarted(61) : Started mainApplication in 1.876 seconds (JVM running for 2.525)
2023-05-03 10:31:58 [INFO ] [StartupInfoLogger.java]logStarting(55) : Starting mainApplication on DESKTOP-RILCUD6 with PID 17768 (D:\project\managemnet\build\classes\java\main started by user in D:\project\managemnet)
2023-05-03 10:31:58 [INFO ] [SpringApplication.java]logStartupProfileInfo(651) : No active profile set, falling back to default profiles: default
2023-05-03 10:32:00 [WARN ] [TransformerFactoryUtils.java]defaultSettings(62) : http://javax.xml.XMLConstants/property/accessExternalDTD property not supported by org.apache.xalan.processor.TransformerFactoryImpl
2023-05-03 10:32:00 [WARN ] [TransformerFactoryUtils.java]defaultSettings(70) : http://javax.xml.XMLConstants/property/accessExternalStylesheet property not supported by org.apache.xalan.processor.TransformerFactoryImpl
2023-05-03 10:32:00 [INFO ] [StartupInfoLogger.java]logStarted(61) : Started mainApplication in 1.833 seconds (JVM running for 2.515)
2023-05-03 10:34:04 [WARN ] [HikariConfig.java]validateNumerics(1009) : HikariPool-1 - idleTimeout has been set but has no effect because the pool is operating as a fixed size pool.
2023-05-03 10:34:04 [INFO ] [HikariDataSource.java]getConnection(110) : HikariPool-1 - Starting...
2023-05-03 10:34:04 [INFO ] [HikariDataSource.java]getConnection(123) : HikariPool-1 - Start completed.
2023-05-03 10:38:44 [ERROR] [DirectJDKLog.java]log(175) : Servlet.service() for servlet [dispatcherServlet] in context with path [] threw exception [Request processing failed; nested exception is org.springframework.jdbc.UncategorizedSQLException: 
### Error querying database.  Cause: com.microsoft.sqlserver.jdbc.SQLServerException: 열 "DBO"이나 사용자 정의 함수 또는 집계 "DBO.GETSPLIT"을(를) 찾을 수 없거나 이름이 불확실합니다.
### The error may exist in file [D:\project\managemnet\build\resources\main\query\home\home_mapper.xml]
### The error may involve org.Mapper.home.HomeMapper.insertall
### The error occurred while handling results
### SQL: EXEC SP_KDW_MANAGE_SAVE ?, ?, ?, ?,?,?,?, ?
### Cause: com.microsoft.sqlserver.jdbc.SQLServerException: 열 "DBO"이나 사용자 정의 함수 또는 집계 "DBO.GETSPLIT"을(를) 찾을 수 없거나 이름이 불확실합니다.
; uncategorized SQLException; SQL state [S0001]; error code [4121]; 열 "DBO"이나 사용자 정의 함수 또는 집계 "DBO.GETSPLIT"을(를) 찾을 수 없거나 이름이 불확실합니다.; nested exception is com.microsoft.sqlserver.jdbc.SQLServerException: 열 "DBO"이나 사용자 정의 함수 또는 집계 "DBO.GETSPLIT"을(를) 찾을 수 없거나 이름이 불확실합니다.] with root cause
com.microsoft.sqlserver.jdbc.SQLServerException: 열 "DBO"이나 사용자 정의 함수 또는 집계 "DBO.GETSPLIT"을(를) 찾을 수 없거나 이름이 불확실합니다.
	at com.microsoft.sqlserver.jdbc.SQLServerException.makeFromDatabaseError(SQLServerException.java:262)
	at com.microsoft.sqlserver.jdbc.SQLServerStatement.getNextResult(SQLServerStatement.java:1624)
	at com.microsoft.sqlserver.jdbc.SQLServerStatement.getMoreResults(SQLServerStatement.java:1344)
	at com.zaxxer.hikari.pool.HikariProxyPreparedStatement.getMoreResults(HikariProxyPreparedStatement.java)
	at org.apache.ibatis.executor.resultset.DefaultResultSetHandler.getFirstResultSet(DefaultResultSetHandler.java:241)
	at org.apache.ibatis.executor.resultset.DefaultResultSetHandler.handleResultSets(DefaultResultSetHandler.java:187)
	at org.apache.ibatis.executor.statement.PreparedStatementHandler.query(PreparedStatementHandler.java:65)
	at org.apache.ibatis.executor.statement.RoutingStatementHandler.query(RoutingStatementHandler.java:79)
	at org.apache.ibatis.executor.SimpleExecutor.doQuery(SimpleExecutor.java:63)
	at org.apache.ibatis.executor.BaseExecutor.queryFromDatabase(BaseExecutor.java:324)
	at org.apache.ibatis.executor.BaseExecutor.query(BaseExecutor.java:156)
	at org.apache.ibatis.executor.CachingExecutor.query(CachingExecutor.java:109)
	at org.apache.ibatis.executor.CachingExecutor.query(CachingExecutor.java:83)
	at org.apache.ibatis.session.defaults.DefaultSqlSession.selectList(DefaultSqlSession.java:147)
	at org.apache.ibatis.session.defaults.DefaultSqlSession.selectList(DefaultSqlSession.java:140)
	at org.apache.ibatis.session.defaults.DefaultSqlSession.selectOne(DefaultSqlSession.java:76)
	at java.base/jdk.internal.reflect.NativeMethodAccessorImpl.invoke0(Native Method)
	at java.base/jdk.internal.reflect.NativeMethodAccessorImpl.invoke(NativeMethodAccessorImpl.java:62)
	at java.base/jdk.internal.reflect.DelegatingMethodAccessorImpl.invoke(DelegatingMethodAccessorImpl.java:43)
	at java.base/java.lang.reflect.Method.invoke(Method.java:566)
	at org.mybatis.spring.SqlSessionTemplate$SqlSessionInterceptor.invoke(SqlSessionTemplate.java:426)
	at com.sun.proxy.$Proxy70.selectOne(Unknown Source)
	at org.mybatis.spring.SqlSessionTemplate.selectOne(SqlSessionTemplate.java:159)
	at org.apache.ibatis.binding.MapperMethod.execute(MapperMethod.java:87)
	at org.apache.ibatis.binding.MapperProxy.invoke(MapperProxy.java:57)
	at com.sun.proxy.$Proxy71.insertall(Unknown Source)
	at java.base/jdk.internal.reflect.NativeMethodAccessorImpl.invoke0(Native Method)
	at java.base/jdk.internal.reflect.NativeMethodAccessorImpl.invoke(NativeMethodAccessorImpl.java:62)
	at java.base/jdk.internal.reflect.DelegatingMethodAccessorImpl.invoke(DelegatingMethodAccessorImpl.java:43)
	at java.base/java.lang.reflect.Method.invoke(Method.java:566)
	at org.springframework.aop.support.AopUtils.invokeJoinpointUsingReflection(AopUtils.java:344)
	at org.springframework.aop.framework.ReflectiveMethodInvocation.invokeJoinpoint(ReflectiveMethodInvocation.java:198)
	at org.springframework.aop.framework.ReflectiveMethodInvocation.proceed(ReflectiveMethodInvocation.java:163)
	at org.springframework.dao.support.PersistenceExceptionTranslationInterceptor.invoke(PersistenceExceptionTranslationInterceptor.java:139)
	at org.springframework.aop.framework.ReflectiveMethodInvocation.proceed(ReflectiveMethodInvocation.java:186)
	at org.springframework.aop.framework.JdkDynamicAopProxy.invoke(JdkDynamicAopProxy.java:212)
	at com.sun.proxy.$Proxy72.insertall(Unknown Source)
	at org.example.home.HomeService.insertall(HomeService.java:26)
	at org.example.home.HomeRestController.insertLoc(HomeRestController.java:27)
	at java.base/jdk.internal.reflect.NativeMethodAccessorImpl.invoke0(Native Method)
	at java.base/jdk.internal.reflect.NativeMethodAccessorImpl.invoke(NativeMethodAccessorImpl.java:62)
	at java.base/jdk.internal.reflect.DelegatingMethodAccessorImpl.invoke(DelegatingMethodAccessorImpl.java:43)
	at java.base/java.lang.reflect.Method.invoke(Method.java:566)
	at org.springframework.web.method.support.InvocableHandlerMethod.doInvoke(InvocableHandlerMethod.java:190)
	at org.springframework.web.method.support.InvocableHandlerMethod.invokeForRequest(InvocableHandlerMethod.java:138)
	at org.springframework.web.servlet.mvc.method.annotation.ServletInvocableHandlerMethod.invokeAndHandle(ServletInvocableHandlerMethod.java:106)
	at org.springframework.web.servlet.mvc.method.annotation.RequestMappingHandlerAdapter.invokeHandlerMethod(RequestMappingHandlerAdapter.java:888)
	at org.springframework.web.servlet.mvc.method.annotation.RequestMappingHandlerAdapter.handleInternal(RequestMappingHandlerAdapter.java:793)
	at org.springframework.web.servlet.mvc.method.AbstractHandlerMethodAdapter.handle(AbstractHandlerMethodAdapter.java:87)
	at org.springframework.web.servlet.DispatcherServlet.doDispatch(DispatcherServlet.java:1040)
	at org.springframework.web.servlet.DispatcherServlet.doService(DispatcherServlet.java:943)
	at org.springframework.web.servlet.FrameworkServlet.processRequest(FrameworkServlet.java:1006)
	at org.springframework.web.servlet.FrameworkServlet.doPost(FrameworkServlet.java:909)
	at javax.servlet.http.HttpServlet.service(HttpServlet.java:660)
	at org.springframework.web.servlet.FrameworkServlet.service(FrameworkServlet.java:883)
	at javax.servlet.http.HttpServlet.service(HttpServlet.java:741)
	at org.apache.catalina.core.ApplicationFilterChain.internalDoFilter(ApplicationFilterChain.java:231)
	at org.apache.catalina.core.ApplicationFilterChain.doFilter(ApplicationFilterChain.java:166)
	at org.apache.tomcat.websocket.server.WsFilter.doFilter(WsFilter.java:53)
	at org.apache.catalina.core.ApplicationFilterChain.internalDoFilter(ApplicationFilterChain.java:193)
	at org.apache.catalina.core.ApplicationFilterChain.doFilter(ApplicationFilterChain.java:166)
	at org.springframework.web.filter.RequestContextFilter.doFilterInternal(RequestContextFilter.java:100)
	at org.springframework.web.filter.OncePerRequestFilter.doFilter(OncePerRequestFilter.java:119)
	at org.apache.catalina.core.ApplicationFilterChain.internalDoFilter(ApplicationFilterChain.java:193)
	at org.apache.catalina.core.ApplicationFilterChain.doFilter(ApplicationFilterChain.java:166)
	at org.springframework.web.filter.FormContentFilter.doFilterInternal(FormContentFilter.java:93)
	at org.springframework.web.filter.OncePerRequestFilter.doFilter(OncePerRequestFilter.java:119)
	at org.apache.catalina.core.ApplicationFilterChain.internalDoFilter(ApplicationFilterChain.java:193)
	at org.apache.catalina.core.ApplicationFilterChain.doFilter(ApplicationFilterChain.java:166)
	at org.springframework.web.filter.CharacterEncodingFilter.doFilterInternal(CharacterEncodingFilter.java:201)
	at org.springframework.web.filter.OncePerRequestFilter.doFilter(OncePerRequestFilter.java:119)
	at org.apache.catalina.core.ApplicationFilterChain.internalDoFilter(ApplicationFilterChain.java:193)
	at org.apache.catalina.core.ApplicationFilterChain.doFilter(ApplicationFilterChain.java:166)
	at org.apache.catalina.core.StandardWrapperValve.invoke(StandardWrapperValve.java:202)
	at org.apache.catalina.core.StandardContextValve.invoke(StandardContextValve.java:96)
	at org.apache.catalina.authenticator.AuthenticatorBase.invoke(AuthenticatorBase.java:526)
	at org.apache.catalina.core.StandardHostValve.invoke(StandardHostValve.java:139)
	at org.apache.catalina.valves.ErrorReportValve.invoke(ErrorReportValve.java:92)
	at org.apache.catalina.core.StandardEngineValve.invoke(StandardEngineValve.java:74)
	at org.apache.catalina.connector.CoyoteAdapter.service(CoyoteAdapter.java:343)
	at org.apache.coyote.http11.Http11Processor.service(Http11Processor.java:408)
	at org.apache.coyote.AbstractProcessorLight.process(AbstractProcessorLight.java:66)
	at org.apache.coyote.AbstractProtocol$ConnectionHandler.process(AbstractProtocol.java:861)
	at org.apache.tomcat.util.net.NioEndpoint$SocketProcessor.doRun(NioEndpoint.java:1579)
	at org.apache.tomcat.util.net.SocketProcessorBase.run(SocketProcessorBase.java:49)
	at java.base/java.util.concurrent.ThreadPoolExecutor.runWorker(ThreadPoolExecutor.java:1128)
	at java.base/java.util.concurrent.ThreadPoolExecutor$Worker.run(ThreadPoolExecutor.java:628)
	at org.apache.tomcat.util.threads.TaskThread$WrappingRunnable.run(TaskThread.java:61)
	at java.base/java.lang.Thread.run(Thread.java:829)
2023-05-03 10:41:49 [INFO ] [HikariDataSource.java]close(350) : HikariPool-1 - Shutdown initiated...
2023-05-03 10:41:49 [INFO ] [HikariDataSource.java]close(352) : HikariPool-1 - Shutdown completed.
2023-05-03 10:41:52 [INFO ] [StartupInfoLogger.java]logStarting(55) : Starting mainApplication on DESKTOP-RILCUD6 with PID 21392 (D:\project\managemnet\build\classes\java\main started by user in D:\project\managemnet)
2023-05-03 10:41:52 [INFO ] [SpringApplication.java]logStartupProfileInfo(651) : No active profile set, falling back to default profiles: default
2023-05-03 10:41:54 [WARN ] [TransformerFactoryUtils.java]defaultSettings(62) : http://javax.xml.XMLConstants/property/accessExternalDTD property not supported by org.apache.xalan.processor.TransformerFactoryImpl
2023-05-03 10:41:54 [WARN ] [TransformerFactoryUtils.java]defaultSettings(70) : http://javax.xml.XMLConstants/property/accessExternalStylesheet property not supported by org.apache.xalan.processor.TransformerFactoryImpl
2023-05-03 10:41:54 [INFO ] [StartupInfoLogger.java]logStarted(61) : Started mainApplication in 2.411 seconds (JVM running for 3.062)
2023-05-03 10:42:05 [WARN ] [HikariConfig.java]validateNumerics(1009) : HikariPool-1 - idleTimeout has been set but has no effect because the pool is operating as a fixed size pool.
2023-05-03 10:42:05 [INFO ] [HikariDataSource.java]getConnection(110) : HikariPool-1 - Starting...
2023-05-03 10:42:06 [INFO ] [HikariDataSource.java]getConnection(123) : HikariPool-1 - Start completed.
2023-05-03 11:19:45 [INFO ] [HikariDataSource.java]close(350) : HikariPool-1 - Shutdown initiated...
2023-05-03 11:19:45 [INFO ] [HikariDataSource.java]close(352) : HikariPool-1 - Shutdown completed.
2023-05-03 11:19:51 [INFO ] [StartupInfoLogger.java]logStarting(55) : Starting mainApplication on DESKTOP-RILCUD6 with PID 30376 (D:\project\managemnet\build\classes\java\main started by user in D:\project\managemnet)
2023-05-03 11:19:51 [INFO ] [SpringApplication.java]logStartupProfileInfo(651) : No active profile set, falling back to default profiles: default
2023-05-03 11:19:53 [WARN ] [TransformerFactoryUtils.java]defaultSettings(62) : http://javax.xml.XMLConstants/property/accessExternalDTD property not supported by org.apache.xalan.processor.TransformerFactoryImpl
2023-05-03 11:19:53 [WARN ] [TransformerFactoryUtils.java]defaultSettings(70) : http://javax.xml.XMLConstants/property/accessExternalStylesheet property not supported by org.apache.xalan.processor.TransformerFactoryImpl
2023-05-03 11:19:53 [INFO ] [StartupInfoLogger.java]logStarted(61) : Started mainApplication in 1.84 seconds (JVM running for 5.057)
2023-05-03 11:20:10 [WARN ] [HikariConfig.java]validateNumerics(1009) : HikariPool-1 - idleTimeout has been set but has no effect because the pool is operating as a fixed size pool.
2023-05-03 11:20:10 [INFO ] [HikariDataSource.java]getConnection(110) : HikariPool-1 - Starting...
2023-05-03 11:20:10 [INFO ] [HikariDataSource.java]getConnection(123) : HikariPool-1 - Start completed.
2023-05-03 11:23:12 [INFO ] [HikariDataSource.java]close(350) : HikariPool-1 - Shutdown initiated...
2023-05-03 11:23:12 [INFO ] [HikariDataSource.java]close(352) : HikariPool-1 - Shutdown completed.
2023-05-03 11:23:17 [INFO ] [StartupInfoLogger.java]logStarting(55) : Starting mainApplication on DESKTOP-RILCUD6 with PID 19272 (D:\project\managemnet\build\classes\java\main started by user in D:\project\managemnet)
2023-05-03 11:23:17 [INFO ] [SpringApplication.java]logStartupProfileInfo(651) : No active profile set, falling back to default profiles: default
2023-05-03 11:23:18 [WARN ] [TransformerFactoryUtils.java]defaultSettings(62) : http://javax.xml.XMLConstants/property/accessExternalDTD property not supported by org.apache.xalan.processor.TransformerFactoryImpl
2023-05-03 11:23:18 [WARN ] [TransformerFactoryUtils.java]defaultSettings(70) : http://javax.xml.XMLConstants/property/accessExternalStylesheet property not supported by org.apache.xalan.processor.TransformerFactoryImpl
2023-05-03 11:23:18 [INFO ] [StartupInfoLogger.java]logStarted(61) : Started mainApplication in 1.809 seconds (JVM running for 2.451)
2023-05-03 11:23:28 [WARN ] [HikariConfig.java]validateNumerics(1009) : HikariPool-1 - idleTimeout has been set but has no effect because the pool is operating as a fixed size pool.
2023-05-03 11:23:28 [INFO ] [HikariDataSource.java]getConnection(110) : HikariPool-1 - Starting...
2023-05-03 11:23:28 [INFO ] [HikariDataSource.java]getConnection(123) : HikariPool-1 - Start completed.
2023-05-03 12:19:30 [WARN ] [HikariPool.java]run(787) : HikariPool-1 - Thread starvation or clock leap detected (housekeeper delta=40m31s788ms209µs600ns).
2023-05-03 13:30:48 [WARN ] [HikariPool.java]run(787) : HikariPool-1 - Thread starvation or clock leap detected (housekeeper delta=1h1m18s94ms540µs200ns).
2023-05-03 15:27:41 [WARN ] [HikariPool.java]run(787) : HikariPool-1 - Thread starvation or clock leap detected (housekeeper delta=1h44m52s695ms391µs900ns).
2023-05-03 16:25:06 [INFO ] [HikariDataSource.java]close(350) : HikariPool-1 - Shutdown initiated...
2023-05-03 16:25:06 [INFO ] [HikariDataSource.java]close(352) : HikariPool-1 - Shutdown completed.
2023-05-03 16:25:24 [INFO ] [StartupInfoLogger.java]logStarting(55) : Starting mainApplication on DESKTOP-RILCUD6 with PID 24004 (D:\project\managemnet\build\classes\java\main started by user in D:\project\managemnet)
2023-05-03 16:25:24 [INFO ] [SpringApplication.java]logStartupProfileInfo(651) : No active profile set, falling back to default profiles: default
2023-05-03 16:25:26 [WARN ] [TransformerFactoryUtils.java]defaultSettings(62) : http://javax.xml.XMLConstants/property/accessExternalDTD property not supported by org.apache.xalan.processor.TransformerFactoryImpl
2023-05-03 16:25:26 [WARN ] [TransformerFactoryUtils.java]defaultSettings(70) : http://javax.xml.XMLConstants/property/accessExternalStylesheet property not supported by org.apache.xalan.processor.TransformerFactoryImpl
2023-05-03 16:25:26 [INFO ] [StartupInfoLogger.java]logStarted(61) : Started mainApplication in 1.867 seconds (JVM running for 2.525)
2023-05-03 16:26:42 [WARN ] [HikariConfig.java]validateNumerics(1009) : HikariPool-1 - idleTimeout has been set but has no effect because the pool is operating as a fixed size pool.
2023-05-03 16:26:42 [INFO ] [HikariDataSource.java]getConnection(110) : HikariPool-1 - Starting...
2023-05-03 16:26:42 [INFO ] [HikariDataSource.java]getConnection(123) : HikariPool-1 - Start completed.
2023-05-03 16:29:56 [INFO ] [HikariDataSource.java]close(350) : HikariPool-1 - Shutdown initiated...
2023-05-03 16:29:56 [INFO ] [HikariDataSource.java]close(352) : HikariPool-1 - Shutdown completed.
2023-05-03 16:30:03 [INFO ] [StartupInfoLogger.java]logStarting(55) : Starting mainApplication on DESKTOP-RILCUD6 with PID 15176 (D:\project\managemnet\build\classes\java\main started by user in D:\project\managemnet)
2023-05-03 16:30:03 [INFO ] [SpringApplication.java]logStartupProfileInfo(651) : No active profile set, falling back to default profiles: default
2023-05-03 16:30:07 [WARN ] [TransformerFactoryUtils.java]defaultSettings(62) : http://javax.xml.XMLConstants/property/accessExternalDTD property not supported by org.apache.xalan.processor.TransformerFactoryImpl
2023-05-03 16:30:07 [WARN ] [TransformerFactoryUtils.java]defaultSettings(70) : http://javax.xml.XMLConstants/property/accessExternalStylesheet property not supported by org.apache.xalan.processor.TransformerFactoryImpl
2023-05-03 16:30:07 [INFO ] [StartupInfoLogger.java]logStarted(61) : Started mainApplication in 4.859 seconds (JVM running for 6.886)
2023-05-03 16:30:11 [WARN ] [HikariConfig.java]validateNumerics(1009) : HikariPool-1 - idleTimeout has been set but has no effect because the pool is operating as a fixed size pool.
2023-05-03 16:30:11 [INFO ] [HikariDataSource.java]getConnection(110) : HikariPool-1 - Starting...
2023-05-03 16:30:12 [INFO ] [HikariDataSource.java]getConnection(123) : HikariPool-1 - Start completed.
2023-05-03 17:03:17 [INFO ] [HikariDataSource.java]close(350) : HikariPool-1 - Shutdown initiated...
2023-05-03 17:03:17 [INFO ] [HikariDataSource.java]close(352) : HikariPool-1 - Shutdown completed.
2023-05-03 17:03:26 [INFO ] [StartupInfoLogger.java]logStarting(55) : Starting mainApplication on DESKTOP-RILCUD6 with PID 13876 (D:\project\managemnet\build\classes\java\main started by user in D:\project\managemnet)
2023-05-03 17:03:26 [INFO ] [SpringApplication.java]logStartupProfileInfo(651) : No active profile set, falling back to default profiles: default
2023-05-03 17:03:27 [WARN ] [TransformerFactoryUtils.java]defaultSettings(62) : http://javax.xml.XMLConstants/property/accessExternalDTD property not supported by org.apache.xalan.processor.TransformerFactoryImpl
2023-05-03 17:03:27 [WARN ] [TransformerFactoryUtils.java]defaultSettings(70) : http://javax.xml.XMLConstants/property/accessExternalStylesheet property not supported by org.apache.xalan.processor.TransformerFactoryImpl
2023-05-03 17:03:28 [INFO ] [StartupInfoLogger.java]logStarted(61) : Started mainApplication in 1.872 seconds (JVM running for 2.514)
2023-05-03 17:03:37 [WARN ] [HikariConfig.java]validateNumerics(1009) : HikariPool-1 - idleTimeout has been set but has no effect because the pool is operating as a fixed size pool.
2023-05-03 17:03:37 [INFO ] [HikariDataSource.java]getConnection(110) : HikariPool-1 - Starting...
2023-05-03 17:03:37 [INFO ] [HikariDataSource.java]getConnection(123) : HikariPool-1 - Start completed.
2023-05-03 17:11:37 [INFO ] [HikariDataSource.java]close(350) : HikariPool-1 - Shutdown initiated...
2023-05-03 17:11:37 [INFO ] [HikariDataSource.java]close(352) : HikariPool-1 - Shutdown completed.
2023-05-03 17:11:42 [INFO ] [StartupInfoLogger.java]logStarting(55) : Starting mainApplication on DESKTOP-RILCUD6 with PID 18292 (D:\project\managemnet\build\classes\java\main started by user in D:\project\managemnet)
2023-05-03 17:11:42 [INFO ] [SpringApplication.java]logStartupProfileInfo(651) : No active profile set, falling back to default profiles: default
2023-05-03 17:11:44 [WARN ] [TransformerFactoryUtils.java]defaultSettings(62) : http://javax.xml.XMLConstants/property/accessExternalDTD property not supported by org.apache.xalan.processor.TransformerFactoryImpl
2023-05-03 17:11:44 [WARN ] [TransformerFactoryUtils.java]defaultSettings(70) : http://javax.xml.XMLConstants/property/accessExternalStylesheet property not supported by org.apache.xalan.processor.TransformerFactoryImpl
2023-05-03 17:11:44 [INFO ] [StartupInfoLogger.java]logStarted(61) : Started mainApplication in 2.286 seconds (JVM running for 3.047)
2023-05-03 17:11:56 [WARN ] [HikariConfig.java]validateNumerics(1009) : HikariPool-1 - idleTimeout has been set but has no effect because the pool is operating as a fixed size pool.
2023-05-03 17:11:56 [INFO ] [HikariDataSource.java]getConnection(110) : HikariPool-1 - Starting...
2023-05-03 17:11:56 [INFO ] [HikariDataSource.java]getConnection(123) : HikariPool-1 - Start completed.
2023-05-03 17:14:52 [INFO ] [HikariDataSource.java]close(350) : HikariPool-1 - Shutdown initiated...
2023-05-03 17:14:52 [INFO ] [HikariDataSource.java]close(352) : HikariPool-1 - Shutdown completed.
2023-05-03 17:14:59 [INFO ] [StartupInfoLogger.java]logStarting(55) : Starting mainApplication on DESKTOP-RILCUD6 with PID 19236 (D:\project\managemnet\build\classes\java\main started by user in D:\project\managemnet)
2023-05-03 17:14:59 [INFO ] [SpringApplication.java]logStartupProfileInfo(651) : No active profile set, falling back to default profiles: default
2023-05-03 17:15:00 [WARN ] [TransformerFactoryUtils.java]defaultSettings(62) : http://javax.xml.XMLConstants/property/accessExternalDTD property not supported by org.apache.xalan.processor.TransformerFactoryImpl
2023-05-03 17:15:00 [WARN ] [TransformerFactoryUtils.java]defaultSettings(70) : http://javax.xml.XMLConstants/property/accessExternalStylesheet property not supported by org.apache.xalan.processor.TransformerFactoryImpl
2023-05-03 17:15:00 [INFO ] [StartupInfoLogger.java]logStarted(61) : Started mainApplication in 1.789 seconds (JVM running for 2.448)
2023-05-03 17:15:28 [WARN ] [HikariConfig.java]validateNumerics(1009) : HikariPool-1 - idleTimeout has been set but has no effect because the pool is operating as a fixed size pool.
2023-05-03 17:15:28 [INFO ] [HikariDataSource.java]getConnection(110) : HikariPool-1 - Starting...
2023-05-03 17:15:28 [INFO ] [HikariDataSource.java]getConnection(123) : HikariPool-1 - Start completed.
2023-05-03 17:16:18 [INFO ] [HikariDataSource.java]close(350) : HikariPool-1 - Shutdown initiated...
2023-05-03 17:16:18 [INFO ] [HikariDataSource.java]close(352) : HikariPool-1 - Shutdown completed.
2023-05-03 17:16:22 [INFO ] [StartupInfoLogger.java]logStarting(55) : Starting mainApplication on DESKTOP-RILCUD6 with PID 8692 (D:\project\managemnet\build\classes\java\main started by user in D:\project\managemnet)
2023-05-03 17:16:22 [INFO ] [SpringApplication.java]logStartupProfileInfo(651) : No active profile set, falling back to default profiles: default
2023-05-03 17:16:23 [WARN ] [TransformerFactoryUtils.java]defaultSettings(62) : http://javax.xml.XMLConstants/property/accessExternalDTD property not supported by org.apache.xalan.processor.TransformerFactoryImpl
2023-05-03 17:16:23 [WARN ] [TransformerFactoryUtils.java]defaultSettings(70) : http://javax.xml.XMLConstants/property/accessExternalStylesheet property not supported by org.apache.xalan.processor.TransformerFactoryImpl
2023-05-03 17:16:23 [INFO ] [StartupInfoLogger.java]logStarted(61) : Started mainApplication in 1.84 seconds (JVM running for 2.554)
2023-05-03 17:16:29 [WARN ] [HikariConfig.java]validateNumerics(1009) : HikariPool-1 - idleTimeout has been set but has no effect because the pool is operating as a fixed size pool.
2023-05-03 17:16:29 [INFO ] [HikariDataSource.java]getConnection(110) : HikariPool-1 - Starting...
2023-05-03 17:16:29 [INFO ] [HikariDataSource.java]getConnection(123) : HikariPool-1 - Start completed.
2023-05-03 17:18:51 [INFO ] [HikariDataSource.java]close(350) : HikariPool-1 - Shutdown initiated...
2023-05-03 17:18:51 [INFO ] [HikariDataSource.java]close(352) : HikariPool-1 - Shutdown completed.
2023-05-03 17:18:55 [INFO ] [StartupInfoLogger.java]logStarting(55) : Starting mainApplication on DESKTOP-RILCUD6 with PID 18344 (D:\project\managemnet\build\classes\java\main started by user in D:\project\managemnet)
2023-05-03 17:18:55 [INFO ] [SpringApplication.java]logStartupProfileInfo(651) : No active profile set, falling back to default profiles: default
2023-05-03 17:18:56 [WARN ] [TransformerFactoryUtils.java]defaultSettings(62) : http://javax.xml.XMLConstants/property/accessExternalDTD property not supported by org.apache.xalan.processor.TransformerFactoryImpl
2023-05-03 17:18:56 [WARN ] [TransformerFactoryUtils.java]defaultSettings(70) : http://javax.xml.XMLConstants/property/accessExternalStylesheet property not supported by org.apache.xalan.processor.TransformerFactoryImpl
2023-05-03 17:18:56 [INFO ] [StartupInfoLogger.java]logStarted(61) : Started mainApplication in 1.731 seconds (JVM running for 2.351)
2023-05-03 17:19:17 [INFO ] [StartupInfoLogger.java]logStarting(55) : Starting mainApplication on DESKTOP-RILCUD6 with PID 21116 (D:\project\managemnet\build\classes\java\main started by user in D:\project\managemnet)
2023-05-03 17:19:17 [INFO ] [SpringApplication.java]logStartupProfileInfo(651) : No active profile set, falling back to default profiles: default
2023-05-03 17:19:18 [WARN ] [TransformerFactoryUtils.java]defaultSettings(62) : http://javax.xml.XMLConstants/property/accessExternalDTD property not supported by org.apache.xalan.processor.TransformerFactoryImpl
2023-05-03 17:19:18 [WARN ] [TransformerFactoryUtils.java]defaultSettings(70) : http://javax.xml.XMLConstants/property/accessExternalStylesheet property not supported by org.apache.xalan.processor.TransformerFactoryImpl
2023-05-03 17:19:18 [INFO ] [StartupInfoLogger.java]logStarted(61) : Started mainApplication in 1.784 seconds (JVM running for 2.403)
2023-05-03 17:19:35 [WARN ] [HikariConfig.java]validateNumerics(1009) : HikariPool-1 - idleTimeout has been set but has no effect because the pool is operating as a fixed size pool.
2023-05-03 17:19:35 [INFO ] [HikariDataSource.java]getConnection(110) : HikariPool-1 - Starting...
2023-05-03 17:19:35 [INFO ] [HikariDataSource.java]getConnection(123) : HikariPool-1 - Start completed.
2023-05-03 17:24:17 [INFO ] [HikariDataSource.java]close(350) : HikariPool-1 - Shutdown initiated...
2023-05-03 17:24:17 [INFO ] [HikariDataSource.java]close(352) : HikariPool-1 - Shutdown completed.
2023-05-03 17:24:21 [INFO ] [StartupInfoLogger.java]logStarting(55) : Starting mainApplication on DESKTOP-RILCUD6 with PID 22876 (D:\project\managemnet\build\classes\java\main started by user in D:\project\managemnet)
2023-05-03 17:24:21 [INFO ] [SpringApplication.java]logStartupProfileInfo(651) : No active profile set, falling back to default profiles: default
2023-05-03 17:24:23 [WARN ] [TransformerFactoryUtils.java]defaultSettings(62) : http://javax.xml.XMLConstants/property/accessExternalDTD property not supported by org.apache.xalan.processor.TransformerFactoryImpl
2023-05-03 17:24:23 [WARN ] [TransformerFactoryUtils.java]defaultSettings(70) : http://javax.xml.XMLConstants/property/accessExternalStylesheet property not supported by org.apache.xalan.processor.TransformerFactoryImpl
2023-05-03 17:24:23 [INFO ] [StartupInfoLogger.java]logStarted(61) : Started mainApplication in 1.885 seconds (JVM running for 3.282)
2023-05-03 17:24:24 [WARN ] [HikariConfig.java]validateNumerics(1009) : HikariPool-1 - idleTimeout has been set but has no effect because the pool is operating as a fixed size pool.
2023-05-03 17:24:24 [INFO ] [HikariDataSource.java]getConnection(110) : HikariPool-1 - Starting...
2023-05-03 17:24:25 [INFO ] [HikariDataSource.java]getConnection(123) : HikariPool-1 - Start completed.
2023-05-03 17:25:24 [INFO ] [HikariDataSource.java]close(350) : HikariPool-1 - Shutdown initiated...
2023-05-03 17:25:24 [INFO ] [HikariDataSource.java]close(352) : HikariPool-1 - Shutdown completed.
2023-05-03 17:25:27 [INFO ] [StartupInfoLogger.java]logStarting(55) : Starting mainApplication on DESKTOP-RILCUD6 with PID 27032 (D:\project\managemnet\build\classes\java\main started by user in D:\project\managemnet)
2023-05-03 17:25:27 [INFO ] [SpringApplication.java]logStartupProfileInfo(651) : No active profile set, falling back to default profiles: default
2023-05-03 17:25:28 [WARN ] [TransformerFactoryUtils.java]defaultSettings(62) : http://javax.xml.XMLConstants/property/accessExternalDTD property not supported by org.apache.xalan.processor.TransformerFactoryImpl
2023-05-03 17:25:28 [WARN ] [TransformerFactoryUtils.java]defaultSettings(70) : http://javax.xml.XMLConstants/property/accessExternalStylesheet property not supported by org.apache.xalan.processor.TransformerFactoryImpl
2023-05-03 17:25:28 [INFO ] [StartupInfoLogger.java]logStarted(61) : Started mainApplication in 1.803 seconds (JVM running for 2.42)
2023-05-03 17:25:43 [WARN ] [HikariConfig.java]validateNumerics(1009) : HikariPool-1 - idleTimeout has been set but has no effect because the pool is operating as a fixed size pool.
2023-05-03 17:25:43 [INFO ] [HikariDataSource.java]getConnection(110) : HikariPool-1 - Starting...
2023-05-03 17:25:43 [INFO ] [HikariDataSource.java]getConnection(123) : HikariPool-1 - Start completed.
2023-05-03 17:28:43 [WARN ] [AbstractHandlerExceptionResolver.java]logException(199) : Resolved [org.springframework.validation.BindException: org.springframework.validation.BeanPropertyBindingResult: 2 errors
Field error in object 'SYS_LOC_CD' on field 'move_qty': rejected value [ㅁㄴㅇ]; codes [typeMismatch.SYS_LOC_CD.move_qty,typeMismatch.move_qty,typeMismatch.int,typeMismatch]; arguments [org.springframework.context.support.DefaultMessageSourceResolvable: codes [SYS_LOC_CD.move_qty,move_qty]; arguments []; default message [move_qty]]; default message [Failed to convert property value of type 'java.lang.String' to required type 'int' for property 'move_qty'; nested exception is java.lang.NumberFormatException: For input string: "ㅁㄴㅇ"]
Field error in object 'SYS_LOC_CD' on field 'stock_lqty': rejected value [ㅁㄴㅇ]; codes [typeMismatch.SYS_LOC_CD.stock_lqty,typeMismatch.stock_lqty,typeMismatch.int,typeMismatch]; arguments [org.springframework.context.support.DefaultMessageSourceResolvable: codes [SYS_LOC_CD.stock_lqty,stock_lqty]; arguments []; default message [stock_lqty]]; default message [Failed to convert property value of type 'java.lang.String' to required type 'int' for property 'stock_lqty'; nested exception is java.lang.NumberFormatException: For input string: "ㅁㄴㅇ"]]
2023-05-03 17:31:39 [INFO ] [HikariDataSource.java]close(350) : HikariPool-1 - Shutdown initiated...
2023-05-03 17:31:39 [INFO ] [HikariDataSource.java]close(352) : HikariPool-1 - Shutdown completed.
2023-05-03 17:31:42 [INFO ] [StartupInfoLogger.java]logStarting(55) : Starting mainApplication on DESKTOP-RILCUD6 with PID 12016 (D:\project\managemnet\build\classes\java\main started by user in D:\project\managemnet)
2023-05-03 17:31:42 [INFO ] [SpringApplication.java]logStartupProfileInfo(651) : No active profile set, falling back to default profiles: default
2023-05-03 17:31:44 [WARN ] [TransformerFactoryUtils.java]defaultSettings(62) : http://javax.xml.XMLConstants/property/accessExternalDTD property not supported by org.apache.xalan.processor.TransformerFactoryImpl
2023-05-03 17:31:44 [WARN ] [TransformerFactoryUtils.java]defaultSettings(70) : http://javax.xml.XMLConstants/property/accessExternalStylesheet property not supported by org.apache.xalan.processor.TransformerFactoryImpl
2023-05-03 17:31:44 [INFO ] [StartupInfoLogger.java]logStarted(61) : Started mainApplication in 1.81 seconds (JVM running for 2.451)
2023-05-03 17:31:51 [WARN ] [HikariConfig.java]validateNumerics(1009) : HikariPool-1 - idleTimeout has been set but has no effect because the pool is operating as a fixed size pool.
2023-05-03 17:31:51 [INFO ] [HikariDataSource.java]getConnection(110) : HikariPool-1 - Starting...
2023-05-03 17:31:52 [INFO ] [HikariDataSource.java]getConnection(123) : HikariPool-1 - Start completed.
2023-05-03 17:55:40 [WARN ] [HikariPool.java]run(787) : HikariPool-1 - Thread starvation or clock leap detected (housekeeper delta=7m17s950ms743µs800ns).
2023-05-03 17:55:48 [INFO ] [HikariDataSource.java]close(350) : HikariPool-1 - Shutdown initiated...
2023-05-03 17:55:48 [INFO ] [HikariDataSource.java]close(352) : HikariPool-1 - Shutdown completed.
