2023-05-09 09:02:27 [INFO ] [StartupInfoLogger.java]logStarting(55) : Starting mainApplication on DESKTOP-RILCUD6 with PID 632 (D:\project\managemnet\build\classes\java\main started by user in D:\project\managemnet)
2023-05-09 09:02:27 [INFO ] [SpringApplication.java]logStartupProfileInfo(651) : No active profile set, falling back to default profiles: default
2023-05-09 09:02:29 [WARN ] [TransformerFactoryUtils.java]defaultSettings(62) : http://javax.xml.XMLConstants/property/accessExternalDTD property not supported by org.apache.xalan.processor.TransformerFactoryImpl
2023-05-09 09:02:29 [WARN ] [TransformerFactoryUtils.java]defaultSettings(70) : http://javax.xml.XMLConstants/property/accessExternalStylesheet property not supported by org.apache.xalan.processor.TransformerFactoryImpl
2023-05-09 09:02:29 [INFO ] [StartupInfoLogger.java]logStarted(61) : Started mainApplication in 2.289 seconds (JVM running for 6.371)
2023-05-09 09:02:48 [WARN ] [HikariConfig.java]validateNumerics(1009) : HikariPool-1 - idleTimeout has been set but has no effect because the pool is operating as a fixed size pool.
2023-05-09 09:02:48 [INFO ] [HikariDataSource.java]getConnection(110) : HikariPool-1 - Starting...
2023-05-09 09:02:48 [INFO ] [HikariDataSource.java]getConnection(123) : HikariPool-1 - Start completed.
2023-05-09 09:08:15 [INFO ] [HikariDataSource.java]close(350) : HikariPool-1 - Shutdown initiated...
2023-05-09 09:08:15 [INFO ] [HikariDataSource.java]close(352) : HikariPool-1 - Shutdown completed.
2023-05-09 09:08:19 [INFO ] [StartupInfoLogger.java]logStarting(55) : Starting mainApplication on DESKTOP-RILCUD6 with PID 7600 (D:\project\managemnet\build\classes\java\main started by user in D:\project\managemnet)
2023-05-09 09:08:19 [INFO ] [SpringApplication.java]logStartupProfileInfo(651) : No active profile set, falling back to default profiles: default
2023-05-09 09:08:21 [WARN ] [TransformerFactoryUtils.java]defaultSettings(62) : http://javax.xml.XMLConstants/property/accessExternalDTD property not supported by org.apache.xalan.processor.TransformerFactoryImpl
2023-05-09 09:08:21 [WARN ] [TransformerFactoryUtils.java]defaultSettings(70) : http://javax.xml.XMLConstants/property/accessExternalStylesheet property not supported by org.apache.xalan.processor.TransformerFactoryImpl
2023-05-09 09:08:21 [INFO ] [StartupInfoLogger.java]logStarted(61) : Started mainApplication in 2.137 seconds (JVM running for 2.825)
2023-05-09 09:08:30 [WARN ] [HikariConfig.java]validateNumerics(1009) : HikariPool-1 - idleTimeout has been set but has no effect because the pool is operating as a fixed size pool.
2023-05-09 09:08:30 [INFO ] [HikariDataSource.java]getConnection(110) : HikariPool-1 - Starting...
2023-05-09 09:08:30 [INFO ] [HikariDataSource.java]getConnection(123) : HikariPool-1 - Start completed.
2023-05-09 09:14:40 [INFO ] [HikariDataSource.java]close(350) : HikariPool-1 - Shutdown initiated...
2023-05-09 09:14:40 [INFO ] [HikariDataSource.java]close(352) : HikariPool-1 - Shutdown completed.
2023-05-09 09:14:45 [INFO ] [StartupInfoLogger.java]logStarting(55) : Starting mainApplication on DESKTOP-RILCUD6 with PID 2664 (D:\project\managemnet\build\classes\java\main started by user in D:\project\managemnet)
2023-05-09 09:14:45 [INFO ] [SpringApplication.java]logStartupProfileInfo(651) : No active profile set, falling back to default profiles: default
2023-05-09 09:14:46 [WARN ] [TransformerFactoryUtils.java]defaultSettings(62) : http://javax.xml.XMLConstants/property/accessExternalDTD property not supported by org.apache.xalan.processor.TransformerFactoryImpl
2023-05-09 09:14:46 [WARN ] [TransformerFactoryUtils.java]defaultSettings(70) : http://javax.xml.XMLConstants/property/accessExternalStylesheet property not supported by org.apache.xalan.processor.TransformerFactoryImpl
2023-05-09 09:14:46 [INFO ] [StartupInfoLogger.java]logStarted(61) : Started mainApplication in 1.81 seconds (JVM running for 2.477)
2023-05-09 09:14:51 [WARN ] [HikariConfig.java]validateNumerics(1009) : HikariPool-1 - idleTimeout has been set but has no effect because the pool is operating as a fixed size pool.
2023-05-09 09:14:51 [INFO ] [HikariDataSource.java]getConnection(110) : HikariPool-1 - Starting...
2023-05-09 09:14:51 [INFO ] [HikariDataSource.java]getConnection(123) : HikariPool-1 - Start completed.
2023-05-09 10:01:14 [INFO ] [HikariDataSource.java]close(350) : HikariPool-1 - Shutdown initiated...
2023-05-09 10:01:14 [INFO ] [HikariDataSource.java]close(352) : HikariPool-1 - Shutdown completed.
2023-05-09 10:01:17 [INFO ] [StartupInfoLogger.java]logStarting(55) : Starting mainApplication on DESKTOP-RILCUD6 with PID 484 (D:\project\managemnet\build\classes\java\main started by user in D:\project\managemnet)
2023-05-09 10:01:17 [INFO ] [SpringApplication.java]logStartupProfileInfo(651) : No active profile set, falling back to default profiles: default
2023-05-09 10:01:18 [WARN ] [TransformerFactoryUtils.java]defaultSettings(62) : http://javax.xml.XMLConstants/property/accessExternalDTD property not supported by org.apache.xalan.processor.TransformerFactoryImpl
2023-05-09 10:01:18 [WARN ] [TransformerFactoryUtils.java]defaultSettings(70) : http://javax.xml.XMLConstants/property/accessExternalStylesheet property not supported by org.apache.xalan.processor.TransformerFactoryImpl
2023-05-09 10:01:18 [INFO ] [StartupInfoLogger.java]logStarted(61) : Started mainApplication in 1.93 seconds (JVM running for 2.576)
2023-05-09 10:01:23 [WARN ] [HikariConfig.java]validateNumerics(1009) : HikariPool-1 - idleTimeout has been set but has no effect because the pool is operating as a fixed size pool.
2023-05-09 10:01:23 [INFO ] [HikariDataSource.java]getConnection(110) : HikariPool-1 - Starting...
2023-05-09 10:01:24 [INFO ] [HikariDataSource.java]getConnection(123) : HikariPool-1 - Start completed.
2023-05-09 10:02:08 [INFO ] [HikariDataSource.java]close(350) : HikariPool-1 - Shutdown initiated...
2023-05-09 10:02:08 [INFO ] [HikariDataSource.java]close(352) : HikariPool-1 - Shutdown completed.
2023-05-09 10:02:13 [INFO ] [StartupInfoLogger.java]logStarting(55) : Starting mainApplication on DESKTOP-RILCUD6 with PID 23628 (D:\project\managemnet\build\classes\java\main started by user in D:\project\managemnet)
2023-05-09 10:02:13 [INFO ] [SpringApplication.java]logStartupProfileInfo(651) : No active profile set, falling back to default profiles: default
2023-05-09 10:02:15 [WARN ] [TransformerFactoryUtils.java]defaultSettings(62) : http://javax.xml.XMLConstants/property/accessExternalDTD property not supported by org.apache.xalan.processor.TransformerFactoryImpl
2023-05-09 10:02:15 [WARN ] [TransformerFactoryUtils.java]defaultSettings(70) : http://javax.xml.XMLConstants/property/accessExternalStylesheet property not supported by org.apache.xalan.processor.TransformerFactoryImpl
2023-05-09 10:02:15 [INFO ] [StartupInfoLogger.java]logStarted(61) : Started mainApplication in 2.049 seconds (JVM running for 2.87)
2023-05-09 10:02:20 [WARN ] [HikariConfig.java]validateNumerics(1009) : HikariPool-1 - idleTimeout has been set but has no effect because the pool is operating as a fixed size pool.
2023-05-09 10:02:20 [INFO ] [HikariDataSource.java]getConnection(110) : HikariPool-1 - Starting...
2023-05-09 10:02:21 [INFO ] [HikariDataSource.java]getConnection(123) : HikariPool-1 - Start completed.
2023-05-09 10:02:39 [INFO ] [HikariDataSource.java]close(350) : HikariPool-1 - Shutdown initiated...
2023-05-09 10:02:39 [INFO ] [HikariDataSource.java]close(352) : HikariPool-1 - Shutdown completed.
2023-05-09 10:02:44 [INFO ] [StartupInfoLogger.java]logStarting(55) : Starting mainApplication on DESKTOP-RILCUD6 with PID 19196 (D:\project\managemnet\build\classes\java\main started by user in D:\project\managemnet)
2023-05-09 10:02:44 [INFO ] [SpringApplication.java]logStartupProfileInfo(651) : No active profile set, falling back to default profiles: default
2023-05-09 10:02:45 [WARN ] [TransformerFactoryUtils.java]defaultSettings(62) : http://javax.xml.XMLConstants/property/accessExternalDTD property not supported by org.apache.xalan.processor.TransformerFactoryImpl
2023-05-09 10:02:45 [WARN ] [TransformerFactoryUtils.java]defaultSettings(70) : http://javax.xml.XMLConstants/property/accessExternalStylesheet property not supported by org.apache.xalan.processor.TransformerFactoryImpl
2023-05-09 10:02:45 [INFO ] [StartupInfoLogger.java]logStarted(61) : Started mainApplication in 1.823 seconds (JVM running for 2.479)
2023-05-09 10:02:47 [WARN ] [HikariConfig.java]validateNumerics(1009) : HikariPool-1 - idleTimeout has been set but has no effect because the pool is operating as a fixed size pool.
2023-05-09 10:02:47 [INFO ] [HikariDataSource.java]getConnection(110) : HikariPool-1 - Starting...
2023-05-09 10:02:47 [INFO ] [HikariDataSource.java]getConnection(123) : HikariPool-1 - Start completed.
2023-05-09 10:09:41 [INFO ] [HikariDataSource.java]close(350) : HikariPool-1 - Shutdown initiated...
2023-05-09 10:09:41 [INFO ] [HikariDataSource.java]close(352) : HikariPool-1 - Shutdown completed.
2023-05-09 10:09:48 [INFO ] [StartupInfoLogger.java]logStarting(55) : Starting mainApplication on DESKTOP-RILCUD6 with PID 26916 (D:\project\managemnet\build\classes\java\main started by user in D:\project\managemnet)
2023-05-09 10:09:48 [INFO ] [SpringApplication.java]logStartupProfileInfo(651) : No active profile set, falling back to default profiles: default
2023-05-09 10:09:50 [WARN ] [TransformerFactoryUtils.java]defaultSettings(62) : http://javax.xml.XMLConstants/property/accessExternalDTD property not supported by org.apache.xalan.processor.TransformerFactoryImpl
2023-05-09 10:09:50 [WARN ] [TransformerFactoryUtils.java]defaultSettings(70) : http://javax.xml.XMLConstants/property/accessExternalStylesheet property not supported by org.apache.xalan.processor.TransformerFactoryImpl
2023-05-09 10:09:50 [INFO ] [StartupInfoLogger.java]logStarted(61) : Started mainApplication in 2.326 seconds (JVM running for 3.056)
2023-05-09 10:09:50 [WARN ] [HikariConfig.java]validateNumerics(1009) : HikariPool-1 - idleTimeout has been set but has no effect because the pool is operating as a fixed size pool.
2023-05-09 10:09:50 [INFO ] [HikariDataSource.java]getConnection(110) : HikariPool-1 - Starting...
2023-05-09 10:09:50 [INFO ] [HikariDataSource.java]getConnection(123) : HikariPool-1 - Start completed.
2023-05-09 10:23:40 [INFO ] [HikariDataSource.java]close(350) : HikariPool-1 - Shutdown initiated...
2023-05-09 10:23:40 [INFO ] [HikariDataSource.java]close(352) : HikariPool-1 - Shutdown completed.
2023-05-09 10:23:51 [INFO ] [StartupInfoLogger.java]logStarting(55) : Starting mainApplication on DESKTOP-RILCUD6 with PID 27444 (D:\project\managemnet\build\classes\java\main started by user in D:\project\managemnet)
2023-05-09 10:23:51 [INFO ] [SpringApplication.java]logStartupProfileInfo(651) : No active profile set, falling back to default profiles: default
2023-05-09 10:23:53 [WARN ] [TransformerFactoryUtils.java]defaultSettings(62) : http://javax.xml.XMLConstants/property/accessExternalDTD property not supported by org.apache.xalan.processor.TransformerFactoryImpl
2023-05-09 10:23:53 [WARN ] [TransformerFactoryUtils.java]defaultSettings(70) : http://javax.xml.XMLConstants/property/accessExternalStylesheet property not supported by org.apache.xalan.processor.TransformerFactoryImpl
2023-05-09 10:23:53 [INFO ] [StartupInfoLogger.java]logStarted(61) : Started mainApplication in 1.893 seconds (JVM running for 2.571)
2023-05-09 10:24:29 [WARN ] [HikariConfig.java]validateNumerics(1009) : HikariPool-1 - idleTimeout has been set but has no effect because the pool is operating as a fixed size pool.
2023-05-09 10:24:29 [INFO ] [HikariDataSource.java]getConnection(110) : HikariPool-1 - Starting...
2023-05-09 10:24:29 [INFO ] [HikariDataSource.java]getConnection(123) : HikariPool-1 - Start completed.
2023-05-09 10:26:59 [INFO ] [HikariDataSource.java]close(350) : HikariPool-1 - Shutdown initiated...
2023-05-09 10:26:59 [INFO ] [HikariDataSource.java]close(352) : HikariPool-1 - Shutdown completed.
2023-05-09 10:27:03 [INFO ] [StartupInfoLogger.java]logStarting(55) : Starting mainApplication on DESKTOP-RILCUD6 with PID 9268 (D:\project\managemnet\build\classes\java\main started by user in D:\project\managemnet)
2023-05-09 10:27:03 [INFO ] [SpringApplication.java]logStartupProfileInfo(651) : No active profile set, falling back to default profiles: default
2023-05-09 10:27:05 [WARN ] [TransformerFactoryUtils.java]defaultSettings(62) : http://javax.xml.XMLConstants/property/accessExternalDTD property not supported by org.apache.xalan.processor.TransformerFactoryImpl
2023-05-09 10:27:05 [WARN ] [TransformerFactoryUtils.java]defaultSettings(70) : http://javax.xml.XMLConstants/property/accessExternalStylesheet property not supported by org.apache.xalan.processor.TransformerFactoryImpl
2023-05-09 10:27:05 [INFO ] [StartupInfoLogger.java]logStarted(61) : Started mainApplication in 2.154 seconds (JVM running for 2.766)
2023-05-09 10:27:11 [WARN ] [HikariConfig.java]validateNumerics(1009) : HikariPool-1 - idleTimeout has been set but has no effect because the pool is operating as a fixed size pool.
2023-05-09 10:27:11 [INFO ] [HikariDataSource.java]getConnection(110) : HikariPool-1 - Starting...
2023-05-09 10:27:11 [INFO ] [HikariDataSource.java]getConnection(123) : HikariPool-1 - Start completed.
2023-05-09 11:05:25 [ERROR] [DirectJDKLog.java]log(175) : Servlet.service() for servlet [dispatcherServlet] in context with path [] threw exception [Request processing failed; nested exception is org.springframework.dao.DuplicateKeyException: 
### Error querying database.  Cause: com.microsoft.sqlserver.jdbc.SQLServerException: PRIMARY KEY 제약 조건 'PK__SYS_LOC___B2182331549F7B15'을(를) 위반했습니다. 개체 'dbo.SYS_LOC_CD'에 중복 키를 삽입할 수 없습니다. 중복 키 값은 (L0060)입니다.
### The error may exist in file [D:\project\managemnet\build\resources\main\query\home\home_mapper.xml]
### The error may involve defaultParameterMap
### The error occurred while setting parameters
### SQL: EXEC SP_KDW_MANAGE_SAVE ?, ?, ?, ?,?,?,?, ?
### Cause: com.microsoft.sqlserver.jdbc.SQLServerException: PRIMARY KEY 제약 조건 'PK__SYS_LOC___B2182331549F7B15'을(를) 위반했습니다. 개체 'dbo.SYS_LOC_CD'에 중복 키를 삽입할 수 없습니다. 중복 키 값은 (L0060)입니다.
; PRIMARY KEY 제약 조건 'PK__SYS_LOC___B2182331549F7B15'을(를) 위반했습니다. 개체 'dbo.SYS_LOC_CD'에 중복 키를 삽입할 수 없습니다. 중복 키 값은 (L0060)입니다.; nested exception is com.microsoft.sqlserver.jdbc.SQLServerException: PRIMARY KEY 제약 조건 'PK__SYS_LOC___B2182331549F7B15'을(를) 위반했습니다. 개체 'dbo.SYS_LOC_CD'에 중복 키를 삽입할 수 없습니다. 중복 키 값은 (L0060)입니다.] with root cause
com.microsoft.sqlserver.jdbc.SQLServerException: PRIMARY KEY 제약 조건 'PK__SYS_LOC___B2182331549F7B15'을(를) 위반했습니다. 개체 'dbo.SYS_LOC_CD'에 중복 키를 삽입할 수 없습니다. 중복 키 값은 (L0060)입니다.
	at com.microsoft.sqlserver.jdbc.SQLServerException.makeFromDatabaseError(SQLServerException.java:262)
	at com.microsoft.sqlserver.jdbc.SQLServerStatement.getNextResult(SQLServerStatement.java:1624)
	at com.microsoft.sqlserver.jdbc.SQLServerPreparedStatement.doExecutePreparedStatement(SQLServerPreparedStatement.java:594)
	at com.microsoft.sqlserver.jdbc.SQLServerPreparedStatement$PrepStmtExecCmd.doExecute(SQLServerPreparedStatement.java:524)
	at com.microsoft.sqlserver.jdbc.TDSCommand.execute(IOBuffer.java:7194)
	at com.microsoft.sqlserver.jdbc.SQLServerConnection.executeCommand(SQLServerConnection.java:2979)
	at com.microsoft.sqlserver.jdbc.SQLServerStatement.executeCommand(SQLServerStatement.java:248)
	at com.microsoft.sqlserver.jdbc.SQLServerStatement.executeStatement(SQLServerStatement.java:223)
	at com.microsoft.sqlserver.jdbc.SQLServerPreparedStatement.execute(SQLServerPreparedStatement.java:505)
	at com.zaxxer.hikari.pool.ProxyPreparedStatement.execute(ProxyPreparedStatement.java:44)
	at com.zaxxer.hikari.pool.HikariProxyPreparedStatement.execute(HikariProxyPreparedStatement.java)
	at org.apache.ibatis.executor.statement.PreparedStatementHandler.query(PreparedStatementHandler.java:64)
	at org.apache.ibatis.executor.statement.RoutingStatementHandler.query(RoutingStatementHandler.java:79)
	at org.apache.ibatis.executor.SimpleExecutor.doQuery(SimpleExecutor.java:63)
	at org.apache.ibatis.executor.BaseExecutor.queryFromDatabase(BaseExecutor.java:324)
	at org.apache.ibatis.executor.BaseExecutor.query(BaseExecutor.java:156)
	at org.apache.ibatis.executor.CachingExecutor.query(CachingExecutor.java:109)
	at org.apache.ibatis.executor.CachingExecutor.query(CachingExecutor.java:83)
	at org.apache.ibatis.session.defaults.DefaultSqlSession.selectList(DefaultSqlSession.java:147)
	at org.apache.ibatis.session.defaults.DefaultSqlSession.selectList(DefaultSqlSession.java:140)
	at org.apache.ibatis.session.defaults.DefaultSqlSession.selectOne(DefaultSqlSession.java:76)
	at java.base/jdk.internal.reflect.NativeMethodAccessorImpl.invoke0(Native Method)
	at java.base/jdk.internal.reflect.NativeMethodAccessorImpl.invoke(NativeMethodAccessorImpl.java:62)
	at java.base/jdk.internal.reflect.DelegatingMethodAccessorImpl.invoke(DelegatingMethodAccessorImpl.java:43)
	at java.base/java.lang.reflect.Method.invoke(Method.java:566)
	at org.mybatis.spring.SqlSessionTemplate$SqlSessionInterceptor.invoke(SqlSessionTemplate.java:426)
	at com.sun.proxy.$Proxy70.selectOne(Unknown Source)
	at org.mybatis.spring.SqlSessionTemplate.selectOne(SqlSessionTemplate.java:159)
	at org.apache.ibatis.binding.MapperMethod.execute(MapperMethod.java:87)
	at org.apache.ibatis.binding.MapperProxy.invoke(MapperProxy.java:57)
	at com.sun.proxy.$Proxy71.insertall(Unknown Source)
	at java.base/jdk.internal.reflect.NativeMethodAccessorImpl.invoke0(Native Method)
	at java.base/jdk.internal.reflect.NativeMethodAccessorImpl.invoke(NativeMethodAccessorImpl.java:62)
	at java.base/jdk.internal.reflect.DelegatingMethodAccessorImpl.invoke(DelegatingMethodAccessorImpl.java:43)
	at java.base/java.lang.reflect.Method.invoke(Method.java:566)
	at org.springframework.aop.support.AopUtils.invokeJoinpointUsingReflection(AopUtils.java:344)
	at org.springframework.aop.framework.ReflectiveMethodInvocation.invokeJoinpoint(ReflectiveMethodInvocation.java:198)
	at org.springframework.aop.framework.ReflectiveMethodInvocation.proceed(ReflectiveMethodInvocation.java:163)
	at org.springframework.dao.support.PersistenceExceptionTranslationInterceptor.invoke(PersistenceExceptionTranslationInterceptor.java:139)
	at org.springframework.aop.framework.ReflectiveMethodInvocation.proceed(ReflectiveMethodInvocation.java:186)
	at org.springframework.aop.framework.JdkDynamicAopProxy.invoke(JdkDynamicAopProxy.java:212)
	at com.sun.proxy.$Proxy72.insertall(Unknown Source)
	at org.example.home.HomeService.insertall(HomeService.java:57)
	at org.example.home.HomeRestController.insertLoc(HomeRestController.java:58)
	at java.base/jdk.internal.reflect.NativeMethodAccessorImpl.invoke0(Native Method)
	at java.base/jdk.internal.reflect.NativeMethodAccessorImpl.invoke(NativeMethodAccessorImpl.java:62)
	at java.base/jdk.internal.reflect.DelegatingMethodAccessorImpl.invoke(DelegatingMethodAccessorImpl.java:43)
	at java.base/java.lang.reflect.Method.invoke(Method.java:566)
	at org.springframework.web.method.support.InvocableHandlerMethod.doInvoke(InvocableHandlerMethod.java:190)
	at org.springframework.web.method.support.InvocableHandlerMethod.invokeForRequest(InvocableHandlerMethod.java:138)
	at org.springframework.web.servlet.mvc.method.annotation.ServletInvocableHandlerMethod.invokeAndHandle(ServletInvocableHandlerMethod.java:106)
	at org.springframework.web.servlet.mvc.method.annotation.RequestMappingHandlerAdapter.invokeHandlerMethod(RequestMappingHandlerAdapter.java:888)
	at org.springframework.web.servlet.mvc.method.annotation.RequestMappingHandlerAdapter.handleInternal(RequestMappingHandlerAdapter.java:793)
	at org.springframework.web.servlet.mvc.method.AbstractHandlerMethodAdapter.handle(AbstractHandlerMethodAdapter.java:87)
	at org.springframework.web.servlet.DispatcherServlet.doDispatch(DispatcherServlet.java:1040)
	at org.springframework.web.servlet.DispatcherServlet.doService(DispatcherServlet.java:943)
	at org.springframework.web.servlet.FrameworkServlet.processRequest(FrameworkServlet.java:1006)
	at org.springframework.web.servlet.FrameworkServlet.doPost(FrameworkServlet.java:909)
	at javax.servlet.http.HttpServlet.service(HttpServlet.java:660)
	at org.springframework.web.servlet.FrameworkServlet.service(FrameworkServlet.java:883)
	at javax.servlet.http.HttpServlet.service(HttpServlet.java:741)
	at org.apache.catalina.core.ApplicationFilterChain.internalDoFilter(ApplicationFilterChain.java:231)
	at org.apache.catalina.core.ApplicationFilterChain.doFilter(ApplicationFilterChain.java:166)
	at org.apache.tomcat.websocket.server.WsFilter.doFilter(WsFilter.java:53)
	at org.apache.catalina.core.ApplicationFilterChain.internalDoFilter(ApplicationFilterChain.java:193)
	at org.apache.catalina.core.ApplicationFilterChain.doFilter(ApplicationFilterChain.java:166)
	at org.springframework.web.filter.RequestContextFilter.doFilterInternal(RequestContextFilter.java:100)
	at org.springframework.web.filter.OncePerRequestFilter.doFilter(OncePerRequestFilter.java:119)
	at org.apache.catalina.core.ApplicationFilterChain.internalDoFilter(ApplicationFilterChain.java:193)
	at org.apache.catalina.core.ApplicationFilterChain.doFilter(ApplicationFilterChain.java:166)
	at org.springframework.web.filter.FormContentFilter.doFilterInternal(FormContentFilter.java:93)
	at org.springframework.web.filter.OncePerRequestFilter.doFilter(OncePerRequestFilter.java:119)
	at org.apache.catalina.core.ApplicationFilterChain.internalDoFilter(ApplicationFilterChain.java:193)
	at org.apache.catalina.core.ApplicationFilterChain.doFilter(ApplicationFilterChain.java:166)
	at org.springframework.web.filter.CharacterEncodingFilter.doFilterInternal(CharacterEncodingFilter.java:201)
	at org.springframework.web.filter.OncePerRequestFilter.doFilter(OncePerRequestFilter.java:119)
	at org.apache.catalina.core.ApplicationFilterChain.internalDoFilter(ApplicationFilterChain.java:193)
	at org.apache.catalina.core.ApplicationFilterChain.doFilter(ApplicationFilterChain.java:166)
	at org.apache.catalina.core.StandardWrapperValve.invoke(StandardWrapperValve.java:202)
	at org.apache.catalina.core.StandardContextValve.invoke(StandardContextValve.java:96)
	at org.apache.catalina.authenticator.AuthenticatorBase.invoke(AuthenticatorBase.java:526)
	at org.apache.catalina.core.StandardHostValve.invoke(StandardHostValve.java:139)
	at org.apache.catalina.valves.ErrorReportValve.invoke(ErrorReportValve.java:92)
	at org.apache.catalina.core.StandardEngineValve.invoke(StandardEngineValve.java:74)
	at org.apache.catalina.connector.CoyoteAdapter.service(CoyoteAdapter.java:343)
	at org.apache.coyote.http11.Http11Processor.service(Http11Processor.java:408)
	at org.apache.coyote.AbstractProcessorLight.process(AbstractProcessorLight.java:66)
	at org.apache.coyote.AbstractProtocol$ConnectionHandler.process(AbstractProtocol.java:861)
	at org.apache.tomcat.util.net.NioEndpoint$SocketProcessor.doRun(NioEndpoint.java:1579)
	at org.apache.tomcat.util.net.SocketProcessorBase.run(SocketProcessorBase.java:49)
	at java.base/java.util.concurrent.ThreadPoolExecutor.runWorker(ThreadPoolExecutor.java:1128)
	at java.base/java.util.concurrent.ThreadPoolExecutor$Worker.run(ThreadPoolExecutor.java:628)
	at org.apache.tomcat.util.threads.TaskThread$WrappingRunnable.run(TaskThread.java:61)
	at java.base/java.lang.Thread.run(Thread.java:829)
2023-05-09 11:07:36 [ERROR] [DirectJDKLog.java]log(175) : Servlet.service() for servlet [dispatcherServlet] in context with path [] threw exception [Request processing failed; nested exception is org.springframework.dao.DuplicateKeyException: 
### Error querying database.  Cause: com.microsoft.sqlserver.jdbc.SQLServerException: PRIMARY KEY 제약 조건 'PK__SYS_LOC___B2182331549F7B15'을(를) 위반했습니다. 개체 'dbo.SYS_LOC_CD'에 중복 키를 삽입할 수 없습니다. 중복 키 값은 (L0060)입니다.
### The error may exist in file [D:\project\managemnet\build\resources\main\query\home\home_mapper.xml]
### The error may involve defaultParameterMap
### The error occurred while setting parameters
### SQL: EXEC SP_KDW_MANAGE_SAVE ?, ?, ?, ?,?,?,?, ?
### Cause: com.microsoft.sqlserver.jdbc.SQLServerException: PRIMARY KEY 제약 조건 'PK__SYS_LOC___B2182331549F7B15'을(를) 위반했습니다. 개체 'dbo.SYS_LOC_CD'에 중복 키를 삽입할 수 없습니다. 중복 키 값은 (L0060)입니다.
; PRIMARY KEY 제약 조건 'PK__SYS_LOC___B2182331549F7B15'을(를) 위반했습니다. 개체 'dbo.SYS_LOC_CD'에 중복 키를 삽입할 수 없습니다. 중복 키 값은 (L0060)입니다.; nested exception is com.microsoft.sqlserver.jdbc.SQLServerException: PRIMARY KEY 제약 조건 'PK__SYS_LOC___B2182331549F7B15'을(를) 위반했습니다. 개체 'dbo.SYS_LOC_CD'에 중복 키를 삽입할 수 없습니다. 중복 키 값은 (L0060)입니다.] with root cause
com.microsoft.sqlserver.jdbc.SQLServerException: PRIMARY KEY 제약 조건 'PK__SYS_LOC___B2182331549F7B15'을(를) 위반했습니다. 개체 'dbo.SYS_LOC_CD'에 중복 키를 삽입할 수 없습니다. 중복 키 값은 (L0060)입니다.
	at com.microsoft.sqlserver.jdbc.SQLServerException.makeFromDatabaseError(SQLServerException.java:262)
	at com.microsoft.sqlserver.jdbc.SQLServerStatement.getNextResult(SQLServerStatement.java:1624)
	at com.microsoft.sqlserver.jdbc.SQLServerPreparedStatement.doExecutePreparedStatement(SQLServerPreparedStatement.java:594)
	at com.microsoft.sqlserver.jdbc.SQLServerPreparedStatement$PrepStmtExecCmd.doExecute(SQLServerPreparedStatement.java:524)
	at com.microsoft.sqlserver.jdbc.TDSCommand.execute(IOBuffer.java:7194)
	at com.microsoft.sqlserver.jdbc.SQLServerConnection.executeCommand(SQLServerConnection.java:2979)
	at com.microsoft.sqlserver.jdbc.SQLServerStatement.executeCommand(SQLServerStatement.java:248)
	at com.microsoft.sqlserver.jdbc.SQLServerStatement.executeStatement(SQLServerStatement.java:223)
	at com.microsoft.sqlserver.jdbc.SQLServerPreparedStatement.execute(SQLServerPreparedStatement.java:505)
	at com.zaxxer.hikari.pool.ProxyPreparedStatement.execute(ProxyPreparedStatement.java:44)
	at com.zaxxer.hikari.pool.HikariProxyPreparedStatement.execute(HikariProxyPreparedStatement.java)
	at org.apache.ibatis.executor.statement.PreparedStatementHandler.query(PreparedStatementHandler.java:64)
	at org.apache.ibatis.executor.statement.RoutingStatementHandler.query(RoutingStatementHandler.java:79)
	at org.apache.ibatis.executor.SimpleExecutor.doQuery(SimpleExecutor.java:63)
	at org.apache.ibatis.executor.BaseExecutor.queryFromDatabase(BaseExecutor.java:324)
	at org.apache.ibatis.executor.BaseExecutor.query(BaseExecutor.java:156)
	at org.apache.ibatis.executor.CachingExecutor.query(CachingExecutor.java:109)
	at org.apache.ibatis.executor.CachingExecutor.query(CachingExecutor.java:83)
	at org.apache.ibatis.session.defaults.DefaultSqlSession.selectList(DefaultSqlSession.java:147)
	at org.apache.ibatis.session.defaults.DefaultSqlSession.selectList(DefaultSqlSession.java:140)
	at org.apache.ibatis.session.defaults.DefaultSqlSession.selectOne(DefaultSqlSession.java:76)
	at java.base/jdk.internal.reflect.NativeMethodAccessorImpl.invoke0(Native Method)
	at java.base/jdk.internal.reflect.NativeMethodAccessorImpl.invoke(NativeMethodAccessorImpl.java:62)
	at java.base/jdk.internal.reflect.DelegatingMethodAccessorImpl.invoke(DelegatingMethodAccessorImpl.java:43)
	at java.base/java.lang.reflect.Method.invoke(Method.java:566)
	at org.mybatis.spring.SqlSessionTemplate$SqlSessionInterceptor.invoke(SqlSessionTemplate.java:426)
	at com.sun.proxy.$Proxy70.selectOne(Unknown Source)
	at org.mybatis.spring.SqlSessionTemplate.selectOne(SqlSessionTemplate.java:159)
	at org.apache.ibatis.binding.MapperMethod.execute(MapperMethod.java:87)
	at org.apache.ibatis.binding.MapperProxy.invoke(MapperProxy.java:57)
	at com.sun.proxy.$Proxy71.insertall(Unknown Source)
	at java.base/jdk.internal.reflect.NativeMethodAccessorImpl.invoke0(Native Method)
	at java.base/jdk.internal.reflect.NativeMethodAccessorImpl.invoke(NativeMethodAccessorImpl.java:62)
	at java.base/jdk.internal.reflect.DelegatingMethodAccessorImpl.invoke(DelegatingMethodAccessorImpl.java:43)
	at java.base/java.lang.reflect.Method.invoke(Method.java:566)
	at org.springframework.aop.support.AopUtils.invokeJoinpointUsingReflection(AopUtils.java:344)
	at org.springframework.aop.framework.ReflectiveMethodInvocation.invokeJoinpoint(ReflectiveMethodInvocation.java:198)
	at org.springframework.aop.framework.ReflectiveMethodInvocation.proceed(ReflectiveMethodInvocation.java:163)
	at org.springframework.dao.support.PersistenceExceptionTranslationInterceptor.invoke(PersistenceExceptionTranslationInterceptor.java:139)
	at org.springframework.aop.framework.ReflectiveMethodInvocation.proceed(ReflectiveMethodInvocation.java:186)
	at org.springframework.aop.framework.JdkDynamicAopProxy.invoke(JdkDynamicAopProxy.java:212)
	at com.sun.proxy.$Proxy72.insertall(Unknown Source)
	at org.example.home.HomeService.insertall(HomeService.java:57)
	at org.example.home.HomeRestController.insertLoc(HomeRestController.java:58)
	at java.base/jdk.internal.reflect.NativeMethodAccessorImpl.invoke0(Native Method)
	at java.base/jdk.internal.reflect.NativeMethodAccessorImpl.invoke(NativeMethodAccessorImpl.java:62)
	at java.base/jdk.internal.reflect.DelegatingMethodAccessorImpl.invoke(DelegatingMethodAccessorImpl.java:43)
	at java.base/java.lang.reflect.Method.invoke(Method.java:566)
	at org.springframework.web.method.support.InvocableHandlerMethod.doInvoke(InvocableHandlerMethod.java:190)
	at org.springframework.web.method.support.InvocableHandlerMethod.invokeForRequest(InvocableHandlerMethod.java:138)
	at org.springframework.web.servlet.mvc.method.annotation.ServletInvocableHandlerMethod.invokeAndHandle(ServletInvocableHandlerMethod.java:106)
	at org.springframework.web.servlet.mvc.method.annotation.RequestMappingHandlerAdapter.invokeHandlerMethod(RequestMappingHandlerAdapter.java:888)
	at org.springframework.web.servlet.mvc.method.annotation.RequestMappingHandlerAdapter.handleInternal(RequestMappingHandlerAdapter.java:793)
	at org.springframework.web.servlet.mvc.method.AbstractHandlerMethodAdapter.handle(AbstractHandlerMethodAdapter.java:87)
	at org.springframework.web.servlet.DispatcherServlet.doDispatch(DispatcherServlet.java:1040)
	at org.springframework.web.servlet.DispatcherServlet.doService(DispatcherServlet.java:943)
	at org.springframework.web.servlet.FrameworkServlet.processRequest(FrameworkServlet.java:1006)
	at org.springframework.web.servlet.FrameworkServlet.doPost(FrameworkServlet.java:909)
	at javax.servlet.http.HttpServlet.service(HttpServlet.java:660)
	at org.springframework.web.servlet.FrameworkServlet.service(FrameworkServlet.java:883)
	at javax.servlet.http.HttpServlet.service(HttpServlet.java:741)
	at org.apache.catalina.core.ApplicationFilterChain.internalDoFilter(ApplicationFilterChain.java:231)
	at org.apache.catalina.core.ApplicationFilterChain.doFilter(ApplicationFilterChain.java:166)
	at org.apache.tomcat.websocket.server.WsFilter.doFilter(WsFilter.java:53)
	at org.apache.catalina.core.ApplicationFilterChain.internalDoFilter(ApplicationFilterChain.java:193)
	at org.apache.catalina.core.ApplicationFilterChain.doFilter(ApplicationFilterChain.java:166)
	at org.springframework.web.filter.RequestContextFilter.doFilterInternal(RequestContextFilter.java:100)
	at org.springframework.web.filter.OncePerRequestFilter.doFilter(OncePerRequestFilter.java:119)
	at org.apache.catalina.core.ApplicationFilterChain.internalDoFilter(ApplicationFilterChain.java:193)
	at org.apache.catalina.core.ApplicationFilterChain.doFilter(ApplicationFilterChain.java:166)
	at org.springframework.web.filter.FormContentFilter.doFilterInternal(FormContentFilter.java:93)
	at org.springframework.web.filter.OncePerRequestFilter.doFilter(OncePerRequestFilter.java:119)
	at org.apache.catalina.core.ApplicationFilterChain.internalDoFilter(ApplicationFilterChain.java:193)
	at org.apache.catalina.core.ApplicationFilterChain.doFilter(ApplicationFilterChain.java:166)
	at org.springframework.web.filter.CharacterEncodingFilter.doFilterInternal(CharacterEncodingFilter.java:201)
	at org.springframework.web.filter.OncePerRequestFilter.doFilter(OncePerRequestFilter.java:119)
	at org.apache.catalina.core.ApplicationFilterChain.internalDoFilter(ApplicationFilterChain.java:193)
	at org.apache.catalina.core.ApplicationFilterChain.doFilter(ApplicationFilterChain.java:166)
	at org.apache.catalina.core.StandardWrapperValve.invoke(StandardWrapperValve.java:202)
	at org.apache.catalina.core.StandardContextValve.invoke(StandardContextValve.java:96)
	at org.apache.catalina.authenticator.AuthenticatorBase.invoke(AuthenticatorBase.java:526)
	at org.apache.catalina.core.StandardHostValve.invoke(StandardHostValve.java:139)
	at org.apache.catalina.valves.ErrorReportValve.invoke(ErrorReportValve.java:92)
	at org.apache.catalina.core.StandardEngineValve.invoke(StandardEngineValve.java:74)
	at org.apache.catalina.connector.CoyoteAdapter.service(CoyoteAdapter.java:343)
	at org.apache.coyote.http11.Http11Processor.service(Http11Processor.java:408)
	at org.apache.coyote.AbstractProcessorLight.process(AbstractProcessorLight.java:66)
	at org.apache.coyote.AbstractProtocol$ConnectionHandler.process(AbstractProtocol.java:861)
	at org.apache.tomcat.util.net.NioEndpoint$SocketProcessor.doRun(NioEndpoint.java:1579)
	at org.apache.tomcat.util.net.SocketProcessorBase.run(SocketProcessorBase.java:49)
	at java.base/java.util.concurrent.ThreadPoolExecutor.runWorker(ThreadPoolExecutor.java:1128)
	at java.base/java.util.concurrent.ThreadPoolExecutor$Worker.run(ThreadPoolExecutor.java:628)
	at org.apache.tomcat.util.threads.TaskThread$WrappingRunnable.run(TaskThread.java:61)
	at java.base/java.lang.Thread.run(Thread.java:829)
2023-05-09 11:09:55 [INFO ] [HikariDataSource.java]close(350) : HikariPool-1 - Shutdown initiated...
2023-05-09 11:09:55 [INFO ] [HikariDataSource.java]close(352) : HikariPool-1 - Shutdown completed.
2023-05-09 11:10:00 [INFO ] [StartupInfoLogger.java]logStarting(55) : Starting mainApplication on DESKTOP-RILCUD6 with PID 11604 (D:\project\managemnet\build\classes\java\main started by user in D:\project\managemnet)
2023-05-09 11:10:00 [INFO ] [SpringApplication.java]logStartupProfileInfo(651) : No active profile set, falling back to default profiles: default
2023-05-09 11:10:01 [WARN ] [TransformerFactoryUtils.java]defaultSettings(62) : http://javax.xml.XMLConstants/property/accessExternalDTD property not supported by org.apache.xalan.processor.TransformerFactoryImpl
2023-05-09 11:10:01 [WARN ] [TransformerFactoryUtils.java]defaultSettings(70) : http://javax.xml.XMLConstants/property/accessExternalStylesheet property not supported by org.apache.xalan.processor.TransformerFactoryImpl
2023-05-09 11:10:01 [INFO ] [StartupInfoLogger.java]logStarted(61) : Started mainApplication in 1.856 seconds (JVM running for 3.273)
2023-05-09 11:14:04 [WARN ] [HikariConfig.java]validateNumerics(1009) : HikariPool-1 - idleTimeout has been set but has no effect because the pool is operating as a fixed size pool.
2023-05-09 11:14:04 [INFO ] [HikariDataSource.java]getConnection(110) : HikariPool-1 - Starting...
2023-05-09 11:14:05 [INFO ] [HikariDataSource.java]getConnection(123) : HikariPool-1 - Start completed.
2023-05-09 11:43:19 [INFO ] [HikariDataSource.java]close(350) : HikariPool-1 - Shutdown initiated...
2023-05-09 11:43:19 [INFO ] [HikariDataSource.java]close(352) : HikariPool-1 - Shutdown completed.
2023-05-09 11:43:23 [INFO ] [StartupInfoLogger.java]logStarting(55) : Starting mainApplication on DESKTOP-RILCUD6 with PID 13792 (D:\project\managemnet\build\classes\java\main started by user in D:\project\managemnet)
2023-05-09 11:43:23 [INFO ] [SpringApplication.java]logStartupProfileInfo(651) : No active profile set, falling back to default profiles: default
2023-05-09 11:43:25 [WARN ] [TransformerFactoryUtils.java]defaultSettings(62) : http://javax.xml.XMLConstants/property/accessExternalDTD property not supported by org.apache.xalan.processor.TransformerFactoryImpl
2023-05-09 11:43:25 [WARN ] [TransformerFactoryUtils.java]defaultSettings(70) : http://javax.xml.XMLConstants/property/accessExternalStylesheet property not supported by org.apache.xalan.processor.TransformerFactoryImpl
2023-05-09 11:43:25 [INFO ] [StartupInfoLogger.java]logStarted(61) : Started mainApplication in 1.899 seconds (JVM running for 2.564)
2023-05-09 11:43:28 [WARN ] [HikariConfig.java]validateNumerics(1009) : HikariPool-1 - idleTimeout has been set but has no effect because the pool is operating as a fixed size pool.
2023-05-09 11:43:28 [INFO ] [HikariDataSource.java]getConnection(110) : HikariPool-1 - Starting...
2023-05-09 11:43:28 [INFO ] [HikariDataSource.java]getConnection(123) : HikariPool-1 - Start completed.
2023-05-09 11:44:24 [INFO ] [HikariDataSource.java]close(350) : HikariPool-1 - Shutdown initiated...
2023-05-09 11:44:24 [INFO ] [HikariDataSource.java]close(352) : HikariPool-1 - Shutdown completed.
2023-05-09 11:44:27 [INFO ] [StartupInfoLogger.java]logStarting(55) : Starting mainApplication on DESKTOP-RILCUD6 with PID 33668 (D:\project\managemnet\build\classes\java\main started by user in D:\project\managemnet)
2023-05-09 11:44:27 [INFO ] [SpringApplication.java]logStartupProfileInfo(651) : No active profile set, falling back to default profiles: default
2023-05-09 11:44:29 [WARN ] [TransformerFactoryUtils.java]defaultSettings(62) : http://javax.xml.XMLConstants/property/accessExternalDTD property not supported by org.apache.xalan.processor.TransformerFactoryImpl
2023-05-09 11:44:29 [WARN ] [TransformerFactoryUtils.java]defaultSettings(70) : http://javax.xml.XMLConstants/property/accessExternalStylesheet property not supported by org.apache.xalan.processor.TransformerFactoryImpl
2023-05-09 11:44:29 [INFO ] [StartupInfoLogger.java]logStarted(61) : Started mainApplication in 1.999 seconds (JVM running for 3.334)
2023-05-09 11:47:30 [WARN ] [HikariConfig.java]validateNumerics(1009) : HikariPool-1 - idleTimeout has been set but has no effect because the pool is operating as a fixed size pool.
2023-05-09 11:47:30 [INFO ] [HikariDataSource.java]getConnection(110) : HikariPool-1 - Starting...
2023-05-09 11:47:30 [INFO ] [HikariDataSource.java]getConnection(123) : HikariPool-1 - Start completed.
2023-05-09 13:11:48 [WARN ] [HikariPool.java]run(787) : HikariPool-1 - Thread starvation or clock leap detected (housekeeper delta=59m47s950ms965µs700ns).
2023-05-09 13:15:41 [INFO ] [HikariDataSource.java]close(350) : HikariPool-1 - Shutdown initiated...
2023-05-09 13:15:41 [INFO ] [HikariDataSource.java]close(352) : HikariPool-1 - Shutdown completed.
2023-05-09 13:16:00 [INFO ] [StartupInfoLogger.java]logStarting(55) : Starting mainApplication on DESKTOP-RILCUD6 with PID 12760 (D:\project\managemnet\build\classes\java\main started by user in D:\project\managemnet)
2023-05-09 13:16:00 [INFO ] [SpringApplication.java]logStartupProfileInfo(651) : No active profile set, falling back to default profiles: default
2023-05-09 13:16:02 [WARN ] [TransformerFactoryUtils.java]defaultSettings(62) : http://javax.xml.XMLConstants/property/accessExternalDTD property not supported by org.apache.xalan.processor.TransformerFactoryImpl
2023-05-09 13:16:02 [WARN ] [TransformerFactoryUtils.java]defaultSettings(70) : http://javax.xml.XMLConstants/property/accessExternalStylesheet property not supported by org.apache.xalan.processor.TransformerFactoryImpl
2023-05-09 13:16:02 [INFO ] [StartupInfoLogger.java]logStarted(61) : Started mainApplication in 1.951 seconds (JVM running for 5.715)
2023-05-09 13:16:56 [WARN ] [HikariConfig.java]validateNumerics(1009) : HikariPool-1 - idleTimeout has been set but has no effect because the pool is operating as a fixed size pool.
2023-05-09 13:16:56 [INFO ] [HikariDataSource.java]getConnection(110) : HikariPool-1 - Starting...
2023-05-09 13:16:56 [INFO ] [HikariDataSource.java]getConnection(123) : HikariPool-1 - Start completed.
2023-05-09 13:31:32 [INFO ] [HikariDataSource.java]close(350) : HikariPool-1 - Shutdown initiated...
2023-05-09 13:31:32 [INFO ] [HikariDataSource.java]close(352) : HikariPool-1 - Shutdown completed.
2023-05-09 13:31:39 [INFO ] [StartupInfoLogger.java]logStarting(55) : Starting mainApplication on DESKTOP-RILCUD6 with PID 18824 (D:\project\managemnet\build\classes\java\main started by user in D:\project\managemnet)
2023-05-09 13:31:39 [INFO ] [SpringApplication.java]logStartupProfileInfo(651) : No active profile set, falling back to default profiles: default
2023-05-09 13:31:40 [WARN ] [TransformerFactoryUtils.java]defaultSettings(62) : http://javax.xml.XMLConstants/property/accessExternalDTD property not supported by org.apache.xalan.processor.TransformerFactoryImpl
2023-05-09 13:31:40 [WARN ] [TransformerFactoryUtils.java]defaultSettings(70) : http://javax.xml.XMLConstants/property/accessExternalStylesheet property not supported by org.apache.xalan.processor.TransformerFactoryImpl
2023-05-09 13:31:41 [INFO ] [StartupInfoLogger.java]logStarted(61) : Started mainApplication in 2.127 seconds (JVM running for 2.889)
2023-05-09 13:31:42 [WARN ] [HikariConfig.java]validateNumerics(1009) : HikariPool-1 - idleTimeout has been set but has no effect because the pool is operating as a fixed size pool.
2023-05-09 13:31:42 [INFO ] [HikariDataSource.java]getConnection(110) : HikariPool-1 - Starting...
2023-05-09 13:31:42 [INFO ] [HikariDataSource.java]getConnection(123) : HikariPool-1 - Start completed.
2023-05-09 13:57:34 [INFO ] [HikariDataSource.java]close(350) : HikariPool-1 - Shutdown initiated...
2023-05-09 13:57:34 [INFO ] [HikariDataSource.java]close(352) : HikariPool-1 - Shutdown completed.
2023-05-09 13:57:38 [INFO ] [StartupInfoLogger.java]logStarting(55) : Starting mainApplication on DESKTOP-RILCUD6 with PID 396 (D:\project\managemnet\build\classes\java\main started by user in D:\project\managemnet)
2023-05-09 13:57:38 [INFO ] [SpringApplication.java]logStartupProfileInfo(651) : No active profile set, falling back to default profiles: default
2023-05-09 13:57:39 [WARN ] [TransformerFactoryUtils.java]defaultSettings(62) : http://javax.xml.XMLConstants/property/accessExternalDTD property not supported by org.apache.xalan.processor.TransformerFactoryImpl
2023-05-09 13:57:39 [WARN ] [TransformerFactoryUtils.java]defaultSettings(70) : http://javax.xml.XMLConstants/property/accessExternalStylesheet property not supported by org.apache.xalan.processor.TransformerFactoryImpl
2023-05-09 13:57:39 [INFO ] [StartupInfoLogger.java]logStarted(61) : Started mainApplication in 1.792 seconds (JVM running for 3.16)
2023-05-09 13:57:45 [WARN ] [HikariConfig.java]validateNumerics(1009) : HikariPool-1 - idleTimeout has been set but has no effect because the pool is operating as a fixed size pool.
2023-05-09 13:57:45 [INFO ] [HikariDataSource.java]getConnection(110) : HikariPool-1 - Starting...
2023-05-09 13:57:45 [INFO ] [HikariDataSource.java]getConnection(123) : HikariPool-1 - Start completed.
2023-05-09 14:43:46 [INFO ] [HikariDataSource.java]close(350) : HikariPool-1 - Shutdown initiated...
2023-05-09 14:43:46 [INFO ] [HikariDataSource.java]close(352) : HikariPool-1 - Shutdown completed.
2023-05-09 14:43:57 [INFO ] [StartupInfoLogger.java]logStarting(55) : Starting mainApplication on DESKTOP-RILCUD6 with PID 12652 (D:\project\managemnet\build\classes\java\main started by user in D:\project\managemnet)
2023-05-09 14:43:57 [INFO ] [SpringApplication.java]logStartupProfileInfo(651) : No active profile set, falling back to default profiles: default
2023-05-09 14:43:59 [WARN ] [TransformerFactoryUtils.java]defaultSettings(62) : http://javax.xml.XMLConstants/property/accessExternalDTD property not supported by org.apache.xalan.processor.TransformerFactoryImpl
2023-05-09 14:43:59 [WARN ] [TransformerFactoryUtils.java]defaultSettings(70) : http://javax.xml.XMLConstants/property/accessExternalStylesheet property not supported by org.apache.xalan.processor.TransformerFactoryImpl
2023-05-09 14:43:59 [INFO ] [StartupInfoLogger.java]logStarted(61) : Started mainApplication in 2.176 seconds (JVM running for 2.93)
2023-05-09 14:44:07 [WARN ] [HikariConfig.java]validateNumerics(1009) : HikariPool-1 - idleTimeout has been set but has no effect because the pool is operating as a fixed size pool.
2023-05-09 14:44:07 [INFO ] [HikariDataSource.java]getConnection(110) : HikariPool-1 - Starting...
2023-05-09 14:44:07 [INFO ] [HikariDataSource.java]getConnection(123) : HikariPool-1 - Start completed.
2023-05-09 14:53:51 [INFO ] [HikariDataSource.java]close(350) : HikariPool-1 - Shutdown initiated...
2023-05-09 14:53:51 [INFO ] [HikariDataSource.java]close(352) : HikariPool-1 - Shutdown completed.
2023-05-09 14:54:01 [INFO ] [StartupInfoLogger.java]logStarting(55) : Starting mainApplication on DESKTOP-RILCUD6 with PID 26976 (D:\project\managemnet\build\classes\java\main started by user in D:\project\managemnet)
2023-05-09 14:54:01 [INFO ] [SpringApplication.java]logStartupProfileInfo(651) : No active profile set, falling back to default profiles: default
2023-05-09 14:54:02 [WARN ] [TransformerFactoryUtils.java]defaultSettings(62) : http://javax.xml.XMLConstants/property/accessExternalDTD property not supported by org.apache.xalan.processor.TransformerFactoryImpl
2023-05-09 14:54:02 [WARN ] [TransformerFactoryUtils.java]defaultSettings(70) : http://javax.xml.XMLConstants/property/accessExternalStylesheet property not supported by org.apache.xalan.processor.TransformerFactoryImpl
2023-05-09 14:54:02 [INFO ] [StartupInfoLogger.java]logStarted(61) : Started mainApplication in 2.002 seconds (JVM running for 2.884)
2023-05-09 14:54:49 [WARN ] [HikariConfig.java]validateNumerics(1009) : HikariPool-1 - idleTimeout has been set but has no effect because the pool is operating as a fixed size pool.
2023-05-09 14:54:49 [INFO ] [HikariDataSource.java]getConnection(110) : HikariPool-1 - Starting...
2023-05-09 14:54:49 [INFO ] [HikariDataSource.java]getConnection(123) : HikariPool-1 - Start completed.
2023-05-09 15:27:13 [INFO ] [HikariDataSource.java]close(350) : HikariPool-1 - Shutdown initiated...
2023-05-09 15:27:13 [INFO ] [HikariDataSource.java]close(352) : HikariPool-1 - Shutdown completed.
2023-05-09 15:27:20 [INFO ] [StartupInfoLogger.java]logStarting(55) : Starting mainApplication on DESKTOP-RILCUD6 with PID 14040 (D:\project\managemnet\build\classes\java\main started by user in D:\project\managemnet)
2023-05-09 15:27:20 [INFO ] [SpringApplication.java]logStartupProfileInfo(651) : No active profile set, falling back to default profiles: default
2023-05-09 15:27:22 [WARN ] [TransformerFactoryUtils.java]defaultSettings(62) : http://javax.xml.XMLConstants/property/accessExternalDTD property not supported by org.apache.xalan.processor.TransformerFactoryImpl
2023-05-09 15:27:22 [WARN ] [TransformerFactoryUtils.java]defaultSettings(70) : http://javax.xml.XMLConstants/property/accessExternalStylesheet property not supported by org.apache.xalan.processor.TransformerFactoryImpl
2023-05-09 15:27:22 [INFO ] [StartupInfoLogger.java]logStarted(61) : Started mainApplication in 1.924 seconds (JVM running for 3.202)
2023-05-09 15:27:36 [WARN ] [HikariConfig.java]validateNumerics(1009) : HikariPool-1 - idleTimeout has been set but has no effect because the pool is operating as a fixed size pool.
2023-05-09 15:27:36 [INFO ] [HikariDataSource.java]getConnection(110) : HikariPool-1 - Starting...
2023-05-09 15:27:36 [INFO ] [HikariDataSource.java]getConnection(123) : HikariPool-1 - Start completed.
2023-05-09 15:32:30 [INFO ] [HikariDataSource.java]close(350) : HikariPool-1 - Shutdown initiated...
2023-05-09 15:32:30 [INFO ] [HikariDataSource.java]close(352) : HikariPool-1 - Shutdown completed.
2023-05-09 15:32:38 [INFO ] [StartupInfoLogger.java]logStarting(55) : Starting mainApplication on DESKTOP-RILCUD6 with PID 8728 (D:\project\managemnet\build\classes\java\main started by user in D:\project\managemnet)
2023-05-09 15:32:38 [INFO ] [SpringApplication.java]logStartupProfileInfo(651) : No active profile set, falling back to default profiles: default
2023-05-09 15:32:39 [WARN ] [TransformerFactoryUtils.java]defaultSettings(62) : http://javax.xml.XMLConstants/property/accessExternalDTD property not supported by org.apache.xalan.processor.TransformerFactoryImpl
2023-05-09 15:32:39 [WARN ] [TransformerFactoryUtils.java]defaultSettings(70) : http://javax.xml.XMLConstants/property/accessExternalStylesheet property not supported by org.apache.xalan.processor.TransformerFactoryImpl
2023-05-09 15:32:39 [INFO ] [StartupInfoLogger.java]logStarted(61) : Started mainApplication in 2.033 seconds (JVM running for 2.799)
2023-05-09 15:32:42 [WARN ] [HikariConfig.java]validateNumerics(1009) : HikariPool-1 - idleTimeout has been set but has no effect because the pool is operating as a fixed size pool.
2023-05-09 15:32:42 [INFO ] [HikariDataSource.java]getConnection(110) : HikariPool-1 - Starting...
2023-05-09 15:32:42 [INFO ] [HikariDataSource.java]getConnection(123) : HikariPool-1 - Start completed.
2023-05-09 15:37:30 [INFO ] [HikariDataSource.java]close(350) : HikariPool-1 - Shutdown initiated...
2023-05-09 15:37:30 [INFO ] [HikariDataSource.java]close(352) : HikariPool-1 - Shutdown completed.
2023-05-09 15:37:36 [INFO ] [StartupInfoLogger.java]logStarting(55) : Starting mainApplication on DESKTOP-RILCUD6 with PID 29272 (D:\project\managemnet\build\classes\java\main started by user in D:\project\managemnet)
2023-05-09 15:37:36 [INFO ] [SpringApplication.java]logStartupProfileInfo(651) : No active profile set, falling back to default profiles: default
2023-05-09 15:37:37 [WARN ] [TransformerFactoryUtils.java]defaultSettings(62) : http://javax.xml.XMLConstants/property/accessExternalDTD property not supported by org.apache.xalan.processor.TransformerFactoryImpl
2023-05-09 15:37:37 [WARN ] [TransformerFactoryUtils.java]defaultSettings(70) : http://javax.xml.XMLConstants/property/accessExternalStylesheet property not supported by org.apache.xalan.processor.TransformerFactoryImpl
2023-05-09 15:37:38 [INFO ] [StartupInfoLogger.java]logStarted(61) : Started mainApplication in 1.904 seconds (JVM running for 2.864)
2023-05-09 15:37:43 [WARN ] [HikariConfig.java]validateNumerics(1009) : HikariPool-1 - idleTimeout has been set but has no effect because the pool is operating as a fixed size pool.
2023-05-09 15:37:43 [INFO ] [HikariDataSource.java]getConnection(110) : HikariPool-1 - Starting...
2023-05-09 15:37:43 [INFO ] [HikariDataSource.java]getConnection(123) : HikariPool-1 - Start completed.
2023-05-09 15:47:46 [INFO ] [HikariDataSource.java]close(350) : HikariPool-1 - Shutdown initiated...
2023-05-09 15:47:46 [INFO ] [HikariDataSource.java]close(352) : HikariPool-1 - Shutdown completed.
2023-05-09 15:47:50 [INFO ] [StartupInfoLogger.java]logStarting(55) : Starting mainApplication on DESKTOP-RILCUD6 with PID 10940 (D:\project\managemnet\build\classes\java\main started by user in D:\project\managemnet)
2023-05-09 15:47:50 [INFO ] [SpringApplication.java]logStartupProfileInfo(651) : No active profile set, falling back to default profiles: default
2023-05-09 15:47:52 [WARN ] [TransformerFactoryUtils.java]defaultSettings(62) : http://javax.xml.XMLConstants/property/accessExternalDTD property not supported by org.apache.xalan.processor.TransformerFactoryImpl
2023-05-09 15:47:52 [WARN ] [TransformerFactoryUtils.java]defaultSettings(70) : http://javax.xml.XMLConstants/property/accessExternalStylesheet property not supported by org.apache.xalan.processor.TransformerFactoryImpl
2023-05-09 15:47:52 [INFO ] [StartupInfoLogger.java]logStarted(61) : Started mainApplication in 2.022 seconds (JVM running for 2.783)
2023-05-09 15:47:55 [WARN ] [HikariConfig.java]validateNumerics(1009) : HikariPool-1 - idleTimeout has been set but has no effect because the pool is operating as a fixed size pool.
2023-05-09 15:47:55 [INFO ] [HikariDataSource.java]getConnection(110) : HikariPool-1 - Starting...
2023-05-09 15:47:55 [INFO ] [HikariDataSource.java]getConnection(123) : HikariPool-1 - Start completed.
2023-05-09 15:55:35 [INFO ] [HikariDataSource.java]close(350) : HikariPool-1 - Shutdown initiated...
2023-05-09 15:55:35 [INFO ] [HikariDataSource.java]close(352) : HikariPool-1 - Shutdown completed.
2023-05-09 15:55:39 [INFO ] [StartupInfoLogger.java]logStarting(55) : Starting mainApplication on DESKTOP-RILCUD6 with PID 16888 (D:\project\managemnet\build\classes\java\main started by user in D:\project\managemnet)
2023-05-09 15:55:39 [INFO ] [SpringApplication.java]logStartupProfileInfo(651) : No active profile set, falling back to default profiles: default
2023-05-09 15:55:40 [WARN ] [TransformerFactoryUtils.java]defaultSettings(62) : http://javax.xml.XMLConstants/property/accessExternalDTD property not supported by org.apache.xalan.processor.TransformerFactoryImpl
2023-05-09 15:55:40 [WARN ] [TransformerFactoryUtils.java]defaultSettings(70) : http://javax.xml.XMLConstants/property/accessExternalStylesheet property not supported by org.apache.xalan.processor.TransformerFactoryImpl
2023-05-09 15:55:40 [INFO ] [StartupInfoLogger.java]logStarted(61) : Started mainApplication in 1.899 seconds (JVM running for 3.186)
2023-05-09 15:55:50 [WARN ] [HikariConfig.java]validateNumerics(1009) : HikariPool-1 - idleTimeout has been set but has no effect because the pool is operating as a fixed size pool.
2023-05-09 15:55:50 [INFO ] [HikariDataSource.java]getConnection(110) : HikariPool-1 - Starting...
2023-05-09 15:55:50 [INFO ] [HikariDataSource.java]getConnection(123) : HikariPool-1 - Start completed.
2023-05-09 16:04:48 [INFO ] [HikariDataSource.java]close(350) : HikariPool-1 - Shutdown initiated...
2023-05-09 16:04:48 [INFO ] [HikariDataSource.java]close(352) : HikariPool-1 - Shutdown completed.
2023-05-09 16:04:51 [INFO ] [StartupInfoLogger.java]logStarting(55) : Starting mainApplication on DESKTOP-RILCUD6 with PID 33968 (D:\project\managemnet\build\classes\java\main started by user in D:\project\managemnet)
2023-05-09 16:04:51 [INFO ] [SpringApplication.java]logStartupProfileInfo(651) : No active profile set, falling back to default profiles: default
2023-05-09 16:04:52 [WARN ] [TransformerFactoryUtils.java]defaultSettings(62) : http://javax.xml.XMLConstants/property/accessExternalDTD property not supported by org.apache.xalan.processor.TransformerFactoryImpl
2023-05-09 16:04:52 [WARN ] [TransformerFactoryUtils.java]defaultSettings(70) : http://javax.xml.XMLConstants/property/accessExternalStylesheet property not supported by org.apache.xalan.processor.TransformerFactoryImpl
2023-05-09 16:04:52 [INFO ] [StartupInfoLogger.java]logStarted(61) : Started mainApplication in 1.938 seconds (JVM running for 2.588)
2023-05-09 16:05:09 [WARN ] [HikariConfig.java]validateNumerics(1009) : HikariPool-1 - idleTimeout has been set but has no effect because the pool is operating as a fixed size pool.
2023-05-09 16:05:09 [INFO ] [HikariDataSource.java]getConnection(110) : HikariPool-1 - Starting...
2023-05-09 16:05:09 [INFO ] [HikariDataSource.java]getConnection(123) : HikariPool-1 - Start completed.
2023-05-09 16:32:37 [INFO ] [HikariDataSource.java]close(350) : HikariPool-1 - Shutdown initiated...
2023-05-09 16:32:37 [INFO ] [HikariDataSource.java]close(352) : HikariPool-1 - Shutdown completed.
2023-05-09 16:32:41 [INFO ] [StartupInfoLogger.java]logStarting(55) : Starting mainApplication on DESKTOP-RILCUD6 with PID 17816 (D:\project\managemnet\build\classes\java\main started by user in D:\project\managemnet)
2023-05-09 16:32:41 [INFO ] [SpringApplication.java]logStartupProfileInfo(651) : No active profile set, falling back to default profiles: default
2023-05-09 16:32:43 [WARN ] [TransformerFactoryUtils.java]defaultSettings(62) : http://javax.xml.XMLConstants/property/accessExternalDTD property not supported by org.apache.xalan.processor.TransformerFactoryImpl
2023-05-09 16:32:43 [WARN ] [TransformerFactoryUtils.java]defaultSettings(70) : http://javax.xml.XMLConstants/property/accessExternalStylesheet property not supported by org.apache.xalan.processor.TransformerFactoryImpl
2023-05-09 16:32:43 [INFO ] [StartupInfoLogger.java]logStarted(61) : Started mainApplication in 2.385 seconds (JVM running for 3.311)
2023-05-09 16:33:00 [WARN ] [HikariConfig.java]validateNumerics(1009) : HikariPool-1 - idleTimeout has been set but has no effect because the pool is operating as a fixed size pool.
2023-05-09 16:33:00 [INFO ] [HikariDataSource.java]getConnection(110) : HikariPool-1 - Starting...
2023-05-09 16:33:00 [INFO ] [HikariDataSource.java]getConnection(123) : HikariPool-1 - Start completed.
2023-05-09 16:38:09 [INFO ] [HikariDataSource.java]close(350) : HikariPool-1 - Shutdown initiated...
2023-05-09 16:38:09 [INFO ] [HikariDataSource.java]close(352) : HikariPool-1 - Shutdown completed.
