2023-02-28 09:24:23 [INFO ] [StartupInfoLogger.java]logStarting(55) : Starting mainApplication on DESKTOP-L2ACOJ2 with PID 556 (D:\workspace\demo1\build\classes\java\main started by user in D:\workspace\demo1)
2023-02-28 09:24:23 [INFO ] [SpringApplication.java]logStartupProfileInfo(651) : No active profile set, falling back to default profiles: default
2023-02-28 09:24:24 [WARN ] [TransformerFactoryUtils.java]defaultSettings(62) : http://javax.xml.XMLConstants/property/accessExternalDTD property not supported by org.apache.xalan.processor.TransformerFactoryImpl
2023-02-28 09:24:24 [WARN ] [TransformerFactoryUtils.java]defaultSettings(70) : http://javax.xml.XMLConstants/property/accessExternalStylesheet property not supported by org.apache.xalan.processor.TransformerFactoryImpl
2023-02-28 09:24:24 [INFO ] [StartupInfoLogger.java]logStarted(61) : Started mainApplication in 2.107 seconds (JVM running for 3.117)
2023-02-28 09:38:30 [INFO ] [StartupInfoLogger.java]logStarting(55) : Starting mainApplication on DESKTOP-L2ACOJ2 with PID 8416 (D:\workspace\demo1\build\classes\java\main started by user in D:\workspace\demo1)
2023-02-28 09:38:30 [INFO ] [SpringApplication.java]logStartupProfileInfo(651) : No active profile set, falling back to default profiles: default
2023-02-28 09:38:32 [WARN ] [TransformerFactoryUtils.java]defaultSettings(62) : http://javax.xml.XMLConstants/property/accessExternalDTD property not supported by org.apache.xalan.processor.TransformerFactoryImpl
2023-02-28 09:38:32 [WARN ] [TransformerFactoryUtils.java]defaultSettings(70) : http://javax.xml.XMLConstants/property/accessExternalStylesheet property not supported by org.apache.xalan.processor.TransformerFactoryImpl
2023-02-28 09:38:32 [INFO ] [StartupInfoLogger.java]logStarted(61) : Started mainApplication in 2.118 seconds (JVM running for 2.836)
2023-02-28 09:38:39 [ERROR] [DirectJDKLog.java]log(175) : Servlet.service() for servlet [dispatcherServlet] in context with path [] threw exception [Request processing failed; nested exception is java.lang.NullPointerException] with root cause
java.lang.NullPointerException: null
	at org.example.home.HomeController.getBtn(HomeController.java:26)
	at java.base/jdk.internal.reflect.NativeMethodAccessorImpl.invoke0(Native Method)
	at java.base/jdk.internal.reflect.NativeMethodAccessorImpl.invoke(NativeMethodAccessorImpl.java:62)
	at java.base/jdk.internal.reflect.DelegatingMethodAccessorImpl.invoke(DelegatingMethodAccessorImpl.java:43)
	at java.base/java.lang.reflect.Method.invoke(Method.java:566)
	at org.springframework.web.method.support.InvocableHandlerMethod.doInvoke(InvocableHandlerMethod.java:190)
	at org.springframework.web.method.support.InvocableHandlerMethod.invokeForRequest(InvocableHandlerMethod.java:138)
	at org.springframework.web.servlet.mvc.method.annotation.ServletInvocableHandlerMethod.invokeAndHandle(ServletInvocableHandlerMethod.java:106)
	at org.springframework.web.servlet.mvc.method.annotation.RequestMappingHandlerAdapter.invokeHandlerMethod(RequestMappingHandlerAdapter.java:888)
	at org.springframework.web.servlet.mvc.method.annotation.RequestMappingHandlerAdapter.handleInternal(RequestMappingHandlerAdapter.java:793)
	at org.springframework.web.servlet.mvc.method.AbstractHandlerMethodAdapter.handle(AbstractHandlerMethodAdapter.java:87)
	at org.springframework.web.servlet.DispatcherServlet.doDispatch(DispatcherServlet.java:1040)
	at org.springframework.web.servlet.DispatcherServlet.doService(DispatcherServlet.java:943)
	at org.springframework.web.servlet.FrameworkServlet.processRequest(FrameworkServlet.java:1006)
	at org.springframework.web.servlet.FrameworkServlet.doGet(FrameworkServlet.java:898)
	at javax.servlet.http.HttpServlet.service(HttpServlet.java:634)
	at org.springframework.web.servlet.FrameworkServlet.service(FrameworkServlet.java:883)
	at javax.servlet.http.HttpServlet.service(HttpServlet.java:741)
	at org.apache.catalina.core.ApplicationFilterChain.internalDoFilter(ApplicationFilterChain.java:231)
	at org.apache.catalina.core.ApplicationFilterChain.doFilter(ApplicationFilterChain.java:166)
	at org.apache.tomcat.websocket.server.WsFilter.doFilter(WsFilter.java:53)
	at org.apache.catalina.core.ApplicationFilterChain.internalDoFilter(ApplicationFilterChain.java:193)
	at org.apache.catalina.core.ApplicationFilterChain.doFilter(ApplicationFilterChain.java:166)
	at org.springframework.web.filter.RequestContextFilter.doFilterInternal(RequestContextFilter.java:100)
	at org.springframework.web.filter.OncePerRequestFilter.doFilter(OncePerRequestFilter.java:119)
	at org.apache.catalina.core.ApplicationFilterChain.internalDoFilter(ApplicationFilterChain.java:193)
	at org.apache.catalina.core.ApplicationFilterChain.doFilter(ApplicationFilterChain.java:166)
	at org.springframework.web.filter.FormContentFilter.doFilterInternal(FormContentFilter.java:93)
	at org.springframework.web.filter.OncePerRequestFilter.doFilter(OncePerRequestFilter.java:119)
	at org.apache.catalina.core.ApplicationFilterChain.internalDoFilter(ApplicationFilterChain.java:193)
	at org.apache.catalina.core.ApplicationFilterChain.doFilter(ApplicationFilterChain.java:166)
	at org.springframework.web.filter.CharacterEncodingFilter.doFilterInternal(CharacterEncodingFilter.java:201)
	at org.springframework.web.filter.OncePerRequestFilter.doFilter(OncePerRequestFilter.java:119)
	at org.apache.catalina.core.ApplicationFilterChain.internalDoFilter(ApplicationFilterChain.java:193)
	at org.apache.catalina.core.ApplicationFilterChain.doFilter(ApplicationFilterChain.java:166)
	at org.apache.catalina.core.StandardWrapperValve.invoke(StandardWrapperValve.java:202)
	at org.apache.catalina.core.StandardContextValve.invoke(StandardContextValve.java:96)
	at org.apache.catalina.authenticator.AuthenticatorBase.invoke(AuthenticatorBase.java:526)
	at org.apache.catalina.core.StandardHostValve.invoke(StandardHostValve.java:139)
	at org.apache.catalina.valves.ErrorReportValve.invoke(ErrorReportValve.java:92)
	at org.apache.catalina.core.StandardEngineValve.invoke(StandardEngineValve.java:74)
	at org.apache.catalina.connector.CoyoteAdapter.service(CoyoteAdapter.java:343)
	at org.apache.coyote.http11.Http11Processor.service(Http11Processor.java:408)
	at org.apache.coyote.AbstractProcessorLight.process(AbstractProcessorLight.java:66)
	at org.apache.coyote.AbstractProtocol$ConnectionHandler.process(AbstractProtocol.java:861)
	at org.apache.tomcat.util.net.NioEndpoint$SocketProcessor.doRun(NioEndpoint.java:1579)
	at org.apache.tomcat.util.net.SocketProcessorBase.run(SocketProcessorBase.java:49)
	at java.base/java.util.concurrent.ThreadPoolExecutor.runWorker(ThreadPoolExecutor.java:1128)
	at java.base/java.util.concurrent.ThreadPoolExecutor$Worker.run(ThreadPoolExecutor.java:628)
	at org.apache.tomcat.util.threads.TaskThread$WrappingRunnable.run(TaskThread.java:61)
	at java.base/java.lang.Thread.run(Thread.java:829)
2023-02-28 09:42:18 [INFO ] [StartupInfoLogger.java]logStarting(55) : Starting mainApplication on DESKTOP-L2ACOJ2 with PID 10156 (D:\workspace\demo1\build\classes\java\main started by user in D:\workspace\demo1)
2023-02-28 09:42:18 [INFO ] [SpringApplication.java]logStartupProfileInfo(651) : No active profile set, falling back to default profiles: default
2023-02-28 09:42:20 [WARN ] [TransformerFactoryUtils.java]defaultSettings(62) : http://javax.xml.XMLConstants/property/accessExternalDTD property not supported by org.apache.xalan.processor.TransformerFactoryImpl
2023-02-28 09:42:20 [WARN ] [TransformerFactoryUtils.java]defaultSettings(70) : http://javax.xml.XMLConstants/property/accessExternalStylesheet property not supported by org.apache.xalan.processor.TransformerFactoryImpl
2023-02-28 09:42:20 [INFO ] [StartupInfoLogger.java]logStarted(61) : Started mainApplication in 2.088 seconds (JVM running for 2.827)
2023-02-28 09:42:28 [WARN ] [HikariConfig.java]validateNumerics(1009) : HikariPool-1 - idleTimeout has been set but has no effect because the pool is operating as a fixed size pool.
2023-02-28 09:42:28 [INFO ] [HikariDataSource.java]getConnection(110) : HikariPool-1 - Starting...
2023-02-28 09:42:29 [INFO ] [HikariDataSource.java]getConnection(123) : HikariPool-1 - Start completed.
2023-02-28 09:52:35 [INFO ] [HikariDataSource.java]close(350) : HikariPool-1 - Shutdown initiated...
2023-02-28 09:52:35 [INFO ] [HikariDataSource.java]close(352) : HikariPool-1 - Shutdown completed.
2023-02-28 09:52:40 [INFO ] [StartupInfoLogger.java]logStarting(55) : Starting mainApplication on DESKTOP-L2ACOJ2 with PID 1856 (D:\workspace\demo1\build\classes\java\main started by user in D:\workspace\demo1)
2023-02-28 09:52:40 [INFO ] [SpringApplication.java]logStartupProfileInfo(651) : No active profile set, falling back to default profiles: default
2023-02-28 09:52:42 [WARN ] [TransformerFactoryUtils.java]defaultSettings(62) : http://javax.xml.XMLConstants/property/accessExternalDTD property not supported by org.apache.xalan.processor.TransformerFactoryImpl
2023-02-28 09:52:42 [WARN ] [TransformerFactoryUtils.java]defaultSettings(70) : http://javax.xml.XMLConstants/property/accessExternalStylesheet property not supported by org.apache.xalan.processor.TransformerFactoryImpl
2023-02-28 09:52:42 [INFO ] [StartupInfoLogger.java]logStarted(61) : Started mainApplication in 2.103 seconds (JVM running for 3.001)
2023-02-28 09:52:47 [WARN ] [HikariConfig.java]validateNumerics(1009) : HikariPool-1 - idleTimeout has been set but has no effect because the pool is operating as a fixed size pool.
2023-02-28 09:52:47 [INFO ] [HikariDataSource.java]getConnection(110) : HikariPool-1 - Starting...
2023-02-28 09:52:47 [INFO ] [HikariDataSource.java]getConnection(123) : HikariPool-1 - Start completed.
2023-02-28 10:02:15 [INFO ] [HikariDataSource.java]close(350) : HikariPool-1 - Shutdown initiated...
2023-02-28 10:02:15 [INFO ] [HikariDataSource.java]close(352) : HikariPool-1 - Shutdown completed.
2023-02-28 10:02:19 [INFO ] [StartupInfoLogger.java]logStarting(55) : Starting mainApplication on DESKTOP-L2ACOJ2 with PID 10576 (D:\workspace\demo1\build\classes\java\main started by user in D:\workspace\demo1)
2023-02-28 10:02:19 [INFO ] [SpringApplication.java]logStartupProfileInfo(651) : No active profile set, falling back to default profiles: default
2023-02-28 10:02:21 [WARN ] [TransformerFactoryUtils.java]defaultSettings(62) : http://javax.xml.XMLConstants/property/accessExternalDTD property not supported by org.apache.xalan.processor.TransformerFactoryImpl
2023-02-28 10:02:21 [WARN ] [TransformerFactoryUtils.java]defaultSettings(70) : http://javax.xml.XMLConstants/property/accessExternalStylesheet property not supported by org.apache.xalan.processor.TransformerFactoryImpl
2023-02-28 10:02:21 [INFO ] [StartupInfoLogger.java]logStarted(61) : Started mainApplication in 2.394 seconds (JVM running for 3.137)
2023-02-28 10:04:11 [INFO ] [StartupInfoLogger.java]logStarting(55) : Starting mainApplication on DESKTOP-L2ACOJ2 with PID 6808 (D:\workspace\demo1\build\classes\java\main started by user in D:\workspace\demo1)
2023-02-28 10:04:11 [INFO ] [SpringApplication.java]logStartupProfileInfo(651) : No active profile set, falling back to default profiles: default
2023-02-28 10:04:13 [WARN ] [TransformerFactoryUtils.java]defaultSettings(62) : http://javax.xml.XMLConstants/property/accessExternalDTD property not supported by org.apache.xalan.processor.TransformerFactoryImpl
2023-02-28 10:04:13 [WARN ] [TransformerFactoryUtils.java]defaultSettings(70) : http://javax.xml.XMLConstants/property/accessExternalStylesheet property not supported by org.apache.xalan.processor.TransformerFactoryImpl
2023-02-28 10:04:13 [INFO ] [StartupInfoLogger.java]logStarted(61) : Started mainApplication in 2.426 seconds (JVM running for 3.211)
2023-02-28 10:09:11 [INFO ] [StartupInfoLogger.java]logStarting(55) : Starting mainApplication on DESKTOP-L2ACOJ2 with PID 2600 (D:\workspace\demo1\build\classes\java\main started by user in D:\workspace\demo1)
2023-02-28 10:09:11 [INFO ] [SpringApplication.java]logStartupProfileInfo(651) : No active profile set, falling back to default profiles: default
2023-02-28 10:09:13 [WARN ] [TransformerFactoryUtils.java]defaultSettings(62) : http://javax.xml.XMLConstants/property/accessExternalDTD property not supported by org.apache.xalan.processor.TransformerFactoryImpl
2023-02-28 10:09:13 [WARN ] [TransformerFactoryUtils.java]defaultSettings(70) : http://javax.xml.XMLConstants/property/accessExternalStylesheet property not supported by org.apache.xalan.processor.TransformerFactoryImpl
2023-02-28 10:09:13 [INFO ] [StartupInfoLogger.java]logStarted(61) : Started mainApplication in 2.637 seconds (JVM running for 3.576)
2023-02-28 10:10:33 [INFO ] [StartupInfoLogger.java]logStarting(55) : Starting mainApplication on DESKTOP-L2ACOJ2 with PID 9896 (D:\workspace\demo1\build\classes\java\main started by user in D:\workspace\demo1)
2023-02-28 10:10:33 [INFO ] [SpringApplication.java]logStartupProfileInfo(651) : No active profile set, falling back to default profiles: default
2023-02-28 10:10:35 [WARN ] [TransformerFactoryUtils.java]defaultSettings(62) : http://javax.xml.XMLConstants/property/accessExternalDTD property not supported by org.apache.xalan.processor.TransformerFactoryImpl
2023-02-28 10:10:35 [WARN ] [TransformerFactoryUtils.java]defaultSettings(70) : http://javax.xml.XMLConstants/property/accessExternalStylesheet property not supported by org.apache.xalan.processor.TransformerFactoryImpl
2023-02-28 10:10:35 [INFO ] [StartupInfoLogger.java]logStarted(61) : Started mainApplication in 2.138 seconds (JVM running for 2.818)
2023-02-28 10:10:58 [WARN ] [HikariConfig.java]validateNumerics(1009) : HikariPool-1 - idleTimeout has been set but has no effect because the pool is operating as a fixed size pool.
2023-02-28 10:10:58 [INFO ] [HikariDataSource.java]getConnection(110) : HikariPool-1 - Starting...
2023-02-28 10:10:58 [INFO ] [HikariDataSource.java]getConnection(123) : HikariPool-1 - Start completed.
2023-02-28 10:11:52 [INFO ] [HikariDataSource.java]close(350) : HikariPool-1 - Shutdown initiated...
2023-02-28 10:11:52 [INFO ] [HikariDataSource.java]close(352) : HikariPool-1 - Shutdown completed.
2023-02-28 10:11:55 [INFO ] [StartupInfoLogger.java]logStarting(55) : Starting mainApplication on DESKTOP-L2ACOJ2 with PID 240 (D:\workspace\demo1\build\classes\java\main started by user in D:\workspace\demo1)
2023-02-28 10:11:55 [INFO ] [SpringApplication.java]logStartupProfileInfo(651) : No active profile set, falling back to default profiles: default
2023-02-28 10:11:57 [WARN ] [TransformerFactoryUtils.java]defaultSettings(62) : http://javax.xml.XMLConstants/property/accessExternalDTD property not supported by org.apache.xalan.processor.TransformerFactoryImpl
2023-02-28 10:11:57 [WARN ] [TransformerFactoryUtils.java]defaultSettings(70) : http://javax.xml.XMLConstants/property/accessExternalStylesheet property not supported by org.apache.xalan.processor.TransformerFactoryImpl
2023-02-28 10:11:57 [INFO ] [StartupInfoLogger.java]logStarted(61) : Started mainApplication in 2.423 seconds (JVM running for 3.283)
2023-02-28 10:12:04 [WARN ] [HikariConfig.java]validateNumerics(1009) : HikariPool-1 - idleTimeout has been set but has no effect because the pool is operating as a fixed size pool.
2023-02-28 10:12:04 [INFO ] [HikariDataSource.java]getConnection(110) : HikariPool-1 - Starting...
2023-02-28 10:12:04 [INFO ] [HikariDataSource.java]getConnection(123) : HikariPool-1 - Start completed.
2023-02-28 10:17:45 [INFO ] [HikariDataSource.java]close(350) : HikariPool-1 - Shutdown initiated...
2023-02-28 10:17:45 [INFO ] [HikariDataSource.java]close(352) : HikariPool-1 - Shutdown completed.
2023-02-28 10:17:48 [INFO ] [StartupInfoLogger.java]logStarting(55) : Starting mainApplication on DESKTOP-L2ACOJ2 with PID 3380 (D:\workspace\demo1\build\classes\java\main started by user in D:\workspace\demo1)
2023-02-28 10:17:48 [INFO ] [SpringApplication.java]logStartupProfileInfo(651) : No active profile set, falling back to default profiles: default
2023-02-28 10:17:50 [WARN ] [TransformerFactoryUtils.java]defaultSettings(62) : http://javax.xml.XMLConstants/property/accessExternalDTD property not supported by org.apache.xalan.processor.TransformerFactoryImpl
2023-02-28 10:17:50 [WARN ] [TransformerFactoryUtils.java]defaultSettings(70) : http://javax.xml.XMLConstants/property/accessExternalStylesheet property not supported by org.apache.xalan.processor.TransformerFactoryImpl
2023-02-28 10:17:50 [INFO ] [StartupInfoLogger.java]logStarted(61) : Started mainApplication in 2.043 seconds (JVM running for 2.806)
2023-02-28 10:17:56 [WARN ] [HikariConfig.java]validateNumerics(1009) : HikariPool-1 - idleTimeout has been set but has no effect because the pool is operating as a fixed size pool.
2023-02-28 10:17:56 [INFO ] [HikariDataSource.java]getConnection(110) : HikariPool-1 - Starting...
2023-02-28 10:17:56 [INFO ] [HikariDataSource.java]getConnection(123) : HikariPool-1 - Start completed.
2023-02-28 10:20:11 [INFO ] [HikariDataSource.java]close(350) : HikariPool-1 - Shutdown initiated...
2023-02-28 10:20:11 [INFO ] [HikariDataSource.java]close(352) : HikariPool-1 - Shutdown completed.
2023-02-28 10:20:14 [INFO ] [StartupInfoLogger.java]logStarting(55) : Starting mainApplication on DESKTOP-L2ACOJ2 with PID 4904 (D:\workspace\demo1\build\classes\java\main started by user in D:\workspace\demo1)
2023-02-28 10:20:14 [INFO ] [SpringApplication.java]logStartupProfileInfo(651) : No active profile set, falling back to default profiles: default
2023-02-28 10:20:16 [WARN ] [TransformerFactoryUtils.java]defaultSettings(62) : http://javax.xml.XMLConstants/property/accessExternalDTD property not supported by org.apache.xalan.processor.TransformerFactoryImpl
2023-02-28 10:20:16 [WARN ] [TransformerFactoryUtils.java]defaultSettings(70) : http://javax.xml.XMLConstants/property/accessExternalStylesheet property not supported by org.apache.xalan.processor.TransformerFactoryImpl
2023-02-28 10:20:16 [INFO ] [StartupInfoLogger.java]logStarted(61) : Started mainApplication in 2.118 seconds (JVM running for 2.948)
2023-02-28 10:20:23 [WARN ] [HikariConfig.java]validateNumerics(1009) : HikariPool-1 - idleTimeout has been set but has no effect because the pool is operating as a fixed size pool.
2023-02-28 10:20:23 [INFO ] [HikariDataSource.java]getConnection(110) : HikariPool-1 - Starting...
2023-02-28 10:20:23 [INFO ] [HikariDataSource.java]getConnection(123) : HikariPool-1 - Start completed.
2023-02-28 10:22:05 [INFO ] [HikariDataSource.java]close(350) : HikariPool-1 - Shutdown initiated...
2023-02-28 10:22:05 [INFO ] [HikariDataSource.java]close(352) : HikariPool-1 - Shutdown completed.
2023-02-28 10:22:08 [INFO ] [StartupInfoLogger.java]logStarting(55) : Starting mainApplication on DESKTOP-L2ACOJ2 with PID 13940 (D:\workspace\demo1\build\classes\java\main started by user in D:\workspace\demo1)
2023-02-28 10:22:08 [INFO ] [SpringApplication.java]logStartupProfileInfo(651) : No active profile set, falling back to default profiles: default
2023-02-28 10:22:09 [WARN ] [TransformerFactoryUtils.java]defaultSettings(62) : http://javax.xml.XMLConstants/property/accessExternalDTD property not supported by org.apache.xalan.processor.TransformerFactoryImpl
2023-02-28 10:22:09 [WARN ] [TransformerFactoryUtils.java]defaultSettings(70) : http://javax.xml.XMLConstants/property/accessExternalStylesheet property not supported by org.apache.xalan.processor.TransformerFactoryImpl
2023-02-28 10:22:09 [INFO ] [StartupInfoLogger.java]logStarted(61) : Started mainApplication in 2.152 seconds (JVM running for 2.844)
2023-02-28 10:22:20 [WARN ] [HikariConfig.java]validateNumerics(1009) : HikariPool-1 - idleTimeout has been set but has no effect because the pool is operating as a fixed size pool.
2023-02-28 10:22:20 [INFO ] [HikariDataSource.java]getConnection(110) : HikariPool-1 - Starting...
2023-02-28 10:22:20 [INFO ] [HikariDataSource.java]getConnection(123) : HikariPool-1 - Start completed.
2023-02-28 10:27:37 [INFO ] [HikariDataSource.java]close(350) : HikariPool-1 - Shutdown initiated...
2023-02-28 10:27:37 [INFO ] [HikariDataSource.java]close(352) : HikariPool-1 - Shutdown completed.
2023-02-28 10:27:40 [INFO ] [StartupInfoLogger.java]logStarting(55) : Starting mainApplication on DESKTOP-L2ACOJ2 with PID 9192 (D:\workspace\demo1\build\classes\java\main started by user in D:\workspace\demo1)
2023-02-28 10:27:40 [INFO ] [SpringApplication.java]logStartupProfileInfo(651) : No active profile set, falling back to default profiles: default
2023-02-28 10:27:42 [WARN ] [TransformerFactoryUtils.java]defaultSettings(62) : http://javax.xml.XMLConstants/property/accessExternalDTD property not supported by org.apache.xalan.processor.TransformerFactoryImpl
2023-02-28 10:27:42 [WARN ] [TransformerFactoryUtils.java]defaultSettings(70) : http://javax.xml.XMLConstants/property/accessExternalStylesheet property not supported by org.apache.xalan.processor.TransformerFactoryImpl
2023-02-28 10:27:42 [INFO ] [StartupInfoLogger.java]logStarted(61) : Started mainApplication in 2.074 seconds (JVM running for 2.919)
2023-02-28 10:27:50 [WARN ] [HikariConfig.java]validateNumerics(1009) : HikariPool-1 - idleTimeout has been set but has no effect because the pool is operating as a fixed size pool.
2023-02-28 10:27:50 [INFO ] [HikariDataSource.java]getConnection(110) : HikariPool-1 - Starting...
2023-02-28 10:27:50 [INFO ] [HikariDataSource.java]getConnection(123) : HikariPool-1 - Start completed.
2023-02-28 10:28:16 [INFO ] [HikariDataSource.java]close(350) : HikariPool-1 - Shutdown initiated...
2023-02-28 10:28:16 [INFO ] [HikariDataSource.java]close(352) : HikariPool-1 - Shutdown completed.
2023-02-28 10:28:19 [INFO ] [StartupInfoLogger.java]logStarting(55) : Starting mainApplication on DESKTOP-L2ACOJ2 with PID 11820 (D:\workspace\demo1\build\classes\java\main started by user in D:\workspace\demo1)
2023-02-28 10:28:19 [INFO ] [SpringApplication.java]logStartupProfileInfo(651) : No active profile set, falling back to default profiles: default
2023-02-28 10:28:21 [WARN ] [TransformerFactoryUtils.java]defaultSettings(62) : http://javax.xml.XMLConstants/property/accessExternalDTD property not supported by org.apache.xalan.processor.TransformerFactoryImpl
2023-02-28 10:28:21 [WARN ] [TransformerFactoryUtils.java]defaultSettings(70) : http://javax.xml.XMLConstants/property/accessExternalStylesheet property not supported by org.apache.xalan.processor.TransformerFactoryImpl
2023-02-28 10:28:21 [INFO ] [StartupInfoLogger.java]logStarted(61) : Started mainApplication in 2.131 seconds (JVM running for 3.025)
2023-02-28 10:28:29 [WARN ] [HikariConfig.java]validateNumerics(1009) : HikariPool-1 - idleTimeout has been set but has no effect because the pool is operating as a fixed size pool.
2023-02-28 10:28:29 [INFO ] [HikariDataSource.java]getConnection(110) : HikariPool-1 - Starting...
2023-02-28 10:28:29 [INFO ] [HikariDataSource.java]getConnection(123) : HikariPool-1 - Start completed.
2023-02-28 10:51:37 [INFO ] [HikariDataSource.java]close(350) : HikariPool-1 - Shutdown initiated...
2023-02-28 10:51:37 [INFO ] [HikariDataSource.java]close(352) : HikariPool-1 - Shutdown completed.
2023-02-28 10:51:44 [INFO ] [StartupInfoLogger.java]logStarting(55) : Starting mainApplication on DESKTOP-L2ACOJ2 with PID 13944 (D:\workspace\demo1\build\classes\java\main started by user in D:\workspace\demo1)
2023-02-28 10:51:44 [INFO ] [SpringApplication.java]logStartupProfileInfo(651) : No active profile set, falling back to default profiles: default
2023-02-28 10:51:46 [WARN ] [TransformerFactoryUtils.java]defaultSettings(62) : http://javax.xml.XMLConstants/property/accessExternalDTD property not supported by org.apache.xalan.processor.TransformerFactoryImpl
2023-02-28 10:51:46 [WARN ] [TransformerFactoryUtils.java]defaultSettings(70) : http://javax.xml.XMLConstants/property/accessExternalStylesheet property not supported by org.apache.xalan.processor.TransformerFactoryImpl
2023-02-28 10:51:46 [INFO ] [StartupInfoLogger.java]logStarted(61) : Started mainApplication in 2.239 seconds (JVM running for 2.919)
2023-02-28 10:52:12 [WARN ] [HikariConfig.java]validateNumerics(1009) : HikariPool-1 - idleTimeout has been set but has no effect because the pool is operating as a fixed size pool.
2023-02-28 10:52:12 [INFO ] [HikariDataSource.java]getConnection(110) : HikariPool-1 - Starting...
2023-02-28 10:52:12 [INFO ] [HikariDataSource.java]getConnection(123) : HikariPool-1 - Start completed.
2023-02-28 10:55:32 [INFO ] [HikariDataSource.java]close(350) : HikariPool-1 - Shutdown initiated...
2023-02-28 10:55:32 [INFO ] [HikariDataSource.java]close(352) : HikariPool-1 - Shutdown completed.
2023-02-28 10:55:35 [INFO ] [StartupInfoLogger.java]logStarting(55) : Starting mainApplication on DESKTOP-L2ACOJ2 with PID 2596 (D:\workspace\demo1\build\classes\java\main started by user in D:\workspace\demo1)
2023-02-28 10:55:35 [INFO ] [SpringApplication.java]logStartupProfileInfo(651) : No active profile set, falling back to default profiles: default
2023-02-28 10:55:37 [WARN ] [TransformerFactoryUtils.java]defaultSettings(62) : http://javax.xml.XMLConstants/property/accessExternalDTD property not supported by org.apache.xalan.processor.TransformerFactoryImpl
2023-02-28 10:55:37 [WARN ] [TransformerFactoryUtils.java]defaultSettings(70) : http://javax.xml.XMLConstants/property/accessExternalStylesheet property not supported by org.apache.xalan.processor.TransformerFactoryImpl
2023-02-28 10:55:37 [INFO ] [StartupInfoLogger.java]logStarted(61) : Started mainApplication in 2.373 seconds (JVM running for 3.267)
2023-02-28 10:55:37 [WARN ] [HikariConfig.java]validateNumerics(1009) : HikariPool-1 - idleTimeout has been set but has no effect because the pool is operating as a fixed size pool.
2023-02-28 10:55:37 [INFO ] [HikariDataSource.java]getConnection(110) : HikariPool-1 - Starting...
2023-02-28 10:55:38 [INFO ] [HikariDataSource.java]getConnection(123) : HikariPool-1 - Start completed.
2023-02-28 10:56:19 [INFO ] [HikariDataSource.java]close(350) : HikariPool-1 - Shutdown initiated...
2023-02-28 10:56:19 [INFO ] [HikariDataSource.java]close(352) : HikariPool-1 - Shutdown completed.
2023-02-28 10:56:22 [INFO ] [StartupInfoLogger.java]logStarting(55) : Starting mainApplication on DESKTOP-L2ACOJ2 with PID 9236 (D:\workspace\demo1\build\classes\java\main started by user in D:\workspace\demo1)
2023-02-28 10:56:22 [INFO ] [SpringApplication.java]logStartupProfileInfo(651) : No active profile set, falling back to default profiles: default
2023-02-28 10:56:24 [WARN ] [TransformerFactoryUtils.java]defaultSettings(62) : http://javax.xml.XMLConstants/property/accessExternalDTD property not supported by org.apache.xalan.processor.TransformerFactoryImpl
2023-02-28 10:56:24 [WARN ] [TransformerFactoryUtils.java]defaultSettings(70) : http://javax.xml.XMLConstants/property/accessExternalStylesheet property not supported by org.apache.xalan.processor.TransformerFactoryImpl
2023-02-28 10:56:24 [INFO ] [StartupInfoLogger.java]logStarted(61) : Started mainApplication in 2.06 seconds (JVM running for 2.916)
2023-02-28 10:56:34 [WARN ] [HikariConfig.java]validateNumerics(1009) : HikariPool-1 - idleTimeout has been set but has no effect because the pool is operating as a fixed size pool.
2023-02-28 10:56:34 [INFO ] [HikariDataSource.java]getConnection(110) : HikariPool-1 - Starting...
2023-02-28 10:56:34 [INFO ] [HikariDataSource.java]getConnection(123) : HikariPool-1 - Start completed.
2023-02-28 10:57:01 [INFO ] [HikariDataSource.java]close(350) : HikariPool-1 - Shutdown initiated...
2023-02-28 10:57:01 [INFO ] [HikariDataSource.java]close(352) : HikariPool-1 - Shutdown completed.
2023-02-28 10:57:04 [INFO ] [StartupInfoLogger.java]logStarting(55) : Starting mainApplication on DESKTOP-L2ACOJ2 with PID 1164 (D:\workspace\demo1\build\classes\java\main started by user in D:\workspace\demo1)
2023-02-28 10:57:04 [INFO ] [SpringApplication.java]logStartupProfileInfo(651) : No active profile set, falling back to default profiles: default
2023-02-28 10:57:06 [WARN ] [TransformerFactoryUtils.java]defaultSettings(62) : http://javax.xml.XMLConstants/property/accessExternalDTD property not supported by org.apache.xalan.processor.TransformerFactoryImpl
2023-02-28 10:57:06 [WARN ] [TransformerFactoryUtils.java]defaultSettings(70) : http://javax.xml.XMLConstants/property/accessExternalStylesheet property not supported by org.apache.xalan.processor.TransformerFactoryImpl
2023-02-28 10:57:06 [INFO ] [StartupInfoLogger.java]logStarted(61) : Started mainApplication in 2.151 seconds (JVM running for 3.007)
2023-02-28 10:57:16 [WARN ] [HikariConfig.java]validateNumerics(1009) : HikariPool-1 - idleTimeout has been set but has no effect because the pool is operating as a fixed size pool.
2023-02-28 10:57:16 [INFO ] [HikariDataSource.java]getConnection(110) : HikariPool-1 - Starting...
2023-02-28 10:57:16 [INFO ] [HikariDataSource.java]getConnection(123) : HikariPool-1 - Start completed.
2023-02-28 10:58:17 [INFO ] [HikariDataSource.java]close(350) : HikariPool-1 - Shutdown initiated...
2023-02-28 10:58:17 [INFO ] [HikariDataSource.java]close(352) : HikariPool-1 - Shutdown completed.
2023-02-28 10:58:20 [INFO ] [StartupInfoLogger.java]logStarting(55) : Starting mainApplication on DESKTOP-L2ACOJ2 with PID 13420 (D:\workspace\demo1\build\classes\java\main started by user in D:\workspace\demo1)
2023-02-28 10:58:20 [INFO ] [SpringApplication.java]logStartupProfileInfo(651) : No active profile set, falling back to default profiles: default
2023-02-28 10:58:21 [WARN ] [TransformerFactoryUtils.java]defaultSettings(62) : http://javax.xml.XMLConstants/property/accessExternalDTD property not supported by org.apache.xalan.processor.TransformerFactoryImpl
2023-02-28 10:58:21 [WARN ] [TransformerFactoryUtils.java]defaultSettings(70) : http://javax.xml.XMLConstants/property/accessExternalStylesheet property not supported by org.apache.xalan.processor.TransformerFactoryImpl
2023-02-28 10:58:21 [INFO ] [StartupInfoLogger.java]logStarted(61) : Started mainApplication in 2.086 seconds (JVM running for 2.889)
2023-02-28 10:58:33 [WARN ] [HikariConfig.java]validateNumerics(1009) : HikariPool-1 - idleTimeout has been set but has no effect because the pool is operating as a fixed size pool.
2023-02-28 10:58:33 [INFO ] [HikariDataSource.java]getConnection(110) : HikariPool-1 - Starting...
2023-02-28 10:58:34 [INFO ] [HikariDataSource.java]getConnection(123) : HikariPool-1 - Start completed.
2023-02-28 11:30:03 [WARN ] [HikariPool.java]run(787) : HikariPool-1 - Thread starvation or clock leap detected (housekeeper delta=2m28s503ms397µs900ns).
2023-02-28 11:38:49 [INFO ] [HikariDataSource.java]close(350) : HikariPool-1 - Shutdown initiated...
2023-02-28 11:38:49 [INFO ] [HikariDataSource.java]close(352) : HikariPool-1 - Shutdown completed.
2023-02-28 11:38:52 [INFO ] [StartupInfoLogger.java]logStarting(55) : Starting mainApplication on DESKTOP-L2ACOJ2 with PID 8612 (D:\workspace\demo1\build\classes\java\main started by user in D:\workspace\demo1)
2023-02-28 11:38:52 [INFO ] [SpringApplication.java]logStartupProfileInfo(651) : No active profile set, falling back to default profiles: default
2023-02-28 11:38:53 [WARN ] [TransformerFactoryUtils.java]defaultSettings(62) : http://javax.xml.XMLConstants/property/accessExternalDTD property not supported by org.apache.xalan.processor.TransformerFactoryImpl
2023-02-28 11:38:53 [WARN ] [TransformerFactoryUtils.java]defaultSettings(70) : http://javax.xml.XMLConstants/property/accessExternalStylesheet property not supported by org.apache.xalan.processor.TransformerFactoryImpl
2023-02-28 11:38:54 [INFO ] [StartupInfoLogger.java]logStarted(61) : Started mainApplication in 2.284 seconds (JVM running for 2.969)
2023-02-28 11:38:57 [WARN ] [HikariConfig.java]validateNumerics(1009) : HikariPool-1 - idleTimeout has been set but has no effect because the pool is operating as a fixed size pool.
2023-02-28 11:38:57 [INFO ] [HikariDataSource.java]getConnection(110) : HikariPool-1 - Starting...
2023-02-28 11:38:57 [INFO ] [HikariDataSource.java]getConnection(123) : HikariPool-1 - Start completed.
2023-02-28 11:39:17 [INFO ] [HikariDataSource.java]close(350) : HikariPool-1 - Shutdown initiated...
2023-02-28 11:39:17 [INFO ] [HikariDataSource.java]close(352) : HikariPool-1 - Shutdown completed.
2023-02-28 11:39:19 [INFO ] [StartupInfoLogger.java]logStarting(55) : Starting mainApplication on DESKTOP-L2ACOJ2 with PID 924 (D:\workspace\demo1\build\classes\java\main started by user in D:\workspace\demo1)
2023-02-28 11:39:19 [INFO ] [SpringApplication.java]logStartupProfileInfo(651) : No active profile set, falling back to default profiles: default
2023-02-28 11:39:21 [WARN ] [TransformerFactoryUtils.java]defaultSettings(62) : http://javax.xml.XMLConstants/property/accessExternalDTD property not supported by org.apache.xalan.processor.TransformerFactoryImpl
2023-02-28 11:39:21 [WARN ] [TransformerFactoryUtils.java]defaultSettings(70) : http://javax.xml.XMLConstants/property/accessExternalStylesheet property not supported by org.apache.xalan.processor.TransformerFactoryImpl
2023-02-28 11:39:21 [INFO ] [StartupInfoLogger.java]logStarted(61) : Started mainApplication in 2.274 seconds (JVM running for 3.008)
2023-02-28 11:39:23 [WARN ] [HikariConfig.java]validateNumerics(1009) : HikariPool-1 - idleTimeout has been set but has no effect because the pool is operating as a fixed size pool.
2023-02-28 11:39:23 [INFO ] [HikariDataSource.java]getConnection(110) : HikariPool-1 - Starting...
2023-02-28 11:39:24 [INFO ] [HikariDataSource.java]getConnection(123) : HikariPool-1 - Start completed.
2023-02-28 11:40:18 [INFO ] [HikariDataSource.java]close(350) : HikariPool-1 - Shutdown initiated...
2023-02-28 11:40:18 [INFO ] [HikariDataSource.java]close(352) : HikariPool-1 - Shutdown completed.
2023-02-28 11:40:21 [INFO ] [StartupInfoLogger.java]logStarting(55) : Starting mainApplication on DESKTOP-L2ACOJ2 with PID 588 (D:\workspace\demo1\build\classes\java\main started by user in D:\workspace\demo1)
2023-02-28 11:40:21 [INFO ] [SpringApplication.java]logStartupProfileInfo(651) : No active profile set, falling back to default profiles: default
2023-02-28 11:40:23 [WARN ] [TransformerFactoryUtils.java]defaultSettings(62) : http://javax.xml.XMLConstants/property/accessExternalDTD property not supported by org.apache.xalan.processor.TransformerFactoryImpl
2023-02-28 11:40:23 [WARN ] [TransformerFactoryUtils.java]defaultSettings(70) : http://javax.xml.XMLConstants/property/accessExternalStylesheet property not supported by org.apache.xalan.processor.TransformerFactoryImpl
2023-02-28 11:40:23 [INFO ] [StartupInfoLogger.java]logStarted(61) : Started mainApplication in 2.248 seconds (JVM running for 3.047)
2023-02-28 11:40:29 [WARN ] [HikariConfig.java]validateNumerics(1009) : HikariPool-1 - idleTimeout has been set but has no effect because the pool is operating as a fixed size pool.
2023-02-28 11:40:29 [INFO ] [HikariDataSource.java]getConnection(110) : HikariPool-1 - Starting...
2023-02-28 11:40:30 [INFO ] [HikariDataSource.java]getConnection(123) : HikariPool-1 - Start completed.
2023-02-28 11:48:09 [INFO ] [HikariDataSource.java]close(350) : HikariPool-1 - Shutdown initiated...
2023-02-28 11:48:09 [INFO ] [HikariDataSource.java]close(352) : HikariPool-1 - Shutdown completed.
2023-02-28 11:48:13 [INFO ] [StartupInfoLogger.java]logStarting(55) : Starting mainApplication on DESKTOP-L2ACOJ2 with PID 5760 (D:\workspace\demo1\build\classes\java\main started by user in D:\workspace\demo1)
2023-02-28 11:48:13 [INFO ] [SpringApplication.java]logStartupProfileInfo(651) : No active profile set, falling back to default profiles: default
2023-02-28 11:48:15 [WARN ] [TransformerFactoryUtils.java]defaultSettings(62) : http://javax.xml.XMLConstants/property/accessExternalDTD property not supported by org.apache.xalan.processor.TransformerFactoryImpl
2023-02-28 11:48:15 [WARN ] [TransformerFactoryUtils.java]defaultSettings(70) : http://javax.xml.XMLConstants/property/accessExternalStylesheet property not supported by org.apache.xalan.processor.TransformerFactoryImpl
2023-02-28 11:48:15 [INFO ] [StartupInfoLogger.java]logStarted(61) : Started mainApplication in 2.084 seconds (JVM running for 2.832)
2023-02-28 11:48:18 [WARN ] [HikariConfig.java]validateNumerics(1009) : HikariPool-1 - idleTimeout has been set but has no effect because the pool is operating as a fixed size pool.
2023-02-28 11:48:18 [INFO ] [HikariDataSource.java]getConnection(110) : HikariPool-1 - Starting...
2023-02-28 11:48:19 [INFO ] [HikariDataSource.java]getConnection(123) : HikariPool-1 - Start completed.
2023-02-28 12:04:11 [INFO ] [HikariDataSource.java]close(350) : HikariPool-1 - Shutdown initiated...
2023-02-28 12:04:11 [INFO ] [HikariDataSource.java]close(352) : HikariPool-1 - Shutdown completed.
2023-02-28 12:04:14 [INFO ] [StartupInfoLogger.java]logStarting(55) : Starting mainApplication on DESKTOP-L2ACOJ2 with PID 10988 (D:\workspace\demo1\build\classes\java\main started by user in D:\workspace\demo1)
2023-02-28 12:04:14 [INFO ] [SpringApplication.java]logStartupProfileInfo(651) : No active profile set, falling back to default profiles: default
2023-02-28 12:04:16 [WARN ] [TransformerFactoryUtils.java]defaultSettings(62) : http://javax.xml.XMLConstants/property/accessExternalDTD property not supported by org.apache.xalan.processor.TransformerFactoryImpl
2023-02-28 12:04:16 [WARN ] [TransformerFactoryUtils.java]defaultSettings(70) : http://javax.xml.XMLConstants/property/accessExternalStylesheet property not supported by org.apache.xalan.processor.TransformerFactoryImpl
2023-02-28 12:04:16 [INFO ] [StartupInfoLogger.java]logStarted(61) : Started mainApplication in 2.335 seconds (JVM running for 3.053)
2023-02-28 12:04:18 [WARN ] [HikariConfig.java]validateNumerics(1009) : HikariPool-1 - idleTimeout has been set but has no effect because the pool is operating as a fixed size pool.
2023-02-28 12:04:18 [INFO ] [HikariDataSource.java]getConnection(110) : HikariPool-1 - Starting...
2023-02-28 12:04:19 [INFO ] [HikariDataSource.java]getConnection(123) : HikariPool-1 - Start completed.
2023-02-28 12:55:11 [WARN ] [HikariPool.java]run(787) : HikariPool-1 - Thread starvation or clock leap detected (housekeeper delta=40m21s961ms115µs300ns).
2023-02-28 13:07:42 [WARN ] [HikariPool.java]run(787) : HikariPool-1 - Thread starvation or clock leap detected (housekeeper delta=12m30s862ms805µs400ns).
2023-02-28 13:20:32 [INFO ] [HikariDataSource.java]close(350) : HikariPool-1 - Shutdown initiated...
2023-02-28 13:20:32 [INFO ] [HikariDataSource.java]close(352) : HikariPool-1 - Shutdown completed.
2023-02-28 13:20:35 [INFO ] [StartupInfoLogger.java]logStarting(55) : Starting mainApplication on DESKTOP-L2ACOJ2 with PID 9428 (D:\workspace\demo1\build\classes\java\main started by user in D:\workspace\demo1)
2023-02-28 13:20:35 [INFO ] [SpringApplication.java]logStartupProfileInfo(651) : No active profile set, falling back to default profiles: default
2023-02-28 13:20:37 [WARN ] [TransformerFactoryUtils.java]defaultSettings(62) : http://javax.xml.XMLConstants/property/accessExternalDTD property not supported by org.apache.xalan.processor.TransformerFactoryImpl
2023-02-28 13:20:37 [WARN ] [TransformerFactoryUtils.java]defaultSettings(70) : http://javax.xml.XMLConstants/property/accessExternalStylesheet property not supported by org.apache.xalan.processor.TransformerFactoryImpl
2023-02-28 13:20:37 [INFO ] [StartupInfoLogger.java]logStarted(61) : Started mainApplication in 2.089 seconds (JVM running for 2.758)
2023-02-28 13:20:53 [WARN ] [HikariConfig.java]validateNumerics(1009) : HikariPool-1 - idleTimeout has been set but has no effect because the pool is operating as a fixed size pool.
2023-02-28 13:20:53 [INFO ] [HikariDataSource.java]getConnection(110) : HikariPool-1 - Starting...
2023-02-28 13:20:53 [INFO ] [HikariDataSource.java]getConnection(123) : HikariPool-1 - Start completed.
2023-02-28 13:22:33 [INFO ] [HikariDataSource.java]close(350) : HikariPool-1 - Shutdown initiated...
2023-02-28 13:22:33 [INFO ] [HikariDataSource.java]close(352) : HikariPool-1 - Shutdown completed.
2023-02-28 13:22:36 [INFO ] [StartupInfoLogger.java]logStarting(55) : Starting mainApplication on DESKTOP-L2ACOJ2 with PID 14456 (D:\workspace\demo1\build\classes\java\main started by user in D:\workspace\demo1)
2023-02-28 13:22:36 [INFO ] [SpringApplication.java]logStartupProfileInfo(651) : No active profile set, falling back to default profiles: default
2023-02-28 13:22:38 [WARN ] [TransformerFactoryUtils.java]defaultSettings(62) : http://javax.xml.XMLConstants/property/accessExternalDTD property not supported by org.apache.xalan.processor.TransformerFactoryImpl
2023-02-28 13:22:38 [WARN ] [TransformerFactoryUtils.java]defaultSettings(70) : http://javax.xml.XMLConstants/property/accessExternalStylesheet property not supported by org.apache.xalan.processor.TransformerFactoryImpl
2023-02-28 13:22:38 [INFO ] [StartupInfoLogger.java]logStarted(61) : Started mainApplication in 2.313 seconds (JVM running for 3.034)
2023-02-28 13:22:43 [WARN ] [HikariConfig.java]validateNumerics(1009) : HikariPool-1 - idleTimeout has been set but has no effect because the pool is operating as a fixed size pool.
2023-02-28 13:22:43 [INFO ] [HikariDataSource.java]getConnection(110) : HikariPool-1 - Starting...
2023-02-28 13:22:44 [INFO ] [HikariDataSource.java]getConnection(123) : HikariPool-1 - Start completed.
2023-02-28 13:24:01 [INFO ] [HikariDataSource.java]close(350) : HikariPool-1 - Shutdown initiated...
2023-02-28 13:24:01 [INFO ] [HikariDataSource.java]close(352) : HikariPool-1 - Shutdown completed.
2023-02-28 13:24:05 [INFO ] [StartupInfoLogger.java]logStarting(55) : Starting mainApplication on DESKTOP-L2ACOJ2 with PID 2700 (D:\workspace\demo1\build\classes\java\main started by user in D:\workspace\demo1)
2023-02-28 13:24:05 [INFO ] [SpringApplication.java]logStartupProfileInfo(651) : No active profile set, falling back to default profiles: default
2023-02-28 13:24:06 [WARN ] [TransformerFactoryUtils.java]defaultSettings(62) : http://javax.xml.XMLConstants/property/accessExternalDTD property not supported by org.apache.xalan.processor.TransformerFactoryImpl
2023-02-28 13:24:06 [WARN ] [TransformerFactoryUtils.java]defaultSettings(70) : http://javax.xml.XMLConstants/property/accessExternalStylesheet property not supported by org.apache.xalan.processor.TransformerFactoryImpl
2023-02-28 13:24:07 [INFO ] [StartupInfoLogger.java]logStarted(61) : Started mainApplication in 2.097 seconds (JVM running for 2.785)
2023-02-28 13:24:18 [WARN ] [HikariConfig.java]validateNumerics(1009) : HikariPool-1 - idleTimeout has been set but has no effect because the pool is operating as a fixed size pool.
2023-02-28 13:24:18 [INFO ] [HikariDataSource.java]getConnection(110) : HikariPool-1 - Starting...
2023-02-28 13:24:19 [INFO ] [HikariDataSource.java]getConnection(123) : HikariPool-1 - Start completed.
2023-02-28 13:24:49 [INFO ] [HikariDataSource.java]close(350) : HikariPool-1 - Shutdown initiated...
2023-02-28 13:24:49 [INFO ] [HikariDataSource.java]close(352) : HikariPool-1 - Shutdown completed.
2023-02-28 13:24:52 [INFO ] [StartupInfoLogger.java]logStarting(55) : Starting mainApplication on DESKTOP-L2ACOJ2 with PID 8316 (D:\workspace\demo1\build\classes\java\main started by user in D:\workspace\demo1)
2023-02-28 13:24:52 [INFO ] [SpringApplication.java]logStartupProfileInfo(651) : No active profile set, falling back to default profiles: default
2023-02-28 13:24:54 [WARN ] [TransformerFactoryUtils.java]defaultSettings(62) : http://javax.xml.XMLConstants/property/accessExternalDTD property not supported by org.apache.xalan.processor.TransformerFactoryImpl
2023-02-28 13:24:54 [WARN ] [TransformerFactoryUtils.java]defaultSettings(70) : http://javax.xml.XMLConstants/property/accessExternalStylesheet property not supported by org.apache.xalan.processor.TransformerFactoryImpl
2023-02-28 13:24:54 [INFO ] [StartupInfoLogger.java]logStarted(61) : Started mainApplication in 2.217 seconds (JVM running for 2.989)
2023-02-28 13:25:45 [WARN ] [HikariConfig.java]validateNumerics(1009) : HikariPool-1 - idleTimeout has been set but has no effect because the pool is operating as a fixed size pool.
2023-02-28 13:25:45 [INFO ] [HikariDataSource.java]getConnection(110) : HikariPool-1 - Starting...
2023-02-28 13:25:45 [INFO ] [HikariDataSource.java]getConnection(123) : HikariPool-1 - Start completed.
2023-02-28 13:47:26 [WARN ] [HikariPool.java]run(787) : HikariPool-1 - Thread starvation or clock leap detected (housekeeper delta=3m41s140ms889µs600ns).
2023-02-28 13:49:20 [INFO ] [HikariDataSource.java]close(350) : HikariPool-1 - Shutdown initiated...
2023-02-28 13:49:20 [INFO ] [HikariDataSource.java]close(352) : HikariPool-1 - Shutdown completed.
2023-02-28 13:49:23 [INFO ] [StartupInfoLogger.java]logStarting(55) : Starting mainApplication on DESKTOP-L2ACOJ2 with PID 14700 (D:\workspace\demo1\build\classes\java\main started by user in D:\workspace\demo1)
2023-02-28 13:49:23 [INFO ] [SpringApplication.java]logStartupProfileInfo(651) : No active profile set, falling back to default profiles: default
2023-02-28 13:49:25 [WARN ] [TransformerFactoryUtils.java]defaultSettings(62) : http://javax.xml.XMLConstants/property/accessExternalDTD property not supported by org.apache.xalan.processor.TransformerFactoryImpl
2023-02-28 13:49:25 [WARN ] [TransformerFactoryUtils.java]defaultSettings(70) : http://javax.xml.XMLConstants/property/accessExternalStylesheet property not supported by org.apache.xalan.processor.TransformerFactoryImpl
2023-02-28 13:49:25 [INFO ] [StartupInfoLogger.java]logStarted(61) : Started mainApplication in 2.497 seconds (JVM running for 3.392)
2023-02-28 14:14:54 [WARN ] [HikariConfig.java]validateNumerics(1009) : HikariPool-1 - idleTimeout has been set but has no effect because the pool is operating as a fixed size pool.
2023-02-28 14:14:54 [INFO ] [HikariDataSource.java]getConnection(110) : HikariPool-1 - Starting...
2023-02-28 14:14:55 [INFO ] [HikariDataSource.java]getConnection(123) : HikariPool-1 - Start completed.
2023-02-28 14:18:31 [INFO ] [HikariDataSource.java]close(350) : HikariPool-1 - Shutdown initiated...
2023-02-28 14:18:31 [INFO ] [HikariDataSource.java]close(352) : HikariPool-1 - Shutdown completed.
2023-02-28 14:18:34 [INFO ] [StartupInfoLogger.java]logStarting(55) : Starting mainApplication on DESKTOP-L2ACOJ2 with PID 8736 (D:\workspace\demo1\build\classes\java\main started by user in D:\workspace\demo1)
2023-02-28 14:18:34 [INFO ] [SpringApplication.java]logStartupProfileInfo(651) : No active profile set, falling back to default profiles: default
2023-02-28 14:18:36 [WARN ] [TransformerFactoryUtils.java]defaultSettings(62) : http://javax.xml.XMLConstants/property/accessExternalDTD property not supported by org.apache.xalan.processor.TransformerFactoryImpl
2023-02-28 14:18:36 [WARN ] [TransformerFactoryUtils.java]defaultSettings(70) : http://javax.xml.XMLConstants/property/accessExternalStylesheet property not supported by org.apache.xalan.processor.TransformerFactoryImpl
2023-02-28 14:18:36 [INFO ] [StartupInfoLogger.java]logStarted(61) : Started mainApplication in 2.26 seconds (JVM running for 3.052)
2023-02-28 14:38:32 [INFO ] [StartupInfoLogger.java]logStarting(55) : Starting mainApplication on DESKTOP-L2ACOJ2 with PID 4532 (D:\workspace\demo1\build\classes\java\main started by user in D:\workspace\demo1)
2023-02-28 14:38:32 [INFO ] [SpringApplication.java]logStartupProfileInfo(651) : No active profile set, falling back to default profiles: default
2023-02-28 14:38:34 [WARN ] [TransformerFactoryUtils.java]defaultSettings(62) : http://javax.xml.XMLConstants/property/accessExternalDTD property not supported by org.apache.xalan.processor.TransformerFactoryImpl
2023-02-28 14:38:34 [WARN ] [TransformerFactoryUtils.java]defaultSettings(70) : http://javax.xml.XMLConstants/property/accessExternalStylesheet property not supported by org.apache.xalan.processor.TransformerFactoryImpl
2023-02-28 14:38:34 [INFO ] [StartupInfoLogger.java]logStarted(61) : Started mainApplication in 2.408 seconds (JVM running for 3.188)
2023-02-28 14:40:32 [INFO ] [StartupInfoLogger.java]logStarting(55) : Starting mainApplication on DESKTOP-L2ACOJ2 with PID 15268 (D:\workspace\demo1\build\classes\java\main started by user in D:\workspace\demo1)
2023-02-28 14:40:32 [INFO ] [SpringApplication.java]logStartupProfileInfo(651) : No active profile set, falling back to default profiles: default
2023-02-28 14:40:33 [WARN ] [TransformerFactoryUtils.java]defaultSettings(62) : http://javax.xml.XMLConstants/property/accessExternalDTD property not supported by org.apache.xalan.processor.TransformerFactoryImpl
2023-02-28 14:40:33 [WARN ] [TransformerFactoryUtils.java]defaultSettings(70) : http://javax.xml.XMLConstants/property/accessExternalStylesheet property not supported by org.apache.xalan.processor.TransformerFactoryImpl
2023-02-28 14:40:34 [INFO ] [StartupInfoLogger.java]logStarted(61) : Started mainApplication in 2.269 seconds (JVM running for 2.976)
2023-02-28 14:40:48 [INFO ] [StartupInfoLogger.java]logStarting(55) : Starting mainApplication on DESKTOP-L2ACOJ2 with PID 13516 (D:\workspace\demo1\build\classes\java\main started by user in D:\workspace\demo1)
2023-02-28 14:40:48 [INFO ] [SpringApplication.java]logStartupProfileInfo(651) : No active profile set, falling back to default profiles: default
2023-02-28 14:40:50 [WARN ] [TransformerFactoryUtils.java]defaultSettings(62) : http://javax.xml.XMLConstants/property/accessExternalDTD property not supported by org.apache.xalan.processor.TransformerFactoryImpl
2023-02-28 14:40:50 [WARN ] [TransformerFactoryUtils.java]defaultSettings(70) : http://javax.xml.XMLConstants/property/accessExternalStylesheet property not supported by org.apache.xalan.processor.TransformerFactoryImpl
2023-02-28 14:40:50 [INFO ] [StartupInfoLogger.java]logStarted(61) : Started mainApplication in 2.308 seconds (JVM running for 3.05)
2023-02-28 14:50:20 [INFO ] [StartupInfoLogger.java]logStarting(55) : Starting mainApplication on DESKTOP-L2ACOJ2 with PID 2468 (D:\workspace\demo1\build\classes\java\main started by user in D:\workspace\demo1)
2023-02-28 14:50:20 [INFO ] [SpringApplication.java]logStartupProfileInfo(651) : No active profile set, falling back to default profiles: default
2023-02-28 14:50:22 [WARN ] [TransformerFactoryUtils.java]defaultSettings(62) : http://javax.xml.XMLConstants/property/accessExternalDTD property not supported by org.apache.xalan.processor.TransformerFactoryImpl
2023-02-28 14:50:22 [WARN ] [TransformerFactoryUtils.java]defaultSettings(70) : http://javax.xml.XMLConstants/property/accessExternalStylesheet property not supported by org.apache.xalan.processor.TransformerFactoryImpl
2023-02-28 14:50:22 [INFO ] [StartupInfoLogger.java]logStarted(61) : Started mainApplication in 2.457 seconds (JVM running for 3.324)
2023-02-28 14:50:31 [WARN ] [HikariConfig.java]validateNumerics(1009) : HikariPool-1 - idleTimeout has been set but has no effect because the pool is operating as a fixed size pool.
2023-02-28 14:50:31 [INFO ] [HikariDataSource.java]getConnection(110) : HikariPool-1 - Starting...
2023-02-28 14:50:31 [INFO ] [HikariDataSource.java]getConnection(123) : HikariPool-1 - Start completed.
2023-02-28 14:52:46 [INFO ] [HikariDataSource.java]close(350) : HikariPool-1 - Shutdown initiated...
2023-02-28 14:52:46 [INFO ] [HikariDataSource.java]close(352) : HikariPool-1 - Shutdown completed.
2023-02-28 14:52:49 [INFO ] [StartupInfoLogger.java]logStarting(55) : Starting mainApplication on DESKTOP-L2ACOJ2 with PID 11924 (D:\workspace\demo1\build\classes\java\main started by user in D:\workspace\demo1)
2023-02-28 14:52:49 [INFO ] [SpringApplication.java]logStartupProfileInfo(651) : No active profile set, falling back to default profiles: default
2023-02-28 14:52:51 [WARN ] [TransformerFactoryUtils.java]defaultSettings(62) : http://javax.xml.XMLConstants/property/accessExternalDTD property not supported by org.apache.xalan.processor.TransformerFactoryImpl
2023-02-28 14:52:51 [WARN ] [TransformerFactoryUtils.java]defaultSettings(70) : http://javax.xml.XMLConstants/property/accessExternalStylesheet property not supported by org.apache.xalan.processor.TransformerFactoryImpl
2023-02-28 14:52:51 [INFO ] [StartupInfoLogger.java]logStarted(61) : Started mainApplication in 2.52 seconds (JVM running for 3.361)
2023-02-28 14:54:08 [INFO ] [StartupInfoLogger.java]logStarting(55) : Starting mainApplication on DESKTOP-L2ACOJ2 with PID 14884 (D:\workspace\demo1\build\classes\java\main started by user in D:\workspace\demo1)
2023-02-28 14:54:08 [INFO ] [SpringApplication.java]logStartupProfileInfo(651) : No active profile set, falling back to default profiles: default
2023-02-28 14:54:10 [WARN ] [TransformerFactoryUtils.java]defaultSettings(62) : http://javax.xml.XMLConstants/property/accessExternalDTD property not supported by org.apache.xalan.processor.TransformerFactoryImpl
2023-02-28 14:54:10 [WARN ] [TransformerFactoryUtils.java]defaultSettings(70) : http://javax.xml.XMLConstants/property/accessExternalStylesheet property not supported by org.apache.xalan.processor.TransformerFactoryImpl
2023-02-28 14:54:10 [INFO ] [StartupInfoLogger.java]logStarted(61) : Started mainApplication in 2.515 seconds (JVM running for 3.294)
2023-02-28 14:55:36 [INFO ] [StartupInfoLogger.java]logStarting(55) : Starting mainApplication on DESKTOP-L2ACOJ2 with PID 3380 (D:\workspace\demo1\build\classes\java\main started by user in D:\workspace\demo1)
2023-02-28 14:55:36 [INFO ] [SpringApplication.java]logStartupProfileInfo(651) : No active profile set, falling back to default profiles: default
2023-02-28 14:55:38 [WARN ] [TransformerFactoryUtils.java]defaultSettings(62) : http://javax.xml.XMLConstants/property/accessExternalDTD property not supported by org.apache.xalan.processor.TransformerFactoryImpl
2023-02-28 14:55:38 [WARN ] [TransformerFactoryUtils.java]defaultSettings(70) : http://javax.xml.XMLConstants/property/accessExternalStylesheet property not supported by org.apache.xalan.processor.TransformerFactoryImpl
2023-02-28 14:55:38 [INFO ] [StartupInfoLogger.java]logStarted(61) : Started mainApplication in 2.593 seconds (JVM running for 3.452)
2023-02-28 14:55:58 [INFO ] [StartupInfoLogger.java]logStarting(55) : Starting mainApplication on DESKTOP-L2ACOJ2 with PID 9192 (D:\workspace\demo1\build\classes\java\main started by user in D:\workspace\demo1)
2023-02-28 14:55:58 [INFO ] [SpringApplication.java]logStartupProfileInfo(651) : No active profile set, falling back to default profiles: default
2023-02-28 14:56:00 [WARN ] [TransformerFactoryUtils.java]defaultSettings(62) : http://javax.xml.XMLConstants/property/accessExternalDTD property not supported by org.apache.xalan.processor.TransformerFactoryImpl
2023-02-28 14:56:00 [WARN ] [TransformerFactoryUtils.java]defaultSettings(70) : http://javax.xml.XMLConstants/property/accessExternalStylesheet property not supported by org.apache.xalan.processor.TransformerFactoryImpl
2023-02-28 14:56:00 [INFO ] [StartupInfoLogger.java]logStarted(61) : Started mainApplication in 2.626 seconds (JVM running for 3.394)
2023-02-28 14:59:41 [INFO ] [StartupInfoLogger.java]logStarting(55) : Starting mainApplication on DESKTOP-L2ACOJ2 with PID 3756 (D:\workspace\demo1\build\classes\java\main started by user in D:\workspace\demo1)
2023-02-28 14:59:41 [INFO ] [SpringApplication.java]logStartupProfileInfo(651) : No active profile set, falling back to default profiles: default
2023-02-28 14:59:44 [WARN ] [TransformerFactoryUtils.java]defaultSettings(62) : http://javax.xml.XMLConstants/property/accessExternalDTD property not supported by org.apache.xalan.processor.TransformerFactoryImpl
2023-02-28 14:59:44 [WARN ] [TransformerFactoryUtils.java]defaultSettings(70) : http://javax.xml.XMLConstants/property/accessExternalStylesheet property not supported by org.apache.xalan.processor.TransformerFactoryImpl
2023-02-28 14:59:44 [INFO ] [StartupInfoLogger.java]logStarted(61) : Started mainApplication in 2.517 seconds (JVM running for 3.35)
2023-02-28 15:00:31 [INFO ] [StartupInfoLogger.java]logStarting(55) : Starting mainApplication on DESKTOP-L2ACOJ2 with PID 7480 (D:\workspace\demo1\build\classes\java\main started by user in D:\workspace\demo1)
2023-02-28 15:00:31 [INFO ] [SpringApplication.java]logStartupProfileInfo(651) : No active profile set, falling back to default profiles: default
2023-02-28 15:00:33 [WARN ] [TransformerFactoryUtils.java]defaultSettings(62) : http://javax.xml.XMLConstants/property/accessExternalDTD property not supported by org.apache.xalan.processor.TransformerFactoryImpl
2023-02-28 15:00:33 [WARN ] [TransformerFactoryUtils.java]defaultSettings(70) : http://javax.xml.XMLConstants/property/accessExternalStylesheet property not supported by org.apache.xalan.processor.TransformerFactoryImpl
2023-02-28 15:00:33 [INFO ] [StartupInfoLogger.java]logStarted(61) : Started mainApplication in 2.726 seconds (JVM running for 3.488)
2023-02-28 15:02:13 [INFO ] [StartupInfoLogger.java]logStarting(55) : Starting mainApplication on DESKTOP-L2ACOJ2 with PID 15096 (D:\workspace\demo1\build\classes\java\main started by user in D:\workspace\demo1)
2023-02-28 15:02:13 [INFO ] [SpringApplication.java]logStartupProfileInfo(651) : No active profile set, falling back to default profiles: default
2023-02-28 15:02:15 [WARN ] [TransformerFactoryUtils.java]defaultSettings(62) : http://javax.xml.XMLConstants/property/accessExternalDTD property not supported by org.apache.xalan.processor.TransformerFactoryImpl
2023-02-28 15:02:15 [WARN ] [TransformerFactoryUtils.java]defaultSettings(70) : http://javax.xml.XMLConstants/property/accessExternalStylesheet property not supported by org.apache.xalan.processor.TransformerFactoryImpl
2023-02-28 15:02:15 [INFO ] [StartupInfoLogger.java]logStarted(61) : Started mainApplication in 2.474 seconds (JVM running for 3.248)
2023-02-28 15:05:15 [INFO ] [StartupInfoLogger.java]logStarting(55) : Starting mainApplication on DESKTOP-L2ACOJ2 with PID 1344 (D:\workspace\demo1\build\classes\java\main started by user in D:\workspace\demo1)
2023-02-28 15:05:15 [INFO ] [SpringApplication.java]logStartupProfileInfo(651) : No active profile set, falling back to default profiles: default
2023-02-28 15:05:18 [WARN ] [TransformerFactoryUtils.java]defaultSettings(62) : http://javax.xml.XMLConstants/property/accessExternalDTD property not supported by org.apache.xalan.processor.TransformerFactoryImpl
2023-02-28 15:05:18 [WARN ] [TransformerFactoryUtils.java]defaultSettings(70) : http://javax.xml.XMLConstants/property/accessExternalStylesheet property not supported by org.apache.xalan.processor.TransformerFactoryImpl
2023-02-28 15:05:18 [INFO ] [StartupInfoLogger.java]logStarted(61) : Started mainApplication in 2.732 seconds (JVM running for 3.635)
2023-02-28 15:06:37 [INFO ] [StartupInfoLogger.java]logStarting(55) : Starting mainApplication on DESKTOP-L2ACOJ2 with PID 14500 (D:\workspace\demo1\build\classes\java\main started by user in D:\workspace\demo1)
2023-02-28 15:06:37 [INFO ] [SpringApplication.java]logStartupProfileInfo(651) : No active profile set, falling back to default profiles: default
2023-02-28 15:06:39 [WARN ] [TransformerFactoryUtils.java]defaultSettings(62) : http://javax.xml.XMLConstants/property/accessExternalDTD property not supported by org.apache.xalan.processor.TransformerFactoryImpl
2023-02-28 15:06:39 [WARN ] [TransformerFactoryUtils.java]defaultSettings(70) : http://javax.xml.XMLConstants/property/accessExternalStylesheet property not supported by org.apache.xalan.processor.TransformerFactoryImpl
2023-02-28 15:06:39 [INFO ] [StartupInfoLogger.java]logStarted(61) : Started mainApplication in 2.493 seconds (JVM running for 3.228)
2023-02-28 15:07:17 [INFO ] [StartupInfoLogger.java]logStarting(55) : Starting mainApplication on DESKTOP-L2ACOJ2 with PID 3488 (D:\workspace\demo1\build\classes\java\main started by user in D:\workspace\demo1)
2023-02-28 15:07:17 [INFO ] [SpringApplication.java]logStartupProfileInfo(651) : No active profile set, falling back to default profiles: default
2023-02-28 15:07:19 [WARN ] [TransformerFactoryUtils.java]defaultSettings(62) : http://javax.xml.XMLConstants/property/accessExternalDTD property not supported by org.apache.xalan.processor.TransformerFactoryImpl
2023-02-28 15:07:19 [WARN ] [TransformerFactoryUtils.java]defaultSettings(70) : http://javax.xml.XMLConstants/property/accessExternalStylesheet property not supported by org.apache.xalan.processor.TransformerFactoryImpl
2023-02-28 15:07:19 [INFO ] [StartupInfoLogger.java]logStarted(61) : Started mainApplication in 2.279 seconds (JVM running for 2.997)
2023-02-28 15:07:51 [INFO ] [StartupInfoLogger.java]logStarting(55) : Starting mainApplication on DESKTOP-L2ACOJ2 with PID 4116 (D:\workspace\demo1\build\classes\java\main started by user in D:\workspace\demo1)
2023-02-28 15:07:51 [INFO ] [SpringApplication.java]logStartupProfileInfo(651) : No active profile set, falling back to default profiles: default
2023-02-28 15:07:53 [WARN ] [TransformerFactoryUtils.java]defaultSettings(62) : http://javax.xml.XMLConstants/property/accessExternalDTD property not supported by org.apache.xalan.processor.TransformerFactoryImpl
2023-02-28 15:07:53 [WARN ] [TransformerFactoryUtils.java]defaultSettings(70) : http://javax.xml.XMLConstants/property/accessExternalStylesheet property not supported by org.apache.xalan.processor.TransformerFactoryImpl
2023-02-28 15:07:53 [INFO ] [StartupInfoLogger.java]logStarted(61) : Started mainApplication in 2.588 seconds (JVM running for 3.504)
2023-02-28 15:10:01 [INFO ] [StartupInfoLogger.java]logStarting(55) : Starting mainApplication on DESKTOP-L2ACOJ2 with PID 8900 (D:\workspace\demo1\build\classes\java\main started by user in D:\workspace\demo1)
2023-02-28 15:10:01 [INFO ] [SpringApplication.java]logStartupProfileInfo(651) : No active profile set, falling back to default profiles: default
2023-02-28 15:10:03 [WARN ] [TransformerFactoryUtils.java]defaultSettings(62) : http://javax.xml.XMLConstants/property/accessExternalDTD property not supported by org.apache.xalan.processor.TransformerFactoryImpl
2023-02-28 15:10:03 [WARN ] [TransformerFactoryUtils.java]defaultSettings(70) : http://javax.xml.XMLConstants/property/accessExternalStylesheet property not supported by org.apache.xalan.processor.TransformerFactoryImpl
2023-02-28 15:10:03 [INFO ] [StartupInfoLogger.java]logStarted(61) : Started mainApplication in 2.795 seconds (JVM running for 3.783)
2023-02-28 15:10:07 [INFO ] [StartupInfoLogger.java]logStarting(55) : Starting mainApplication on DESKTOP-L2ACOJ2 with PID 5948 (D:\workspace\demo1\build\classes\java\main started by user in D:\workspace\demo1)
2023-02-28 15:10:07 [INFO ] [SpringApplication.java]logStartupProfileInfo(651) : No active profile set, falling back to default profiles: default
2023-02-28 15:10:09 [WARN ] [TransformerFactoryUtils.java]defaultSettings(62) : http://javax.xml.XMLConstants/property/accessExternalDTD property not supported by org.apache.xalan.processor.TransformerFactoryImpl
2023-02-28 15:10:09 [WARN ] [TransformerFactoryUtils.java]defaultSettings(70) : http://javax.xml.XMLConstants/property/accessExternalStylesheet property not supported by org.apache.xalan.processor.TransformerFactoryImpl
2023-02-28 15:10:09 [INFO ] [StartupInfoLogger.java]logStarted(61) : Started mainApplication in 2.233 seconds (JVM running for 3.034)
2023-02-28 15:12:51 [INFO ] [StartupInfoLogger.java]logStarting(55) : Starting mainApplication on DESKTOP-L2ACOJ2 with PID 3564 (D:\workspace\demo1\build\classes\java\main started by user in D:\workspace\demo1)
2023-02-28 15:12:51 [INFO ] [SpringApplication.java]logStartupProfileInfo(651) : No active profile set, falling back to default profiles: default
2023-02-28 15:12:54 [WARN ] [TransformerFactoryUtils.java]defaultSettings(62) : http://javax.xml.XMLConstants/property/accessExternalDTD property not supported by org.apache.xalan.processor.TransformerFactoryImpl
2023-02-28 15:12:54 [WARN ] [TransformerFactoryUtils.java]defaultSettings(70) : http://javax.xml.XMLConstants/property/accessExternalStylesheet property not supported by org.apache.xalan.processor.TransformerFactoryImpl
2023-02-28 15:12:54 [INFO ] [StartupInfoLogger.java]logStarted(61) : Started mainApplication in 2.654 seconds (JVM running for 3.407)
2023-02-28 15:30:59 [INFO ] [StartupInfoLogger.java]logStarting(55) : Starting mainApplication on DESKTOP-L2ACOJ2 with PID 1500 (D:\workspace\demo1\build\classes\java\main started by user in D:\workspace\demo1)
2023-02-28 15:30:59 [INFO ] [SpringApplication.java]logStartupProfileInfo(651) : No active profile set, falling back to default profiles: default
2023-02-28 15:31:01 [WARN ] [TransformerFactoryUtils.java]defaultSettings(62) : http://javax.xml.XMLConstants/property/accessExternalDTD property not supported by org.apache.xalan.processor.TransformerFactoryImpl
2023-02-28 15:31:01 [WARN ] [TransformerFactoryUtils.java]defaultSettings(70) : http://javax.xml.XMLConstants/property/accessExternalStylesheet property not supported by org.apache.xalan.processor.TransformerFactoryImpl
2023-02-28 15:31:01 [INFO ] [StartupInfoLogger.java]logStarted(61) : Started mainApplication in 2.359 seconds (JVM running for 3.211)
2023-02-28 15:32:39 [INFO ] [StartupInfoLogger.java]logStarting(55) : Starting mainApplication on DESKTOP-L2ACOJ2 with PID 8900 (D:\workspace\demo1\build\classes\java\main started by user in D:\workspace\demo1)
2023-02-28 15:32:39 [INFO ] [SpringApplication.java]logStartupProfileInfo(651) : No active profile set, falling back to default profiles: default
2023-02-28 15:32:41 [WARN ] [TransformerFactoryUtils.java]defaultSettings(62) : http://javax.xml.XMLConstants/property/accessExternalDTD property not supported by org.apache.xalan.processor.TransformerFactoryImpl
2023-02-28 15:32:41 [WARN ] [TransformerFactoryUtils.java]defaultSettings(70) : http://javax.xml.XMLConstants/property/accessExternalStylesheet property not supported by org.apache.xalan.processor.TransformerFactoryImpl
2023-02-28 15:32:41 [INFO ] [StartupInfoLogger.java]logStarted(61) : Started mainApplication in 2.343 seconds (JVM running for 3.154)
2023-02-28 15:33:53 [INFO ] [StartupInfoLogger.java]logStarting(55) : Starting mainApplication on DESKTOP-L2ACOJ2 with PID 3508 (D:\workspace\demo1\build\classes\java\main started by user in D:\workspace\demo1)
2023-02-28 15:33:53 [INFO ] [SpringApplication.java]logStartupProfileInfo(651) : No active profile set, falling back to default profiles: default
2023-02-28 15:33:55 [WARN ] [TransformerFactoryUtils.java]defaultSettings(62) : http://javax.xml.XMLConstants/property/accessExternalDTD property not supported by org.apache.xalan.processor.TransformerFactoryImpl
2023-02-28 15:33:55 [WARN ] [TransformerFactoryUtils.java]defaultSettings(70) : http://javax.xml.XMLConstants/property/accessExternalStylesheet property not supported by org.apache.xalan.processor.TransformerFactoryImpl
2023-02-28 15:33:56 [INFO ] [StartupInfoLogger.java]logStarted(61) : Started mainApplication in 2.564 seconds (JVM running for 3.477)
2023-02-28 15:35:38 [INFO ] [StartupInfoLogger.java]logStarting(55) : Starting mainApplication on DESKTOP-L2ACOJ2 with PID 5248 (D:\workspace\demo1\build\classes\java\main started by user in D:\workspace\demo1)
2023-02-28 15:35:38 [INFO ] [SpringApplication.java]logStartupProfileInfo(651) : No active profile set, falling back to default profiles: default
2023-02-28 15:35:40 [WARN ] [TransformerFactoryUtils.java]defaultSettings(62) : http://javax.xml.XMLConstants/property/accessExternalDTD property not supported by org.apache.xalan.processor.TransformerFactoryImpl
2023-02-28 15:35:40 [WARN ] [TransformerFactoryUtils.java]defaultSettings(70) : http://javax.xml.XMLConstants/property/accessExternalStylesheet property not supported by org.apache.xalan.processor.TransformerFactoryImpl
2023-02-28 15:35:40 [INFO ] [StartupInfoLogger.java]logStarted(61) : Started mainApplication in 2.502 seconds (JVM running for 3.518)
2023-02-28 15:36:26 [INFO ] [StartupInfoLogger.java]logStarting(55) : Starting mainApplication on DESKTOP-L2ACOJ2 with PID 11772 (D:\workspace\demo1\build\classes\java\main started by user in D:\workspace\demo1)
2023-02-28 15:36:26 [INFO ] [SpringApplication.java]logStartupProfileInfo(651) : No active profile set, falling back to default profiles: default
2023-02-28 15:36:28 [WARN ] [TransformerFactoryUtils.java]defaultSettings(62) : http://javax.xml.XMLConstants/property/accessExternalDTD property not supported by org.apache.xalan.processor.TransformerFactoryImpl
2023-02-28 15:36:28 [WARN ] [TransformerFactoryUtils.java]defaultSettings(70) : http://javax.xml.XMLConstants/property/accessExternalStylesheet property not supported by org.apache.xalan.processor.TransformerFactoryImpl
2023-02-28 15:36:28 [INFO ] [StartupInfoLogger.java]logStarted(61) : Started mainApplication in 2.39 seconds (JVM running for 3.188)
2023-02-28 15:39:06 [INFO ] [StartupInfoLogger.java]logStarting(55) : Starting mainApplication on DESKTOP-L2ACOJ2 with PID 15292 (D:\workspace\demo1\build\classes\java\main started by user in D:\workspace\demo1)
2023-02-28 15:39:06 [INFO ] [SpringApplication.java]logStartupProfileInfo(651) : No active profile set, falling back to default profiles: default
2023-02-28 15:39:08 [WARN ] [TransformerFactoryUtils.java]defaultSettings(62) : http://javax.xml.XMLConstants/property/accessExternalDTD property not supported by org.apache.xalan.processor.TransformerFactoryImpl
2023-02-28 15:39:08 [WARN ] [TransformerFactoryUtils.java]defaultSettings(70) : http://javax.xml.XMLConstants/property/accessExternalStylesheet property not supported by org.apache.xalan.processor.TransformerFactoryImpl
2023-02-28 15:39:08 [INFO ] [StartupInfoLogger.java]logStarted(61) : Started mainApplication in 2.527 seconds (JVM running for 3.26)
2023-02-28 15:40:15 [INFO ] [StartupInfoLogger.java]logStarting(55) : Starting mainApplication on DESKTOP-L2ACOJ2 with PID 1984 (D:\workspace\demo1\build\classes\java\main started by user in D:\workspace\demo1)
2023-02-28 15:40:15 [INFO ] [SpringApplication.java]logStartupProfileInfo(651) : No active profile set, falling back to default profiles: default
2023-02-28 15:40:17 [WARN ] [TransformerFactoryUtils.java]defaultSettings(62) : http://javax.xml.XMLConstants/property/accessExternalDTD property not supported by org.apache.xalan.processor.TransformerFactoryImpl
2023-02-28 15:40:17 [WARN ] [TransformerFactoryUtils.java]defaultSettings(70) : http://javax.xml.XMLConstants/property/accessExternalStylesheet property not supported by org.apache.xalan.processor.TransformerFactoryImpl
2023-02-28 15:40:17 [INFO ] [StartupInfoLogger.java]logStarted(61) : Started mainApplication in 2.487 seconds (JVM running for 3.414)
2023-02-28 15:41:14 [INFO ] [StartupInfoLogger.java]logStarting(55) : Starting mainApplication on DESKTOP-L2ACOJ2 with PID 11504 (D:\workspace\demo1\build\classes\java\main started by user in D:\workspace\demo1)
2023-02-28 15:41:14 [INFO ] [SpringApplication.java]logStartupProfileInfo(651) : No active profile set, falling back to default profiles: default
2023-02-28 15:41:16 [WARN ] [TransformerFactoryUtils.java]defaultSettings(62) : http://javax.xml.XMLConstants/property/accessExternalDTD property not supported by org.apache.xalan.processor.TransformerFactoryImpl
2023-02-28 15:41:16 [WARN ] [TransformerFactoryUtils.java]defaultSettings(70) : http://javax.xml.XMLConstants/property/accessExternalStylesheet property not supported by org.apache.xalan.processor.TransformerFactoryImpl
2023-02-28 15:41:16 [INFO ] [StartupInfoLogger.java]logStarted(61) : Started mainApplication in 2.636 seconds (JVM running for 3.381)
2023-02-28 15:43:12 [INFO ] [StartupInfoLogger.java]logStarting(55) : Starting mainApplication on DESKTOP-L2ACOJ2 with PID 12504 (D:\workspace\demo1\build\classes\java\main started by user in D:\workspace\demo1)
2023-02-28 15:43:12 [INFO ] [SpringApplication.java]logStartupProfileInfo(651) : No active profile set, falling back to default profiles: default
2023-02-28 15:43:14 [WARN ] [TransformerFactoryUtils.java]defaultSettings(62) : http://javax.xml.XMLConstants/property/accessExternalDTD property not supported by org.apache.xalan.processor.TransformerFactoryImpl
2023-02-28 15:43:14 [WARN ] [TransformerFactoryUtils.java]defaultSettings(70) : http://javax.xml.XMLConstants/property/accessExternalStylesheet property not supported by org.apache.xalan.processor.TransformerFactoryImpl
2023-02-28 15:43:15 [INFO ] [StartupInfoLogger.java]logStarted(61) : Started mainApplication in 2.842 seconds (JVM running for 3.592)
2023-02-28 15:44:54 [INFO ] [StartupInfoLogger.java]logStarting(55) : Starting mainApplication on DESKTOP-L2ACOJ2 with PID 6928 (D:\workspace\demo1\build\classes\java\main started by user in D:\workspace\demo1)
2023-02-28 15:44:54 [INFO ] [SpringApplication.java]logStartupProfileInfo(651) : No active profile set, falling back to default profiles: default
2023-02-28 15:44:56 [WARN ] [TransformerFactoryUtils.java]defaultSettings(62) : http://javax.xml.XMLConstants/property/accessExternalDTD property not supported by org.apache.xalan.processor.TransformerFactoryImpl
2023-02-28 15:44:56 [WARN ] [TransformerFactoryUtils.java]defaultSettings(70) : http://javax.xml.XMLConstants/property/accessExternalStylesheet property not supported by org.apache.xalan.processor.TransformerFactoryImpl
2023-02-28 15:44:56 [INFO ] [StartupInfoLogger.java]logStarted(61) : Started mainApplication in 2.532 seconds (JVM running for 3.372)
2023-02-28 15:46:01 [INFO ] [StartupInfoLogger.java]logStarting(55) : Starting mainApplication on DESKTOP-L2ACOJ2 with PID 3048 (D:\workspace\demo1\build\classes\java\main started by user in D:\workspace\demo1)
2023-02-28 15:46:01 [INFO ] [SpringApplication.java]logStartupProfileInfo(651) : No active profile set, falling back to default profiles: default
2023-02-28 15:46:03 [WARN ] [TransformerFactoryUtils.java]defaultSettings(62) : http://javax.xml.XMLConstants/property/accessExternalDTD property not supported by org.apache.xalan.processor.TransformerFactoryImpl
2023-02-28 15:46:03 [WARN ] [TransformerFactoryUtils.java]defaultSettings(70) : http://javax.xml.XMLConstants/property/accessExternalStylesheet property not supported by org.apache.xalan.processor.TransformerFactoryImpl
2023-02-28 15:46:03 [INFO ] [StartupInfoLogger.java]logStarted(61) : Started mainApplication in 2.433 seconds (JVM running for 3.277)
2023-02-28 15:55:40 [INFO ] [StartupInfoLogger.java]logStarting(55) : Starting mainApplication on DESKTOP-L2ACOJ2 with PID 5052 (D:\workspace\demo1\build\classes\java\main started by user in D:\workspace\demo1)
2023-02-28 15:55:40 [INFO ] [SpringApplication.java]logStartupProfileInfo(651) : No active profile set, falling back to default profiles: default
2023-02-28 15:55:42 [WARN ] [TransformerFactoryUtils.java]defaultSettings(62) : http://javax.xml.XMLConstants/property/accessExternalDTD property not supported by org.apache.xalan.processor.TransformerFactoryImpl
2023-02-28 15:55:42 [WARN ] [TransformerFactoryUtils.java]defaultSettings(70) : http://javax.xml.XMLConstants/property/accessExternalStylesheet property not supported by org.apache.xalan.processor.TransformerFactoryImpl
2023-02-28 15:55:42 [INFO ] [StartupInfoLogger.java]logStarted(61) : Started mainApplication in 2.103 seconds (JVM running for 2.894)
2023-02-28 15:57:22 [INFO ] [StartupInfoLogger.java]logStarting(55) : Starting mainApplication on DESKTOP-L2ACOJ2 with PID 8136 (D:\workspace\demo1\build\classes\java\main started by user in D:\workspace\demo1)
2023-02-28 15:57:22 [INFO ] [SpringApplication.java]logStartupProfileInfo(651) : No active profile set, falling back to default profiles: default
2023-02-28 15:57:24 [WARN ] [TransformerFactoryUtils.java]defaultSettings(62) : http://javax.xml.XMLConstants/property/accessExternalDTD property not supported by org.apache.xalan.processor.TransformerFactoryImpl
2023-02-28 15:57:24 [WARN ] [TransformerFactoryUtils.java]defaultSettings(70) : http://javax.xml.XMLConstants/property/accessExternalStylesheet property not supported by org.apache.xalan.processor.TransformerFactoryImpl
2023-02-28 15:57:24 [INFO ] [StartupInfoLogger.java]logStarted(61) : Started mainApplication in 2.152 seconds (JVM running for 2.898)
2023-02-28 15:58:20 [INFO ] [StartupInfoLogger.java]logStarting(55) : Starting mainApplication on DESKTOP-L2ACOJ2 with PID 10628 (D:\workspace\demo1\build\classes\java\main started by user in D:\workspace\demo1)
2023-02-28 15:58:20 [INFO ] [SpringApplication.java]logStartupProfileInfo(651) : No active profile set, falling back to default profiles: default
2023-02-28 15:58:22 [WARN ] [TransformerFactoryUtils.java]defaultSettings(62) : http://javax.xml.XMLConstants/property/accessExternalDTD property not supported by org.apache.xalan.processor.TransformerFactoryImpl
2023-02-28 15:58:22 [WARN ] [TransformerFactoryUtils.java]defaultSettings(70) : http://javax.xml.XMLConstants/property/accessExternalStylesheet property not supported by org.apache.xalan.processor.TransformerFactoryImpl
2023-02-28 15:58:23 [INFO ] [StartupInfoLogger.java]logStarted(61) : Started mainApplication in 2.728 seconds (JVM running for 3.514)
2023-02-28 16:16:13 [INFO ] [StartupInfoLogger.java]logStarting(55) : Starting mainApplication on DESKTOP-L2ACOJ2 with PID 12752 (D:\workspace\demo1\build\classes\java\main started by user in D:\workspace\demo1)
2023-02-28 16:16:13 [INFO ] [SpringApplication.java]logStartupProfileInfo(651) : No active profile set, falling back to default profiles: default
2023-02-28 16:16:15 [WARN ] [TransformerFactoryUtils.java]defaultSettings(62) : http://javax.xml.XMLConstants/property/accessExternalDTD property not supported by org.apache.xalan.processor.TransformerFactoryImpl
2023-02-28 16:16:15 [WARN ] [TransformerFactoryUtils.java]defaultSettings(70) : http://javax.xml.XMLConstants/property/accessExternalStylesheet property not supported by org.apache.xalan.processor.TransformerFactoryImpl
2023-02-28 16:16:15 [INFO ] [StartupInfoLogger.java]logStarted(61) : Started mainApplication in 2.133 seconds (JVM running for 2.848)
2023-02-28 16:18:42 [INFO ] [StartupInfoLogger.java]logStarting(55) : Starting mainApplication on DESKTOP-L2ACOJ2 with PID 9676 (D:\workspace\demo1\build\classes\java\main started by user in D:\workspace\demo1)
2023-02-28 16:18:42 [INFO ] [SpringApplication.java]logStartupProfileInfo(651) : No active profile set, falling back to default profiles: default
2023-02-28 16:18:43 [WARN ] [TransformerFactoryUtils.java]defaultSettings(62) : http://javax.xml.XMLConstants/property/accessExternalDTD property not supported by org.apache.xalan.processor.TransformerFactoryImpl
2023-02-28 16:18:43 [WARN ] [TransformerFactoryUtils.java]defaultSettings(70) : http://javax.xml.XMLConstants/property/accessExternalStylesheet property not supported by org.apache.xalan.processor.TransformerFactoryImpl
2023-02-28 16:18:44 [INFO ] [StartupInfoLogger.java]logStarted(61) : Started mainApplication in 2.384 seconds (JVM running for 3.1)
2023-02-28 16:19:25 [INFO ] [StartupInfoLogger.java]logStarting(55) : Starting mainApplication on DESKTOP-L2ACOJ2 with PID 10784 (D:\workspace\demo1\build\classes\java\main started by user in D:\workspace\demo1)
2023-02-28 16:19:25 [INFO ] [SpringApplication.java]logStartupProfileInfo(651) : No active profile set, falling back to default profiles: default
2023-02-28 16:19:27 [WARN ] [TransformerFactoryUtils.java]defaultSettings(62) : http://javax.xml.XMLConstants/property/accessExternalDTD property not supported by org.apache.xalan.processor.TransformerFactoryImpl
2023-02-28 16:19:27 [WARN ] [TransformerFactoryUtils.java]defaultSettings(70) : http://javax.xml.XMLConstants/property/accessExternalStylesheet property not supported by org.apache.xalan.processor.TransformerFactoryImpl
2023-02-28 16:19:27 [INFO ] [StartupInfoLogger.java]logStarted(61) : Started mainApplication in 2.466 seconds (JVM running for 3.206)
2023-02-28 16:25:22 [INFO ] [StartupInfoLogger.java]logStarting(55) : Starting mainApplication on DESKTOP-L2ACOJ2 with PID 2480 (D:\workspace\demo1\build\classes\java\main started by user in D:\workspace\demo1)
2023-02-28 16:25:22 [INFO ] [SpringApplication.java]logStartupProfileInfo(651) : No active profile set, falling back to default profiles: default
2023-02-28 16:25:24 [WARN ] [TransformerFactoryUtils.java]defaultSettings(62) : http://javax.xml.XMLConstants/property/accessExternalDTD property not supported by org.apache.xalan.processor.TransformerFactoryImpl
2023-02-28 16:25:24 [WARN ] [TransformerFactoryUtils.java]defaultSettings(70) : http://javax.xml.XMLConstants/property/accessExternalStylesheet property not supported by org.apache.xalan.processor.TransformerFactoryImpl
2023-02-28 16:25:24 [INFO ] [StartupInfoLogger.java]logStarted(61) : Started mainApplication in 2.34 seconds (JVM running for 3.181)
2023-02-28 16:28:28 [INFO ] [StartupInfoLogger.java]logStarting(55) : Starting mainApplication on DESKTOP-L2ACOJ2 with PID 1488 (D:\workspace\demo1\build\classes\java\main started by user in D:\workspace\demo1)
2023-02-28 16:28:28 [INFO ] [SpringApplication.java]logStartupProfileInfo(651) : No active profile set, falling back to default profiles: default
2023-02-28 16:28:30 [WARN ] [TransformerFactoryUtils.java]defaultSettings(62) : http://javax.xml.XMLConstants/property/accessExternalDTD property not supported by org.apache.xalan.processor.TransformerFactoryImpl
2023-02-28 16:28:30 [WARN ] [TransformerFactoryUtils.java]defaultSettings(70) : http://javax.xml.XMLConstants/property/accessExternalStylesheet property not supported by org.apache.xalan.processor.TransformerFactoryImpl
2023-02-28 16:28:30 [INFO ] [StartupInfoLogger.java]logStarted(61) : Started mainApplication in 2.441 seconds (JVM running for 3.22)
2023-02-28 16:34:18 [INFO ] [StartupInfoLogger.java]logStarting(55) : Starting mainApplication on DESKTOP-L2ACOJ2 with PID 7264 (D:\workspace\demo1\build\classes\java\main started by user in D:\workspace\demo1)
2023-02-28 16:34:18 [INFO ] [SpringApplication.java]logStartupProfileInfo(651) : No active profile set, falling back to default profiles: default
2023-02-28 16:34:20 [WARN ] [TransformerFactoryUtils.java]defaultSettings(62) : http://javax.xml.XMLConstants/property/accessExternalDTD property not supported by org.apache.xalan.processor.TransformerFactoryImpl
2023-02-28 16:34:20 [WARN ] [TransformerFactoryUtils.java]defaultSettings(70) : http://javax.xml.XMLConstants/property/accessExternalStylesheet property not supported by org.apache.xalan.processor.TransformerFactoryImpl
2023-02-28 16:34:20 [INFO ] [StartupInfoLogger.java]logStarted(61) : Started mainApplication in 2.39 seconds (JVM running for 3.139)
2023-02-28 16:39:21 [INFO ] [StartupInfoLogger.java]logStarting(55) : Starting mainApplication on DESKTOP-L2ACOJ2 with PID 9576 (D:\workspace\demo1\build\classes\java\main started by user in D:\workspace\demo1)
2023-02-28 16:39:21 [INFO ] [SpringApplication.java]logStartupProfileInfo(651) : No active profile set, falling back to default profiles: default
2023-02-28 16:39:23 [WARN ] [TransformerFactoryUtils.java]defaultSettings(62) : http://javax.xml.XMLConstants/property/accessExternalDTD property not supported by org.apache.xalan.processor.TransformerFactoryImpl
2023-02-28 16:39:23 [WARN ] [TransformerFactoryUtils.java]defaultSettings(70) : http://javax.xml.XMLConstants/property/accessExternalStylesheet property not supported by org.apache.xalan.processor.TransformerFactoryImpl
2023-02-28 16:39:23 [INFO ] [StartupInfoLogger.java]logStarted(61) : Started mainApplication in 2.405 seconds (JVM running for 3.198)
2023-02-28 16:51:58 [INFO ] [StartupInfoLogger.java]logStarting(55) : Starting mainApplication on DESKTOP-L2ACOJ2 with PID 13380 (D:\workspace\demo1\build\classes\java\main started by user in D:\workspace\demo1)
2023-02-28 16:51:58 [INFO ] [SpringApplication.java]logStartupProfileInfo(651) : No active profile set, falling back to default profiles: default
2023-02-28 16:52:00 [WARN ] [TransformerFactoryUtils.java]defaultSettings(62) : http://javax.xml.XMLConstants/property/accessExternalDTD property not supported by org.apache.xalan.processor.TransformerFactoryImpl
2023-02-28 16:52:00 [WARN ] [TransformerFactoryUtils.java]defaultSettings(70) : http://javax.xml.XMLConstants/property/accessExternalStylesheet property not supported by org.apache.xalan.processor.TransformerFactoryImpl
2023-02-28 16:52:00 [INFO ] [StartupInfoLogger.java]logStarted(61) : Started mainApplication in 2.452 seconds (JVM running for 3.162)
2023-02-28 16:52:23 [INFO ] [StartupInfoLogger.java]logStarting(55) : Starting mainApplication on DESKTOP-L2ACOJ2 with PID 2736 (D:\workspace\demo1\build\classes\java\main started by user in D:\workspace\demo1)
2023-02-28 16:52:23 [INFO ] [SpringApplication.java]logStartupProfileInfo(651) : No active profile set, falling back to default profiles: default
2023-02-28 16:52:25 [WARN ] [TransformerFactoryUtils.java]defaultSettings(62) : http://javax.xml.XMLConstants/property/accessExternalDTD property not supported by org.apache.xalan.processor.TransformerFactoryImpl
2023-02-28 16:52:25 [WARN ] [TransformerFactoryUtils.java]defaultSettings(70) : http://javax.xml.XMLConstants/property/accessExternalStylesheet property not supported by org.apache.xalan.processor.TransformerFactoryImpl
2023-02-28 16:52:25 [INFO ] [StartupInfoLogger.java]logStarted(61) : Started mainApplication in 2.447 seconds (JVM running for 3.236)
2023-02-28 16:52:47 [INFO ] [StartupInfoLogger.java]logStarting(55) : Starting mainApplication on DESKTOP-L2ACOJ2 with PID 9376 (D:\workspace\demo1\build\classes\java\main started by user in D:\workspace\demo1)
2023-02-28 16:52:47 [INFO ] [SpringApplication.java]logStartupProfileInfo(651) : No active profile set, falling back to default profiles: default
2023-02-28 16:52:49 [WARN ] [TransformerFactoryUtils.java]defaultSettings(62) : http://javax.xml.XMLConstants/property/accessExternalDTD property not supported by org.apache.xalan.processor.TransformerFactoryImpl
2023-02-28 16:52:49 [WARN ] [TransformerFactoryUtils.java]defaultSettings(70) : http://javax.xml.XMLConstants/property/accessExternalStylesheet property not supported by org.apache.xalan.processor.TransformerFactoryImpl
2023-02-28 16:52:49 [INFO ] [StartupInfoLogger.java]logStarted(61) : Started mainApplication in 2.44 seconds (JVM running for 3.264)
2023-02-28 16:54:40 [INFO ] [StartupInfoLogger.java]logStarting(55) : Starting mainApplication on DESKTOP-L2ACOJ2 with PID 2584 (D:\workspace\demo1\build\classes\java\main started by user in D:\workspace\demo1)
2023-02-28 16:54:40 [INFO ] [SpringApplication.java]logStartupProfileInfo(651) : No active profile set, falling back to default profiles: default
2023-02-28 16:54:42 [WARN ] [TransformerFactoryUtils.java]defaultSettings(62) : http://javax.xml.XMLConstants/property/accessExternalDTD property not supported by org.apache.xalan.processor.TransformerFactoryImpl
2023-02-28 16:54:42 [WARN ] [TransformerFactoryUtils.java]defaultSettings(70) : http://javax.xml.XMLConstants/property/accessExternalStylesheet property not supported by org.apache.xalan.processor.TransformerFactoryImpl
2023-02-28 16:54:42 [INFO ] [StartupInfoLogger.java]logStarted(61) : Started mainApplication in 2.472 seconds (JVM running for 3.204)
2023-02-28 16:59:54 [INFO ] [StartupInfoLogger.java]logStarting(55) : Starting mainApplication on DESKTOP-L2ACOJ2 with PID 772 (D:\workspace\demo1\build\classes\java\main started by user in D:\workspace\demo1)
2023-02-28 16:59:54 [INFO ] [SpringApplication.java]logStartupProfileInfo(651) : No active profile set, falling back to default profiles: default
2023-02-28 16:59:56 [WARN ] [TransformerFactoryUtils.java]defaultSettings(62) : http://javax.xml.XMLConstants/property/accessExternalDTD property not supported by org.apache.xalan.processor.TransformerFactoryImpl
2023-02-28 16:59:56 [WARN ] [TransformerFactoryUtils.java]defaultSettings(70) : http://javax.xml.XMLConstants/property/accessExternalStylesheet property not supported by org.apache.xalan.processor.TransformerFactoryImpl
2023-02-28 16:59:56 [INFO ] [StartupInfoLogger.java]logStarted(61) : Started mainApplication in 2.47 seconds (JVM running for 3.281)
2023-02-28 17:40:35 [INFO ] [StartupInfoLogger.java]logStarting(55) : Starting mainApplication on DESKTOP-L2ACOJ2 with PID 12784 (D:\workspace\demo1\build\classes\java\main started by user in D:\workspace\demo1)
2023-02-28 17:40:35 [INFO ] [SpringApplication.java]logStartupProfileInfo(651) : No active profile set, falling back to default profiles: default
2023-02-28 17:40:37 [WARN ] [TransformerFactoryUtils.java]defaultSettings(62) : http://javax.xml.XMLConstants/property/accessExternalDTD property not supported by org.apache.xalan.processor.TransformerFactoryImpl
2023-02-28 17:40:37 [WARN ] [TransformerFactoryUtils.java]defaultSettings(70) : http://javax.xml.XMLConstants/property/accessExternalStylesheet property not supported by org.apache.xalan.processor.TransformerFactoryImpl
2023-02-28 17:40:37 [INFO ] [StartupInfoLogger.java]logStarted(61) : Started mainApplication in 2.077 seconds (JVM running for 2.771)
2023-02-28 17:42:31 [INFO ] [StartupInfoLogger.java]logStarting(55) : Starting mainApplication on DESKTOP-L2ACOJ2 with PID 8472 (D:\workspace\demo1\build\classes\java\main started by user in D:\workspace\demo1)
2023-02-28 17:42:31 [INFO ] [SpringApplication.java]logStartupProfileInfo(651) : No active profile set, falling back to default profiles: default
2023-02-28 17:42:32 [WARN ] [TransformerFactoryUtils.java]defaultSettings(62) : http://javax.xml.XMLConstants/property/accessExternalDTD property not supported by org.apache.xalan.processor.TransformerFactoryImpl
2023-02-28 17:42:32 [WARN ] [TransformerFactoryUtils.java]defaultSettings(70) : http://javax.xml.XMLConstants/property/accessExternalStylesheet property not supported by org.apache.xalan.processor.TransformerFactoryImpl
2023-02-28 17:42:32 [INFO ] [StartupInfoLogger.java]logStarted(61) : Started mainApplication in 2.125 seconds (JVM running for 2.817)
2023-02-28 17:42:52 [WARN ] [HikariConfig.java]validateNumerics(1009) : HikariPool-1 - idleTimeout has been set but has no effect because the pool is operating as a fixed size pool.
2023-02-28 17:42:52 [INFO ] [HikariDataSource.java]getConnection(110) : HikariPool-1 - Starting...
2023-02-28 17:42:52 [INFO ] [HikariDataSource.java]getConnection(123) : HikariPool-1 - Start completed.
2023-02-28 17:52:45 [INFO ] [HikariDataSource.java]close(350) : HikariPool-1 - Shutdown initiated...
2023-02-28 17:52:45 [INFO ] [HikariDataSource.java]close(352) : HikariPool-1 - Shutdown completed.
2023-02-28 17:52:52 [INFO ] [StartupInfoLogger.java]logStarting(55) : Starting mainApplication on DESKTOP-L2ACOJ2 with PID 6124 (D:\workspace\demo1\build\classes\java\main started by user in D:\workspace\demo1)
2023-02-28 17:52:52 [INFO ] [SpringApplication.java]logStartupProfileInfo(651) : No active profile set, falling back to default profiles: default
2023-02-28 17:52:54 [WARN ] [TransformerFactoryUtils.java]defaultSettings(62) : http://javax.xml.XMLConstants/property/accessExternalDTD property not supported by org.apache.xalan.processor.TransformerFactoryImpl
2023-02-28 17:52:54 [WARN ] [TransformerFactoryUtils.java]defaultSettings(70) : http://javax.xml.XMLConstants/property/accessExternalStylesheet property not supported by org.apache.xalan.processor.TransformerFactoryImpl
2023-02-28 17:52:54 [INFO ] [StartupInfoLogger.java]logStarted(61) : Started mainApplication in 2.278 seconds (JVM running for 3.175)
2023-02-28 17:53:20 [WARN ] [HikariConfig.java]validateNumerics(1009) : HikariPool-1 - idleTimeout has been set but has no effect because the pool is operating as a fixed size pool.
2023-02-28 17:53:20 [INFO ] [HikariDataSource.java]getConnection(110) : HikariPool-1 - Starting...
2023-02-28 17:53:20 [INFO ] [HikariDataSource.java]getConnection(123) : HikariPool-1 - Start completed.
2023-02-28 18:00:29 [INFO ] [HikariDataSource.java]close(350) : HikariPool-1 - Shutdown initiated...
2023-02-28 18:00:29 [INFO ] [HikariDataSource.java]close(352) : HikariPool-1 - Shutdown completed.
2023-02-28 18:00:33 [INFO ] [StartupInfoLogger.java]logStarting(55) : Starting mainApplication on DESKTOP-L2ACOJ2 with PID 8032 (D:\workspace\demo1\build\classes\java\main started by user in D:\workspace\demo1)
2023-02-28 18:00:33 [INFO ] [SpringApplication.java]logStartupProfileInfo(651) : No active profile set, falling back to default profiles: default
2023-02-28 18:00:35 [WARN ] [TransformerFactoryUtils.java]defaultSettings(62) : http://javax.xml.XMLConstants/property/accessExternalDTD property not supported by org.apache.xalan.processor.TransformerFactoryImpl
2023-02-28 18:00:35 [WARN ] [TransformerFactoryUtils.java]defaultSettings(70) : http://javax.xml.XMLConstants/property/accessExternalStylesheet property not supported by org.apache.xalan.processor.TransformerFactoryImpl
2023-02-28 18:00:35 [INFO ] [StartupInfoLogger.java]logStarted(61) : Started mainApplication in 2.114 seconds (JVM running for 2.812)
2023-02-28 18:01:00 [WARN ] [HikariConfig.java]validateNumerics(1009) : HikariPool-1 - idleTimeout has been set but has no effect because the pool is operating as a fixed size pool.
2023-02-28 18:01:00 [INFO ] [HikariDataSource.java]getConnection(110) : HikariPool-1 - Starting...
2023-02-28 18:01:00 [INFO ] [HikariDataSource.java]getConnection(123) : HikariPool-1 - Start completed.
2023-02-28 18:12:24 [INFO ] [HikariDataSource.java]close(350) : HikariPool-1 - Shutdown initiated...
2023-02-28 18:12:24 [INFO ] [HikariDataSource.java]close(352) : HikariPool-1 - Shutdown completed.
