2023-02-27 14:33:22 [INFO ] [StartupInfoLogger.java]logStarting(55) : Starting mainApplication on DESKTOP-L2ACOJ2 with PID 6220 (D:\workspace\demo1\build\classes\java\main started by user in D:\workspace\demo1)
2023-02-27 14:33:22 [INFO ] [SpringApplication.java]logStartupProfileInfo(651) : No active profile set, falling back to default profiles: default
2023-02-27 14:33:23 [WARN ] [Logger.java]warn(44) : No MyBatis mapper was found in '[com.mes.Mapper]' package. Please check your configuration.
2023-02-27 14:33:24 [WARN ] [AbstractApplicationContext.java]refresh(558) : Exception encountered during context initialization - cancelling refresh attempt: org.springframework.beans.factory.BeanCreationException: Error creating bean with name 'sqlSessionFactory' defined in org.example.mainApplication: Bean instantiation via factory method failed; nested exception is org.springframework.beans.BeanInstantiationException: Failed to instantiate [org.apache.ibatis.session.SqlSessionFactory]: Factory method 'sqlSessionFactory' threw exception; nested exception is org.springframework.core.NestedIOException: Failed to parse mapping resource: 'file [D:\workspace\demo1\build\resources\main\query\wms_stock\Wms_stock_mapper.xml]'; nested exception is org.apache.ibatis.builder.BuilderException: Error parsing Mapper XML. The XML location is 'file [D:\workspace\demo1\build\resources\main\query\wms_stock\Wms_stock_mapper.xml]'. Cause: org.apache.ibatis.builder.BuilderException: Error resolving class. Cause: org.apache.ibatis.type.TypeException: Could not resolve type alias 'com.mes.wms_stock.DTO.WmsStock'.  Cause: java.lang.ClassNotFoundException: Cannot find class: com.mes.wms_stock.DTO.WmsStock
2023-02-27 14:33:24 [ERROR] [SpringApplication.java]reportFailure(826) : Application run failed
org.springframework.beans.factory.BeanCreationException: Error creating bean with name 'sqlSessionFactory' defined in org.example.mainApplication: Bean instantiation via factory method failed; nested exception is org.springframework.beans.BeanInstantiationException: Failed to instantiate [org.apache.ibatis.session.SqlSessionFactory]: Factory method 'sqlSessionFactory' threw exception; nested exception is org.springframework.core.NestedIOException: Failed to parse mapping resource: 'file [D:\workspace\demo1\build\resources\main\query\wms_stock\Wms_stock_mapper.xml]'; nested exception is org.apache.ibatis.builder.BuilderException: Error parsing Mapper XML. The XML location is 'file [D:\workspace\demo1\build\resources\main\query\wms_stock\Wms_stock_mapper.xml]'. Cause: org.apache.ibatis.builder.BuilderException: Error resolving class. Cause: org.apache.ibatis.type.TypeException: Could not resolve type alias 'com.mes.wms_stock.DTO.WmsStock'.  Cause: java.lang.ClassNotFoundException: Cannot find class: com.mes.wms_stock.DTO.WmsStock
	at org.springframework.beans.factory.support.ConstructorResolver.instantiate(ConstructorResolver.java:645)
	at org.springframework.beans.factory.support.ConstructorResolver.instantiateUsingFactoryMethod(ConstructorResolver.java:625)
	at org.springframework.beans.factory.support.AbstractAutowireCapableBeanFactory.instantiateUsingFactoryMethod(AbstractAutowireCapableBeanFactory.java:1338)
	at org.springframework.beans.factory.support.AbstractAutowireCapableBeanFactory.createBeanInstance(AbstractAutowireCapableBeanFactory.java:1177)
	at org.springframework.beans.factory.support.AbstractAutowireCapableBeanFactory.doCreateBean(AbstractAutowireCapableBeanFactory.java:557)
	at org.springframework.beans.factory.support.AbstractAutowireCapableBeanFactory.createBean(AbstractAutowireCapableBeanFactory.java:517)
	at org.springframework.beans.factory.support.AbstractBeanFactory.lambda$doGetBean$0(AbstractBeanFactory.java:323)
	at org.springframework.beans.factory.support.DefaultSingletonBeanRegistry.getSingleton(DefaultSingletonBeanRegistry.java:222)
	at org.springframework.beans.factory.support.AbstractBeanFactory.doGetBean(AbstractBeanFactory.java:321)
	at org.springframework.beans.factory.support.AbstractBeanFactory.getBean(AbstractBeanFactory.java:202)
	at org.springframework.beans.factory.support.DefaultListableBeanFactory.preInstantiateSingletons(DefaultListableBeanFactory.java:879)
	at org.springframework.context.support.AbstractApplicationContext.finishBeanFactoryInitialization(AbstractApplicationContext.java:878)
	at org.springframework.context.support.AbstractApplicationContext.refresh(AbstractApplicationContext.java:550)
	at org.springframework.boot.web.servlet.context.ServletWebServerApplicationContext.refresh(ServletWebServerApplicationContext.java:141)
	at org.springframework.boot.SpringApplication.refresh(SpringApplication.java:747)
	at org.springframework.boot.SpringApplication.refreshContext(SpringApplication.java:397)
	at org.springframework.boot.SpringApplication.run(SpringApplication.java:315)
	at org.springframework.boot.SpringApplication.run(SpringApplication.java:1226)
	at org.springframework.boot.SpringApplication.run(SpringApplication.java:1215)
	at org.example.mainApplication.main(mainApplication.java:39)
	at java.base/jdk.internal.reflect.NativeMethodAccessorImpl.invoke0(Native Method)
	at java.base/jdk.internal.reflect.NativeMethodAccessorImpl.invoke(NativeMethodAccessorImpl.java:62)
	at java.base/jdk.internal.reflect.DelegatingMethodAccessorImpl.invoke(DelegatingMethodAccessorImpl.java:43)
	at java.base/java.lang.reflect.Method.invoke(Method.java:566)
	at org.springframework.boot.devtools.restart.RestartLauncher.run(RestartLauncher.java:49)
Caused by: org.springframework.beans.BeanInstantiationException: Failed to instantiate [org.apache.ibatis.session.SqlSessionFactory]: Factory method 'sqlSessionFactory' threw exception; nested exception is org.springframework.core.NestedIOException: Failed to parse mapping resource: 'file [D:\workspace\demo1\build\resources\main\query\wms_stock\Wms_stock_mapper.xml]'; nested exception is org.apache.ibatis.builder.BuilderException: Error parsing Mapper XML. The XML location is 'file [D:\workspace\demo1\build\resources\main\query\wms_stock\Wms_stock_mapper.xml]'. Cause: org.apache.ibatis.builder.BuilderException: Error resolving class. Cause: org.apache.ibatis.type.TypeException: Could not resolve type alias 'com.mes.wms_stock.DTO.WmsStock'.  Cause: java.lang.ClassNotFoundException: Cannot find class: com.mes.wms_stock.DTO.WmsStock
	at org.springframework.beans.factory.support.SimpleInstantiationStrategy.instantiate(SimpleInstantiationStrategy.java:185)
	at org.springframework.beans.factory.support.ConstructorResolver.instantiate(ConstructorResolver.java:640)
	... 24 common frames omitted
Caused by: org.springframework.core.NestedIOException: Failed to parse mapping resource: 'file [D:\workspace\demo1\build\resources\main\query\wms_stock\Wms_stock_mapper.xml]'; nested exception is org.apache.ibatis.builder.BuilderException: Error parsing Mapper XML. The XML location is 'file [D:\workspace\demo1\build\resources\main\query\wms_stock\Wms_stock_mapper.xml]'. Cause: org.apache.ibatis.builder.BuilderException: Error resolving class. Cause: org.apache.ibatis.type.TypeException: Could not resolve type alias 'com.mes.wms_stock.DTO.WmsStock'.  Cause: java.lang.ClassNotFoundException: Cannot find class: com.mes.wms_stock.DTO.WmsStock
	at org.mybatis.spring.SqlSessionFactoryBean.buildSqlSessionFactory(SqlSessionFactoryBean.java:596)
	at org.mybatis.spring.SqlSessionFactoryBean.afterPropertiesSet(SqlSessionFactoryBean.java:475)
	at org.mybatis.spring.SqlSessionFactoryBean.getObject(SqlSessionFactoryBean.java:616)
	at org.example.mainApplication.sqlSessionFactory(mainApplication.java:53)
	at org.example.mainApplication$$EnhancerBySpringCGLIB$$69980410.CGLIB$sqlSessionFactory$2(<generated>)
	at org.example.mainApplication$$EnhancerBySpringCGLIB$$69980410$$FastClassBySpringCGLIB$$1389cc55.invoke(<generated>)
	at org.springframework.cglib.proxy.MethodProxy.invokeSuper(MethodProxy.java:244)
	at org.springframework.context.annotation.ConfigurationClassEnhancer$BeanMethodInterceptor.intercept(ConfigurationClassEnhancer.java:363)
	at org.example.mainApplication$$EnhancerBySpringCGLIB$$69980410.sqlSessionFactory(<generated>)
	at java.base/jdk.internal.reflect.NativeMethodAccessorImpl.invoke0(Native Method)
	at java.base/jdk.internal.reflect.NativeMethodAccessorImpl.invoke(NativeMethodAccessorImpl.java:62)
	at java.base/jdk.internal.reflect.DelegatingMethodAccessorImpl.invoke(DelegatingMethodAccessorImpl.java:43)
	at java.base/java.lang.reflect.Method.invoke(Method.java:566)
	at org.springframework.beans.factory.support.SimpleInstantiationStrategy.instantiate(SimpleInstantiationStrategy.java:154)
	... 25 common frames omitted
Caused by: org.apache.ibatis.builder.BuilderException: Error parsing Mapper XML. The XML location is 'file [D:\workspace\demo1\build\resources\main\query\wms_stock\Wms_stock_mapper.xml]'. Cause: org.apache.ibatis.builder.BuilderException: Error resolving class. Cause: org.apache.ibatis.type.TypeException: Could not resolve type alias 'com.mes.wms_stock.DTO.WmsStock'.  Cause: java.lang.ClassNotFoundException: Cannot find class: com.mes.wms_stock.DTO.WmsStock
	at org.apache.ibatis.builder.xml.XMLMapperBuilder.configurationElement(XMLMapperBuilder.java:122)
	at org.apache.ibatis.builder.xml.XMLMapperBuilder.parse(XMLMapperBuilder.java:94)
	at org.mybatis.spring.SqlSessionFactoryBean.buildSqlSessionFactory(SqlSessionFactoryBean.java:594)
	... 38 common frames omitted
Caused by: org.apache.ibatis.builder.BuilderException: Error resolving class. Cause: org.apache.ibatis.type.TypeException: Could not resolve type alias 'com.mes.wms_stock.DTO.WmsStock'.  Cause: java.lang.ClassNotFoundException: Cannot find class: com.mes.wms_stock.DTO.WmsStock
	at org.apache.ibatis.builder.BaseBuilder.resolveClass(BaseBuilder.java:118)
	at org.apache.ibatis.builder.xml.XMLStatementBuilder.parseStatementNode(XMLStatementBuilder.java:102)
	at org.apache.ibatis.builder.xml.XMLMapperBuilder.buildStatementFromContext(XMLMapperBuilder.java:137)
	at org.apache.ibatis.builder.xml.XMLMapperBuilder.buildStatementFromContext(XMLMapperBuilder.java:130)
	at org.apache.ibatis.builder.xml.XMLMapperBuilder.configurationElement(XMLMapperBuilder.java:120)
	... 40 common frames omitted
Caused by: org.apache.ibatis.type.TypeException: Could not resolve type alias 'com.mes.wms_stock.DTO.WmsStock'.  Cause: java.lang.ClassNotFoundException: Cannot find class: com.mes.wms_stock.DTO.WmsStock
	at org.apache.ibatis.type.TypeAliasRegistry.resolveAlias(TypeAliasRegistry.java:120)
	at org.apache.ibatis.builder.BaseBuilder.resolveAlias(BaseBuilder.java:149)
	at org.apache.ibatis.builder.BaseBuilder.resolveClass(BaseBuilder.java:116)
	... 44 common frames omitted
Caused by: java.lang.ClassNotFoundException: Cannot find class: com.mes.wms_stock.DTO.WmsStock
	at org.apache.ibatis.io.ClassLoaderWrapper.classForName(ClassLoaderWrapper.java:200)
	at org.apache.ibatis.io.ClassLoaderWrapper.classForName(ClassLoaderWrapper.java:89)
	at org.apache.ibatis.io.Resources.classForName(Resources.java:261)
	at org.apache.ibatis.type.TypeAliasRegistry.resolveAlias(TypeAliasRegistry.java:116)
	... 46 common frames omitted
2023-02-27 14:34:09 [INFO ] [StartupInfoLogger.java]logStarting(55) : Starting mainApplication on DESKTOP-L2ACOJ2 with PID 8748 (D:\workspace\demo1\build\classes\java\main started by user in D:\workspace\demo1)
2023-02-27 14:34:09 [INFO ] [SpringApplication.java]logStartupProfileInfo(651) : No active profile set, falling back to default profiles: default
2023-02-27 14:34:10 [WARN ] [Logger.java]warn(44) : No MyBatis mapper was found in '[org.example.Mapper]' package. Please check your configuration.
2023-02-27 14:34:11 [WARN ] [AbstractApplicationContext.java]refresh(558) : Exception encountered during context initialization - cancelling refresh attempt: org.springframework.beans.factory.BeanCreationException: Error creating bean with name 'sqlSessionFactory' defined in org.example.mainApplication: Bean instantiation via factory method failed; nested exception is org.springframework.beans.BeanInstantiationException: Failed to instantiate [org.apache.ibatis.session.SqlSessionFactory]: Factory method 'sqlSessionFactory' threw exception; nested exception is org.springframework.core.NestedIOException: Failed to parse mapping resource: 'file [D:\workspace\demo1\build\resources\main\query\wms_stock\Wms_stock_mapper.xml]'; nested exception is org.apache.ibatis.builder.BuilderException: Error parsing Mapper XML. The XML location is 'file [D:\workspace\demo1\build\resources\main\query\wms_stock\Wms_stock_mapper.xml]'. Cause: org.apache.ibatis.builder.BuilderException: Error resolving class. Cause: org.apache.ibatis.type.TypeException: Could not resolve type alias 'com.mes.wms_stock.DTO.WmsStock'.  Cause: java.lang.ClassNotFoundException: Cannot find class: com.mes.wms_stock.DTO.WmsStock
2023-02-27 14:34:11 [ERROR] [SpringApplication.java]reportFailure(826) : Application run failed
org.springframework.beans.factory.BeanCreationException: Error creating bean with name 'sqlSessionFactory' defined in org.example.mainApplication: Bean instantiation via factory method failed; nested exception is org.springframework.beans.BeanInstantiationException: Failed to instantiate [org.apache.ibatis.session.SqlSessionFactory]: Factory method 'sqlSessionFactory' threw exception; nested exception is org.springframework.core.NestedIOException: Failed to parse mapping resource: 'file [D:\workspace\demo1\build\resources\main\query\wms_stock\Wms_stock_mapper.xml]'; nested exception is org.apache.ibatis.builder.BuilderException: Error parsing Mapper XML. The XML location is 'file [D:\workspace\demo1\build\resources\main\query\wms_stock\Wms_stock_mapper.xml]'. Cause: org.apache.ibatis.builder.BuilderException: Error resolving class. Cause: org.apache.ibatis.type.TypeException: Could not resolve type alias 'com.mes.wms_stock.DTO.WmsStock'.  Cause: java.lang.ClassNotFoundException: Cannot find class: com.mes.wms_stock.DTO.WmsStock
	at org.springframework.beans.factory.support.ConstructorResolver.instantiate(ConstructorResolver.java:645)
	at org.springframework.beans.factory.support.ConstructorResolver.instantiateUsingFactoryMethod(ConstructorResolver.java:625)
	at org.springframework.beans.factory.support.AbstractAutowireCapableBeanFactory.instantiateUsingFactoryMethod(AbstractAutowireCapableBeanFactory.java:1338)
	at org.springframework.beans.factory.support.AbstractAutowireCapableBeanFactory.createBeanInstance(AbstractAutowireCapableBeanFactory.java:1177)
	at org.springframework.beans.factory.support.AbstractAutowireCapableBeanFactory.doCreateBean(AbstractAutowireCapableBeanFactory.java:557)
	at org.springframework.beans.factory.support.AbstractAutowireCapableBeanFactory.createBean(AbstractAutowireCapableBeanFactory.java:517)
	at org.springframework.beans.factory.support.AbstractBeanFactory.lambda$doGetBean$0(AbstractBeanFactory.java:323)
	at org.springframework.beans.factory.support.DefaultSingletonBeanRegistry.getSingleton(DefaultSingletonBeanRegistry.java:222)
	at org.springframework.beans.factory.support.AbstractBeanFactory.doGetBean(AbstractBeanFactory.java:321)
	at org.springframework.beans.factory.support.AbstractBeanFactory.getBean(AbstractBeanFactory.java:202)
	at org.springframework.beans.factory.support.DefaultListableBeanFactory.preInstantiateSingletons(DefaultListableBeanFactory.java:879)
	at org.springframework.context.support.AbstractApplicationContext.finishBeanFactoryInitialization(AbstractApplicationContext.java:878)
	at org.springframework.context.support.AbstractApplicationContext.refresh(AbstractApplicationContext.java:550)
	at org.springframework.boot.web.servlet.context.ServletWebServerApplicationContext.refresh(ServletWebServerApplicationContext.java:141)
	at org.springframework.boot.SpringApplication.refresh(SpringApplication.java:747)
	at org.springframework.boot.SpringApplication.refreshContext(SpringApplication.java:397)
	at org.springframework.boot.SpringApplication.run(SpringApplication.java:315)
	at org.springframework.boot.SpringApplication.run(SpringApplication.java:1226)
	at org.springframework.boot.SpringApplication.run(SpringApplication.java:1215)
	at org.example.mainApplication.main(mainApplication.java:39)
	at java.base/jdk.internal.reflect.NativeMethodAccessorImpl.invoke0(Native Method)
	at java.base/jdk.internal.reflect.NativeMethodAccessorImpl.invoke(NativeMethodAccessorImpl.java:62)
	at java.base/jdk.internal.reflect.DelegatingMethodAccessorImpl.invoke(DelegatingMethodAccessorImpl.java:43)
	at java.base/java.lang.reflect.Method.invoke(Method.java:566)
	at org.springframework.boot.devtools.restart.RestartLauncher.run(RestartLauncher.java:49)
Caused by: org.springframework.beans.BeanInstantiationException: Failed to instantiate [org.apache.ibatis.session.SqlSessionFactory]: Factory method 'sqlSessionFactory' threw exception; nested exception is org.springframework.core.NestedIOException: Failed to parse mapping resource: 'file [D:\workspace\demo1\build\resources\main\query\wms_stock\Wms_stock_mapper.xml]'; nested exception is org.apache.ibatis.builder.BuilderException: Error parsing Mapper XML. The XML location is 'file [D:\workspace\demo1\build\resources\main\query\wms_stock\Wms_stock_mapper.xml]'. Cause: org.apache.ibatis.builder.BuilderException: Error resolving class. Cause: org.apache.ibatis.type.TypeException: Could not resolve type alias 'com.mes.wms_stock.DTO.WmsStock'.  Cause: java.lang.ClassNotFoundException: Cannot find class: com.mes.wms_stock.DTO.WmsStock
	at org.springframework.beans.factory.support.SimpleInstantiationStrategy.instantiate(SimpleInstantiationStrategy.java:185)
	at org.springframework.beans.factory.support.ConstructorResolver.instantiate(ConstructorResolver.java:640)
	... 24 common frames omitted
Caused by: org.springframework.core.NestedIOException: Failed to parse mapping resource: 'file [D:\workspace\demo1\build\resources\main\query\wms_stock\Wms_stock_mapper.xml]'; nested exception is org.apache.ibatis.builder.BuilderException: Error parsing Mapper XML. The XML location is 'file [D:\workspace\demo1\build\resources\main\query\wms_stock\Wms_stock_mapper.xml]'. Cause: org.apache.ibatis.builder.BuilderException: Error resolving class. Cause: org.apache.ibatis.type.TypeException: Could not resolve type alias 'com.mes.wms_stock.DTO.WmsStock'.  Cause: java.lang.ClassNotFoundException: Cannot find class: com.mes.wms_stock.DTO.WmsStock
	at org.mybatis.spring.SqlSessionFactoryBean.buildSqlSessionFactory(SqlSessionFactoryBean.java:596)
	at org.mybatis.spring.SqlSessionFactoryBean.afterPropertiesSet(SqlSessionFactoryBean.java:475)
	at org.mybatis.spring.SqlSessionFactoryBean.getObject(SqlSessionFactoryBean.java:616)
	at org.example.mainApplication.sqlSessionFactory(mainApplication.java:53)
	at org.example.mainApplication$$EnhancerBySpringCGLIB$$530afca0.CGLIB$sqlSessionFactory$2(<generated>)
	at org.example.mainApplication$$EnhancerBySpringCGLIB$$530afca0$$FastClassBySpringCGLIB$$6142a44b.invoke(<generated>)
	at org.springframework.cglib.proxy.MethodProxy.invokeSuper(MethodProxy.java:244)
	at org.springframework.context.annotation.ConfigurationClassEnhancer$BeanMethodInterceptor.intercept(ConfigurationClassEnhancer.java:363)
	at org.example.mainApplication$$EnhancerBySpringCGLIB$$530afca0.sqlSessionFactory(<generated>)
	at java.base/jdk.internal.reflect.NativeMethodAccessorImpl.invoke0(Native Method)
	at java.base/jdk.internal.reflect.NativeMethodAccessorImpl.invoke(NativeMethodAccessorImpl.java:62)
	at java.base/jdk.internal.reflect.DelegatingMethodAccessorImpl.invoke(DelegatingMethodAccessorImpl.java:43)
	at java.base/java.lang.reflect.Method.invoke(Method.java:566)
	at org.springframework.beans.factory.support.SimpleInstantiationStrategy.instantiate(SimpleInstantiationStrategy.java:154)
	... 25 common frames omitted
Caused by: org.apache.ibatis.builder.BuilderException: Error parsing Mapper XML. The XML location is 'file [D:\workspace\demo1\build\resources\main\query\wms_stock\Wms_stock_mapper.xml]'. Cause: org.apache.ibatis.builder.BuilderException: Error resolving class. Cause: org.apache.ibatis.type.TypeException: Could not resolve type alias 'com.mes.wms_stock.DTO.WmsStock'.  Cause: java.lang.ClassNotFoundException: Cannot find class: com.mes.wms_stock.DTO.WmsStock
	at org.apache.ibatis.builder.xml.XMLMapperBuilder.configurationElement(XMLMapperBuilder.java:122)
	at org.apache.ibatis.builder.xml.XMLMapperBuilder.parse(XMLMapperBuilder.java:94)
	at org.mybatis.spring.SqlSessionFactoryBean.buildSqlSessionFactory(SqlSessionFactoryBean.java:594)
	... 38 common frames omitted
Caused by: org.apache.ibatis.builder.BuilderException: Error resolving class. Cause: org.apache.ibatis.type.TypeException: Could not resolve type alias 'com.mes.wms_stock.DTO.WmsStock'.  Cause: java.lang.ClassNotFoundException: Cannot find class: com.mes.wms_stock.DTO.WmsStock
	at org.apache.ibatis.builder.BaseBuilder.resolveClass(BaseBuilder.java:118)
	at org.apache.ibatis.builder.xml.XMLStatementBuilder.parseStatementNode(XMLStatementBuilder.java:102)
	at org.apache.ibatis.builder.xml.XMLMapperBuilder.buildStatementFromContext(XMLMapperBuilder.java:137)
	at org.apache.ibatis.builder.xml.XMLMapperBuilder.buildStatementFromContext(XMLMapperBuilder.java:130)
	at org.apache.ibatis.builder.xml.XMLMapperBuilder.configurationElement(XMLMapperBuilder.java:120)
	... 40 common frames omitted
Caused by: org.apache.ibatis.type.TypeException: Could not resolve type alias 'com.mes.wms_stock.DTO.WmsStock'.  Cause: java.lang.ClassNotFoundException: Cannot find class: com.mes.wms_stock.DTO.WmsStock
	at org.apache.ibatis.type.TypeAliasRegistry.resolveAlias(TypeAliasRegistry.java:120)
	at org.apache.ibatis.builder.BaseBuilder.resolveAlias(BaseBuilder.java:149)
	at org.apache.ibatis.builder.BaseBuilder.resolveClass(BaseBuilder.java:116)
	... 44 common frames omitted
Caused by: java.lang.ClassNotFoundException: Cannot find class: com.mes.wms_stock.DTO.WmsStock
	at org.apache.ibatis.io.ClassLoaderWrapper.classForName(ClassLoaderWrapper.java:200)
	at org.apache.ibatis.io.ClassLoaderWrapper.classForName(ClassLoaderWrapper.java:89)
	at org.apache.ibatis.io.Resources.classForName(Resources.java:261)
	at org.apache.ibatis.type.TypeAliasRegistry.resolveAlias(TypeAliasRegistry.java:116)
	... 46 common frames omitted
2023-02-27 14:36:31 [INFO ] [StartupInfoLogger.java]logStarting(55) : Starting mainApplication on DESKTOP-L2ACOJ2 with PID 7768 (D:\workspace\demo1\build\classes\java\main started by user in D:\workspace\demo1)
2023-02-27 14:36:31 [INFO ] [SpringApplication.java]logStartupProfileInfo(651) : No active profile set, falling back to default profiles: default
2023-02-27 14:36:32 [WARN ] [Logger.java]warn(44) : No MyBatis mapper was found in '[org.example.Mapper]' package. Please check your configuration.
2023-02-27 14:36:33 [WARN ] [TransformerFactoryUtils.java]defaultSettings(62) : http://javax.xml.XMLConstants/property/accessExternalDTD property not supported by org.apache.xalan.processor.TransformerFactoryImpl
2023-02-27 14:36:33 [WARN ] [TransformerFactoryUtils.java]defaultSettings(70) : http://javax.xml.XMLConstants/property/accessExternalStylesheet property not supported by org.apache.xalan.processor.TransformerFactoryImpl
2023-02-27 14:36:33 [INFO ] [StartupInfoLogger.java]logStarted(61) : Started mainApplication in 2.127 seconds (JVM running for 2.835)
2023-02-27 14:42:55 [INFO ] [StartupInfoLogger.java]logStarting(55) : Starting mainApplication on DESKTOP-L2ACOJ2 with PID 14292 (D:\workspace\demo1\build\classes\java\main started by user in D:\workspace\demo1)
2023-02-27 14:42:55 [INFO ] [SpringApplication.java]logStartupProfileInfo(651) : No active profile set, falling back to default profiles: default
2023-02-27 14:42:55 [WARN ] [Logger.java]warn(44) : No MyBatis mapper was found in '[org.example.Mapper]' package. Please check your configuration.
2023-02-27 14:42:57 [WARN ] [TransformerFactoryUtils.java]defaultSettings(62) : http://javax.xml.XMLConstants/property/accessExternalDTD property not supported by org.apache.xalan.processor.TransformerFactoryImpl
2023-02-27 14:42:57 [WARN ] [TransformerFactoryUtils.java]defaultSettings(70) : http://javax.xml.XMLConstants/property/accessExternalStylesheet property not supported by org.apache.xalan.processor.TransformerFactoryImpl
2023-02-27 14:42:57 [INFO ] [StartupInfoLogger.java]logStarted(61) : Started mainApplication in 2.358 seconds (JVM running for 3.077)
2023-02-27 14:52:11 [INFO ] [StartupInfoLogger.java]logStarting(55) : Starting mainApplication on DESKTOP-L2ACOJ2 with PID 11752 (D:\workspace\demo1\build\classes\java\main started by user in D:\workspace\demo1)
2023-02-27 14:52:11 [INFO ] [SpringApplication.java]logStartupProfileInfo(651) : No active profile set, falling back to default profiles: default
2023-02-27 14:52:12 [WARN ] [Logger.java]warn(44) : No MyBatis mapper was found in '[org.example.Mapper]' package. Please check your configuration.
2023-02-27 14:52:13 [WARN ] [AbstractApplicationContext.java]refresh(558) : Exception encountered during context initialization - cancelling refresh attempt: org.springframework.beans.factory.UnsatisfiedDependencyException: Error creating bean with name 'homeController': Unsatisfied dependency expressed through field 'servies'; nested exception is org.springframework.beans.factory.UnsatisfiedDependencyException: Error creating bean with name 'homeServies': Unsatisfied dependency expressed through field 'mapper'; nested exception is org.springframework.beans.factory.NoSuchBeanDefinitionException: No qualifying bean of type 'org.Mapper.home.HomeMapper' available: expected at least 1 bean which qualifies as autowire candidate. Dependency annotations: {@org.springframework.beans.factory.annotation.Autowired(required=true)}
2023-02-27 14:52:13 [ERROR] [LoggingFailureAnalysisReporter.java]report(40) : 

***************************
APPLICATION FAILED TO START
***************************

Description:

Field mapper in org.example.home.HomeServies required a bean of type 'org.Mapper.home.HomeMapper' that could not be found.

The injection point has the following annotations:
	- @org.springframework.beans.factory.annotation.Autowired(required=true)


Action:

Consider defining a bean of type 'org.Mapper.home.HomeMapper' in your configuration.

2023-02-27 14:55:34 [INFO ] [StartupInfoLogger.java]logStarting(55) : Starting mainApplication on DESKTOP-L2ACOJ2 with PID 13100 (D:\workspace\demo1\build\classes\java\main started by user in D:\workspace\demo1)
2023-02-27 14:55:34 [INFO ] [SpringApplication.java]logStartupProfileInfo(651) : No active profile set, falling back to default profiles: default
2023-02-27 14:55:36 [WARN ] [TransformerFactoryUtils.java]defaultSettings(62) : http://javax.xml.XMLConstants/property/accessExternalDTD property not supported by org.apache.xalan.processor.TransformerFactoryImpl
2023-02-27 14:55:36 [WARN ] [TransformerFactoryUtils.java]defaultSettings(70) : http://javax.xml.XMLConstants/property/accessExternalStylesheet property not supported by org.apache.xalan.processor.TransformerFactoryImpl
2023-02-27 14:55:36 [INFO ] [StartupInfoLogger.java]logStarted(61) : Started mainApplication in 2.136 seconds (JVM running for 2.817)
2023-02-27 14:56:15 [WARN ] [HikariConfig.java]validateNumerics(1009) : HikariPool-1 - idleTimeout has been set but has no effect because the pool is operating as a fixed size pool.
2023-02-27 14:56:15 [INFO ] [HikariDataSource.java]getConnection(110) : HikariPool-1 - Starting...
2023-02-27 14:56:16 [INFO ] [HikariDataSource.java]getConnection(123) : HikariPool-1 - Start completed.
2023-02-27 16:14:26 [WARN ] [HikariPool.java]run(787) : HikariPool-1 - Thread starvation or clock leap detected (housekeeper delta=8m46s543ms531µs700ns).
2023-02-27 16:34:40 [INFO ] [HikariDataSource.java]close(350) : HikariPool-1 - Shutdown initiated...
2023-02-27 16:34:40 [INFO ] [HikariDataSource.java]close(352) : HikariPool-1 - Shutdown completed.
2023-02-27 16:34:56 [INFO ] [StartupInfoLogger.java]logStarting(55) : Starting mainApplication on DESKTOP-L2ACOJ2 with PID 2244 (D:\workspace\demo1\build\classes\java\main started by user in D:\workspace\demo1)
2023-02-27 16:34:56 [INFO ] [SpringApplication.java]logStartupProfileInfo(651) : No active profile set, falling back to default profiles: default
2023-02-27 16:34:58 [WARN ] [TransformerFactoryUtils.java]defaultSettings(62) : http://javax.xml.XMLConstants/property/accessExternalDTD property not supported by org.apache.xalan.processor.TransformerFactoryImpl
2023-02-27 16:34:58 [WARN ] [TransformerFactoryUtils.java]defaultSettings(70) : http://javax.xml.XMLConstants/property/accessExternalStylesheet property not supported by org.apache.xalan.processor.TransformerFactoryImpl
2023-02-27 16:34:58 [INFO ] [StartupInfoLogger.java]logStarted(61) : Started mainApplication in 2.579 seconds (JVM running for 3.358)
2023-02-27 16:35:13 [WARN ] [HikariConfig.java]validateNumerics(1009) : HikariPool-1 - idleTimeout has been set but has no effect because the pool is operating as a fixed size pool.
2023-02-27 16:35:13 [INFO ] [HikariDataSource.java]getConnection(110) : HikariPool-1 - Starting...
2023-02-27 16:35:13 [INFO ] [HikariDataSource.java]getConnection(123) : HikariPool-1 - Start completed.
2023-02-27 16:36:05 [INFO ] [HikariDataSource.java]close(350) : HikariPool-1 - Shutdown initiated...
2023-02-27 16:36:05 [INFO ] [HikariDataSource.java]close(352) : HikariPool-1 - Shutdown completed.
2023-02-27 16:36:12 [INFO ] [StartupInfoLogger.java]logStarting(55) : Starting mainApplication on DESKTOP-L2ACOJ2 with PID 3772 (D:\workspace\demo1\build\classes\java\main started by user in D:\workspace\demo1)
2023-02-27 16:36:12 [INFO ] [SpringApplication.java]logStartupProfileInfo(651) : No active profile set, falling back to default profiles: default
2023-02-27 16:36:14 [WARN ] [TransformerFactoryUtils.java]defaultSettings(62) : http://javax.xml.XMLConstants/property/accessExternalDTD property not supported by org.apache.xalan.processor.TransformerFactoryImpl
2023-02-27 16:36:14 [WARN ] [TransformerFactoryUtils.java]defaultSettings(70) : http://javax.xml.XMLConstants/property/accessExternalStylesheet property not supported by org.apache.xalan.processor.TransformerFactoryImpl
2023-02-27 16:36:14 [INFO ] [StartupInfoLogger.java]logStarted(61) : Started mainApplication in 2.07 seconds (JVM running for 2.704)
2023-02-27 16:36:19 [WARN ] [HikariConfig.java]validateNumerics(1009) : HikariPool-1 - idleTimeout has been set but has no effect because the pool is operating as a fixed size pool.
2023-02-27 16:36:19 [INFO ] [HikariDataSource.java]getConnection(110) : HikariPool-1 - Starting...
2023-02-27 16:36:19 [INFO ] [HikariDataSource.java]getConnection(123) : HikariPool-1 - Start completed.
2023-02-27 16:36:19 [ERROR] [DirectJDKLog.java]log(175) : Servlet.service() for servlet [dispatcherServlet] in context with path [] threw exception [Request processing failed; nested exception is org.springframework.jdbc.UncategorizedSQLException: 
### Error querying database.  Cause: com.microsoft.sqlserver.jdbc.SQLServerException: 'FROM' 근처의 구문이 잘못되었습니다.
### The error may exist in file [D:\workspace\demo1\build\resources\main\query\home\home_mapper.xml]
### The error may involve defaultParameterMap
### The error occurred while setting parameters
### SQL: SELECT * FROM
### Cause: com.microsoft.sqlserver.jdbc.SQLServerException: 'FROM' 근처의 구문이 잘못되었습니다.
; uncategorized SQLException; SQL state [S0001]; error code [102]; 'FROM' 근처의 구문이 잘못되었습니다.; nested exception is com.microsoft.sqlserver.jdbc.SQLServerException: 'FROM' 근처의 구문이 잘못되었습니다.] with root cause
com.microsoft.sqlserver.jdbc.SQLServerException: 'FROM' 근처의 구문이 잘못되었습니다.
	at com.microsoft.sqlserver.jdbc.SQLServerException.makeFromDatabaseError(SQLServerException.java:262)
	at com.microsoft.sqlserver.jdbc.SQLServerStatement.getNextResult(SQLServerStatement.java:1624)
	at com.microsoft.sqlserver.jdbc.SQLServerPreparedStatement.doExecutePreparedStatement(SQLServerPreparedStatement.java:594)
	at com.microsoft.sqlserver.jdbc.SQLServerPreparedStatement$PrepStmtExecCmd.doExecute(SQLServerPreparedStatement.java:524)
	at com.microsoft.sqlserver.jdbc.TDSCommand.execute(IOBuffer.java:7194)
	at com.microsoft.sqlserver.jdbc.SQLServerConnection.executeCommand(SQLServerConnection.java:2979)
	at com.microsoft.sqlserver.jdbc.SQLServerStatement.executeCommand(SQLServerStatement.java:248)
	at com.microsoft.sqlserver.jdbc.SQLServerStatement.executeStatement(SQLServerStatement.java:223)
	at com.microsoft.sqlserver.jdbc.SQLServerPreparedStatement.execute(SQLServerPreparedStatement.java:505)
	at com.zaxxer.hikari.pool.ProxyPreparedStatement.execute(ProxyPreparedStatement.java:44)
	at com.zaxxer.hikari.pool.HikariProxyPreparedStatement.execute(HikariProxyPreparedStatement.java)
	at org.apache.ibatis.executor.statement.PreparedStatementHandler.query(PreparedStatementHandler.java:64)
	at org.apache.ibatis.executor.statement.RoutingStatementHandler.query(RoutingStatementHandler.java:79)
	at org.apache.ibatis.executor.SimpleExecutor.doQuery(SimpleExecutor.java:63)
	at org.apache.ibatis.executor.BaseExecutor.queryFromDatabase(BaseExecutor.java:324)
	at org.apache.ibatis.executor.BaseExecutor.query(BaseExecutor.java:156)
	at org.apache.ibatis.executor.CachingExecutor.query(CachingExecutor.java:109)
	at org.apache.ibatis.executor.CachingExecutor.query(CachingExecutor.java:83)
	at org.apache.ibatis.session.defaults.DefaultSqlSession.selectList(DefaultSqlSession.java:147)
	at org.apache.ibatis.session.defaults.DefaultSqlSession.selectList(DefaultSqlSession.java:140)
	at java.base/jdk.internal.reflect.NativeMethodAccessorImpl.invoke0(Native Method)
	at java.base/jdk.internal.reflect.NativeMethodAccessorImpl.invoke(NativeMethodAccessorImpl.java:62)
	at java.base/jdk.internal.reflect.DelegatingMethodAccessorImpl.invoke(DelegatingMethodAccessorImpl.java:43)
	at java.base/java.lang.reflect.Method.invoke(Method.java:566)
	at org.mybatis.spring.SqlSessionTemplate$SqlSessionInterceptor.invoke(SqlSessionTemplate.java:426)
	at com.sun.proxy.$Proxy70.selectList(Unknown Source)
	at org.mybatis.spring.SqlSessionTemplate.selectList(SqlSessionTemplate.java:223)
	at org.apache.ibatis.binding.MapperMethod.executeForMany(MapperMethod.java:147)
	at org.apache.ibatis.binding.MapperMethod.execute(MapperMethod.java:80)
	at org.apache.ibatis.binding.MapperProxy.invoke(MapperProxy.java:57)
	at com.sun.proxy.$Proxy71.get_jth_list(Unknown Source)
	at java.base/jdk.internal.reflect.NativeMethodAccessorImpl.invoke0(Native Method)
	at java.base/jdk.internal.reflect.NativeMethodAccessorImpl.invoke(NativeMethodAccessorImpl.java:62)
	at java.base/jdk.internal.reflect.DelegatingMethodAccessorImpl.invoke(DelegatingMethodAccessorImpl.java:43)
	at java.base/java.lang.reflect.Method.invoke(Method.java:566)
	at org.springframework.aop.support.AopUtils.invokeJoinpointUsingReflection(AopUtils.java:344)
	at org.springframework.aop.framework.ReflectiveMethodInvocation.invokeJoinpoint(ReflectiveMethodInvocation.java:198)
	at org.springframework.aop.framework.ReflectiveMethodInvocation.proceed(ReflectiveMethodInvocation.java:163)
	at org.springframework.dao.support.PersistenceExceptionTranslationInterceptor.invoke(PersistenceExceptionTranslationInterceptor.java:139)
	at org.springframework.aop.framework.ReflectiveMethodInvocation.proceed(ReflectiveMethodInvocation.java:186)
	at org.springframework.aop.framework.JdkDynamicAopProxy.invoke(JdkDynamicAopProxy.java:212)
	at com.sun.proxy.$Proxy72.get_jth_list(Unknown Source)
	at org.example.home.HomeServies.get_jth_list(HomeServies.java:21)
	at org.example.home.HomeController.home(HomeController.java:20)
	at java.base/jdk.internal.reflect.NativeMethodAccessorImpl.invoke0(Native Method)
	at java.base/jdk.internal.reflect.NativeMethodAccessorImpl.invoke(NativeMethodAccessorImpl.java:62)
	at java.base/jdk.internal.reflect.DelegatingMethodAccessorImpl.invoke(DelegatingMethodAccessorImpl.java:43)
	at java.base/java.lang.reflect.Method.invoke(Method.java:566)
	at org.springframework.web.method.support.InvocableHandlerMethod.doInvoke(InvocableHandlerMethod.java:190)
	at org.springframework.web.method.support.InvocableHandlerMethod.invokeForRequest(InvocableHandlerMethod.java:138)
	at org.springframework.web.servlet.mvc.method.annotation.ServletInvocableHandlerMethod.invokeAndHandle(ServletInvocableHandlerMethod.java:106)
	at org.springframework.web.servlet.mvc.method.annotation.RequestMappingHandlerAdapter.invokeHandlerMethod(RequestMappingHandlerAdapter.java:888)
	at org.springframework.web.servlet.mvc.method.annotation.RequestMappingHandlerAdapter.handleInternal(RequestMappingHandlerAdapter.java:793)
	at org.springframework.web.servlet.mvc.method.AbstractHandlerMethodAdapter.handle(AbstractHandlerMethodAdapter.java:87)
	at org.springframework.web.servlet.DispatcherServlet.doDispatch(DispatcherServlet.java:1040)
	at org.springframework.web.servlet.DispatcherServlet.doService(DispatcherServlet.java:943)
	at org.springframework.web.servlet.FrameworkServlet.processRequest(FrameworkServlet.java:1006)
	at org.springframework.web.servlet.FrameworkServlet.doGet(FrameworkServlet.java:898)
	at javax.servlet.http.HttpServlet.service(HttpServlet.java:634)
	at org.springframework.web.servlet.FrameworkServlet.service(FrameworkServlet.java:883)
	at javax.servlet.http.HttpServlet.service(HttpServlet.java:741)
	at org.apache.catalina.core.ApplicationFilterChain.internalDoFilter(ApplicationFilterChain.java:231)
	at org.apache.catalina.core.ApplicationFilterChain.doFilter(ApplicationFilterChain.java:166)
	at org.apache.tomcat.websocket.server.WsFilter.doFilter(WsFilter.java:53)
	at org.apache.catalina.core.ApplicationFilterChain.internalDoFilter(ApplicationFilterChain.java:193)
	at org.apache.catalina.core.ApplicationFilterChain.doFilter(ApplicationFilterChain.java:166)
	at org.springframework.web.filter.RequestContextFilter.doFilterInternal(RequestContextFilter.java:100)
	at org.springframework.web.filter.OncePerRequestFilter.doFilter(OncePerRequestFilter.java:119)
	at org.apache.catalina.core.ApplicationFilterChain.internalDoFilter(ApplicationFilterChain.java:193)
	at org.apache.catalina.core.ApplicationFilterChain.doFilter(ApplicationFilterChain.java:166)
	at org.springframework.web.filter.FormContentFilter.doFilterInternal(FormContentFilter.java:93)
	at org.springframework.web.filter.OncePerRequestFilter.doFilter(OncePerRequestFilter.java:119)
	at org.apache.catalina.core.ApplicationFilterChain.internalDoFilter(ApplicationFilterChain.java:193)
	at org.apache.catalina.core.ApplicationFilterChain.doFilter(ApplicationFilterChain.java:166)
	at org.springframework.web.filter.CharacterEncodingFilter.doFilterInternal(CharacterEncodingFilter.java:201)
	at org.springframework.web.filter.OncePerRequestFilter.doFilter(OncePerRequestFilter.java:119)
	at org.apache.catalina.core.ApplicationFilterChain.internalDoFilter(ApplicationFilterChain.java:193)
	at org.apache.catalina.core.ApplicationFilterChain.doFilter(ApplicationFilterChain.java:166)
	at org.apache.catalina.core.StandardWrapperValve.invoke(StandardWrapperValve.java:202)
	at org.apache.catalina.core.StandardContextValve.invoke(StandardContextValve.java:96)
	at org.apache.catalina.authenticator.AuthenticatorBase.invoke(AuthenticatorBase.java:526)
	at org.apache.catalina.core.StandardHostValve.invoke(StandardHostValve.java:139)
	at org.apache.catalina.valves.ErrorReportValve.invoke(ErrorReportValve.java:92)
	at org.apache.catalina.core.StandardEngineValve.invoke(StandardEngineValve.java:74)
	at org.apache.catalina.connector.CoyoteAdapter.service(CoyoteAdapter.java:343)
	at org.apache.coyote.http11.Http11Processor.service(Http11Processor.java:408)
	at org.apache.coyote.AbstractProcessorLight.process(AbstractProcessorLight.java:66)
	at org.apache.coyote.AbstractProtocol$ConnectionHandler.process(AbstractProtocol.java:861)
	at org.apache.tomcat.util.net.NioEndpoint$SocketProcessor.doRun(NioEndpoint.java:1579)
	at org.apache.tomcat.util.net.SocketProcessorBase.run(SocketProcessorBase.java:49)
	at java.base/java.util.concurrent.ThreadPoolExecutor.runWorker(ThreadPoolExecutor.java:1128)
	at java.base/java.util.concurrent.ThreadPoolExecutor$Worker.run(ThreadPoolExecutor.java:628)
	at org.apache.tomcat.util.threads.TaskThread$WrappingRunnable.run(TaskThread.java:61)
	at java.base/java.lang.Thread.run(Thread.java:829)
2023-02-27 16:36:44 [INFO ] [HikariDataSource.java]close(350) : HikariPool-1 - Shutdown initiated...
2023-02-27 16:36:44 [INFO ] [HikariDataSource.java]close(352) : HikariPool-1 - Shutdown completed.
2023-02-27 16:36:51 [INFO ] [StartupInfoLogger.java]logStarting(55) : Starting mainApplication on DESKTOP-L2ACOJ2 with PID 16560 (D:\workspace\demo1\build\classes\java\main started by user in D:\workspace\demo1)
2023-02-27 16:36:51 [INFO ] [SpringApplication.java]logStartupProfileInfo(651) : No active profile set, falling back to default profiles: default
2023-02-27 16:36:53 [WARN ] [TransformerFactoryUtils.java]defaultSettings(62) : http://javax.xml.XMLConstants/property/accessExternalDTD property not supported by org.apache.xalan.processor.TransformerFactoryImpl
2023-02-27 16:36:53 [WARN ] [TransformerFactoryUtils.java]defaultSettings(70) : http://javax.xml.XMLConstants/property/accessExternalStylesheet property not supported by org.apache.xalan.processor.TransformerFactoryImpl
2023-02-27 16:36:53 [INFO ] [StartupInfoLogger.java]logStarted(61) : Started mainApplication in 2.355 seconds (JVM running for 3.011)
2023-02-27 16:36:56 [WARN ] [HikariConfig.java]validateNumerics(1009) : HikariPool-1 - idleTimeout has been set but has no effect because the pool is operating as a fixed size pool.
2023-02-27 16:36:56 [INFO ] [HikariDataSource.java]getConnection(110) : HikariPool-1 - Starting...
2023-02-27 16:36:56 [INFO ] [HikariDataSource.java]getConnection(123) : HikariPool-1 - Start completed.
2023-02-27 16:42:38 [INFO ] [HikariDataSource.java]close(350) : HikariPool-1 - Shutdown initiated...
2023-02-27 16:42:38 [INFO ] [HikariDataSource.java]close(352) : HikariPool-1 - Shutdown completed.
2023-02-27 16:42:41 [INFO ] [StartupInfoLogger.java]logStarting(55) : Starting mainApplication on DESKTOP-L2ACOJ2 with PID 15144 (D:\workspace\demo1\build\classes\java\main started by user in D:\workspace\demo1)
2023-02-27 16:42:41 [INFO ] [SpringApplication.java]logStartupProfileInfo(651) : No active profile set, falling back to default profiles: default
2023-02-27 16:42:43 [WARN ] [TransformerFactoryUtils.java]defaultSettings(62) : http://javax.xml.XMLConstants/property/accessExternalDTD property not supported by org.apache.xalan.processor.TransformerFactoryImpl
2023-02-27 16:42:43 [WARN ] [TransformerFactoryUtils.java]defaultSettings(70) : http://javax.xml.XMLConstants/property/accessExternalStylesheet property not supported by org.apache.xalan.processor.TransformerFactoryImpl
2023-02-27 16:42:43 [INFO ] [StartupInfoLogger.java]logStarted(61) : Started mainApplication in 2.312 seconds (JVM running for 3.181)
2023-02-27 16:42:53 [WARN ] [HikariConfig.java]validateNumerics(1009) : HikariPool-1 - idleTimeout has been set but has no effect because the pool is operating as a fixed size pool.
2023-02-27 16:42:53 [INFO ] [HikariDataSource.java]getConnection(110) : HikariPool-1 - Starting...
2023-02-27 16:42:54 [INFO ] [HikariDataSource.java]getConnection(123) : HikariPool-1 - Start completed.
2023-02-27 17:00:32 [INFO ] [HikariDataSource.java]close(350) : HikariPool-1 - Shutdown initiated...
2023-02-27 17:00:32 [INFO ] [HikariDataSource.java]close(352) : HikariPool-1 - Shutdown completed.
2023-02-27 17:00:35 [INFO ] [StartupInfoLogger.java]logStarting(55) : Starting mainApplication on DESKTOP-L2ACOJ2 with PID 13180 (D:\workspace\demo1\build\classes\java\main started by user in D:\workspace\demo1)
2023-02-27 17:00:35 [INFO ] [SpringApplication.java]logStartupProfileInfo(651) : No active profile set, falling back to default profiles: default
2023-02-27 17:00:37 [WARN ] [TransformerFactoryUtils.java]defaultSettings(62) : http://javax.xml.XMLConstants/property/accessExternalDTD property not supported by org.apache.xalan.processor.TransformerFactoryImpl
2023-02-27 17:00:37 [WARN ] [TransformerFactoryUtils.java]defaultSettings(70) : http://javax.xml.XMLConstants/property/accessExternalStylesheet property not supported by org.apache.xalan.processor.TransformerFactoryImpl
2023-02-27 17:00:37 [INFO ] [StartupInfoLogger.java]logStarted(61) : Started mainApplication in 2.331 seconds (JVM running for 2.976)
2023-02-27 17:00:43 [WARN ] [HikariConfig.java]validateNumerics(1009) : HikariPool-1 - idleTimeout has been set but has no effect because the pool is operating as a fixed size pool.
2023-02-27 17:00:43 [INFO ] [HikariDataSource.java]getConnection(110) : HikariPool-1 - Starting...
2023-02-27 17:00:43 [INFO ] [HikariDataSource.java]getConnection(123) : HikariPool-1 - Start completed.
2023-02-27 17:01:15 [INFO ] [HikariDataSource.java]close(350) : HikariPool-1 - Shutdown initiated...
2023-02-27 17:01:15 [INFO ] [HikariDataSource.java]close(352) : HikariPool-1 - Shutdown completed.
2023-02-27 17:01:18 [INFO ] [StartupInfoLogger.java]logStarting(55) : Starting mainApplication on DESKTOP-L2ACOJ2 with PID 2416 (D:\workspace\demo1\build\classes\java\main started by user in D:\workspace\demo1)
2023-02-27 17:01:18 [INFO ] [SpringApplication.java]logStartupProfileInfo(651) : No active profile set, falling back to default profiles: default
2023-02-27 17:01:20 [WARN ] [TransformerFactoryUtils.java]defaultSettings(62) : http://javax.xml.XMLConstants/property/accessExternalDTD property not supported by org.apache.xalan.processor.TransformerFactoryImpl
2023-02-27 17:01:20 [WARN ] [TransformerFactoryUtils.java]defaultSettings(70) : http://javax.xml.XMLConstants/property/accessExternalStylesheet property not supported by org.apache.xalan.processor.TransformerFactoryImpl
2023-02-27 17:01:21 [INFO ] [StartupInfoLogger.java]logStarted(61) : Started mainApplication in 2.625 seconds (JVM running for 3.531)
2023-02-27 17:02:23 [INFO ] [StartupInfoLogger.java]logStarting(55) : Starting mainApplication on DESKTOP-L2ACOJ2 with PID 8868 (D:\workspace\demo1\build\classes\java\main started by user in D:\workspace\demo1)
2023-02-27 17:02:23 [INFO ] [SpringApplication.java]logStartupProfileInfo(651) : No active profile set, falling back to default profiles: default
2023-02-27 17:02:25 [WARN ] [TransformerFactoryUtils.java]defaultSettings(62) : http://javax.xml.XMLConstants/property/accessExternalDTD property not supported by org.apache.xalan.processor.TransformerFactoryImpl
2023-02-27 17:02:25 [WARN ] [TransformerFactoryUtils.java]defaultSettings(70) : http://javax.xml.XMLConstants/property/accessExternalStylesheet property not supported by org.apache.xalan.processor.TransformerFactoryImpl
2023-02-27 17:02:25 [INFO ] [StartupInfoLogger.java]logStarted(61) : Started mainApplication in 2.439 seconds (JVM running for 3.124)
2023-02-27 17:02:29 [WARN ] [HikariConfig.java]validateNumerics(1009) : HikariPool-1 - idleTimeout has been set but has no effect because the pool is operating as a fixed size pool.
2023-02-27 17:02:29 [INFO ] [HikariDataSource.java]getConnection(110) : HikariPool-1 - Starting...
2023-02-27 17:02:29 [INFO ] [HikariDataSource.java]getConnection(123) : HikariPool-1 - Start completed.
2023-02-27 17:04:02 [INFO ] [HikariDataSource.java]close(350) : HikariPool-1 - Shutdown initiated...
2023-02-27 17:04:02 [INFO ] [HikariDataSource.java]close(352) : HikariPool-1 - Shutdown completed.
2023-02-27 17:04:05 [INFO ] [StartupInfoLogger.java]logStarting(55) : Starting mainApplication on DESKTOP-L2ACOJ2 with PID 13536 (D:\workspace\demo1\build\classes\java\main started by user in D:\workspace\demo1)
2023-02-27 17:04:05 [INFO ] [SpringApplication.java]logStartupProfileInfo(651) : No active profile set, falling back to default profiles: default
2023-02-27 17:04:07 [WARN ] [TransformerFactoryUtils.java]defaultSettings(62) : http://javax.xml.XMLConstants/property/accessExternalDTD property not supported by org.apache.xalan.processor.TransformerFactoryImpl
2023-02-27 17:04:07 [WARN ] [TransformerFactoryUtils.java]defaultSettings(70) : http://javax.xml.XMLConstants/property/accessExternalStylesheet property not supported by org.apache.xalan.processor.TransformerFactoryImpl
2023-02-27 17:04:07 [INFO ] [StartupInfoLogger.java]logStarted(61) : Started mainApplication in 2.207 seconds (JVM running for 2.898)
2023-02-27 17:04:11 [WARN ] [HikariConfig.java]validateNumerics(1009) : HikariPool-1 - idleTimeout has been set but has no effect because the pool is operating as a fixed size pool.
2023-02-27 17:04:11 [INFO ] [HikariDataSource.java]getConnection(110) : HikariPool-1 - Starting...
2023-02-27 17:04:12 [INFO ] [HikariDataSource.java]getConnection(123) : HikariPool-1 - Start completed.
2023-02-27 17:17:24 [INFO ] [HikariDataSource.java]close(350) : HikariPool-1 - Shutdown initiated...
2023-02-27 17:17:24 [INFO ] [HikariDataSource.java]close(352) : HikariPool-1 - Shutdown completed.
2023-02-27 17:17:28 [INFO ] [StartupInfoLogger.java]logStarting(55) : Starting mainApplication on DESKTOP-L2ACOJ2 with PID 17252 (D:\workspace\demo1\build\classes\java\main started by user in D:\workspace\demo1)
2023-02-27 17:17:28 [INFO ] [SpringApplication.java]logStartupProfileInfo(651) : No active profile set, falling back to default profiles: default
2023-02-27 17:17:29 [WARN ] [TransformerFactoryUtils.java]defaultSettings(62) : http://javax.xml.XMLConstants/property/accessExternalDTD property not supported by org.apache.xalan.processor.TransformerFactoryImpl
2023-02-27 17:17:29 [WARN ] [TransformerFactoryUtils.java]defaultSettings(70) : http://javax.xml.XMLConstants/property/accessExternalStylesheet property not supported by org.apache.xalan.processor.TransformerFactoryImpl
2023-02-27 17:17:29 [INFO ] [StartupInfoLogger.java]logStarted(61) : Started mainApplication in 2.08 seconds (JVM running for 2.856)
2023-02-27 17:17:43 [WARN ] [HikariConfig.java]validateNumerics(1009) : HikariPool-1 - idleTimeout has been set but has no effect because the pool is operating as a fixed size pool.
2023-02-27 17:17:43 [INFO ] [HikariDataSource.java]getConnection(110) : HikariPool-1 - Starting...
2023-02-27 17:17:43 [INFO ] [HikariDataSource.java]getConnection(123) : HikariPool-1 - Start completed.
2023-02-27 17:21:11 [INFO ] [HikariDataSource.java]close(350) : HikariPool-1 - Shutdown initiated...
2023-02-27 17:21:11 [INFO ] [HikariDataSource.java]close(352) : HikariPool-1 - Shutdown completed.
2023-02-27 17:21:13 [INFO ] [StartupInfoLogger.java]logStarting(55) : Starting mainApplication on DESKTOP-L2ACOJ2 with PID 9784 (D:\workspace\demo1\build\classes\java\main started by user in D:\workspace\demo1)
2023-02-27 17:21:13 [INFO ] [SpringApplication.java]logStartupProfileInfo(651) : No active profile set, falling back to default profiles: default
2023-02-27 17:21:15 [WARN ] [TransformerFactoryUtils.java]defaultSettings(62) : http://javax.xml.XMLConstants/property/accessExternalDTD property not supported by org.apache.xalan.processor.TransformerFactoryImpl
2023-02-27 17:21:15 [WARN ] [TransformerFactoryUtils.java]defaultSettings(70) : http://javax.xml.XMLConstants/property/accessExternalStylesheet property not supported by org.apache.xalan.processor.TransformerFactoryImpl
2023-02-27 17:21:16 [INFO ] [StartupInfoLogger.java]logStarted(61) : Started mainApplication in 2.368 seconds (JVM running for 3.118)
2023-02-27 17:21:18 [WARN ] [HikariConfig.java]validateNumerics(1009) : HikariPool-1 - idleTimeout has been set but has no effect because the pool is operating as a fixed size pool.
2023-02-27 17:21:18 [INFO ] [HikariDataSource.java]getConnection(110) : HikariPool-1 - Starting...
2023-02-27 17:21:19 [INFO ] [HikariDataSource.java]getConnection(123) : HikariPool-1 - Start completed.
2023-02-27 17:26:08 [INFO ] [HikariDataSource.java]close(350) : HikariPool-1 - Shutdown initiated...
2023-02-27 17:26:08 [INFO ] [HikariDataSource.java]close(352) : HikariPool-1 - Shutdown completed.
2023-02-27 17:26:11 [INFO ] [StartupInfoLogger.java]logStarting(55) : Starting mainApplication on DESKTOP-L2ACOJ2 with PID 17256 (D:\workspace\demo1\build\classes\java\main started by user in D:\workspace\demo1)
2023-02-27 17:26:11 [INFO ] [SpringApplication.java]logStartupProfileInfo(651) : No active profile set, falling back to default profiles: default
2023-02-27 17:26:12 [WARN ] [TransformerFactoryUtils.java]defaultSettings(62) : http://javax.xml.XMLConstants/property/accessExternalDTD property not supported by org.apache.xalan.processor.TransformerFactoryImpl
2023-02-27 17:26:12 [WARN ] [TransformerFactoryUtils.java]defaultSettings(70) : http://javax.xml.XMLConstants/property/accessExternalStylesheet property not supported by org.apache.xalan.processor.TransformerFactoryImpl
2023-02-27 17:26:13 [INFO ] [StartupInfoLogger.java]logStarted(61) : Started mainApplication in 2.318 seconds (JVM running for 3.062)
2023-02-27 17:26:14 [WARN ] [HikariConfig.java]validateNumerics(1009) : HikariPool-1 - idleTimeout has been set but has no effect because the pool is operating as a fixed size pool.
2023-02-27 17:26:14 [INFO ] [HikariDataSource.java]getConnection(110) : HikariPool-1 - Starting...
2023-02-27 17:26:14 [INFO ] [HikariDataSource.java]getConnection(123) : HikariPool-1 - Start completed.
2023-02-27 17:30:34 [INFO ] [HikariDataSource.java]close(350) : HikariPool-1 - Shutdown initiated...
2023-02-27 17:30:34 [INFO ] [HikariDataSource.java]close(352) : HikariPool-1 - Shutdown completed.
2023-02-27 17:30:37 [INFO ] [StartupInfoLogger.java]logStarting(55) : Starting mainApplication on DESKTOP-L2ACOJ2 with PID 3320 (D:\workspace\demo1\build\classes\java\main started by user in D:\workspace\demo1)
2023-02-27 17:30:37 [INFO ] [SpringApplication.java]logStartupProfileInfo(651) : No active profile set, falling back to default profiles: default
2023-02-27 17:30:39 [WARN ] [TransformerFactoryUtils.java]defaultSettings(62) : http://javax.xml.XMLConstants/property/accessExternalDTD property not supported by org.apache.xalan.processor.TransformerFactoryImpl
2023-02-27 17:30:39 [WARN ] [TransformerFactoryUtils.java]defaultSettings(70) : http://javax.xml.XMLConstants/property/accessExternalStylesheet property not supported by org.apache.xalan.processor.TransformerFactoryImpl
2023-02-27 17:30:39 [INFO ] [StartupInfoLogger.java]logStarted(61) : Started mainApplication in 2.389 seconds (JVM running for 3.112)
2023-02-27 17:30:41 [WARN ] [HikariConfig.java]validateNumerics(1009) : HikariPool-1 - idleTimeout has been set but has no effect because the pool is operating as a fixed size pool.
2023-02-27 17:30:41 [INFO ] [HikariDataSource.java]getConnection(110) : HikariPool-1 - Starting...
2023-02-27 17:30:41 [INFO ] [HikariDataSource.java]getConnection(123) : HikariPool-1 - Start completed.
2023-02-27 17:37:54 [INFO ] [HikariDataSource.java]close(350) : HikariPool-1 - Shutdown initiated...
2023-02-27 17:37:54 [INFO ] [HikariDataSource.java]close(352) : HikariPool-1 - Shutdown completed.
2023-02-27 17:37:57 [INFO ] [StartupInfoLogger.java]logStarting(55) : Starting mainApplication on DESKTOP-L2ACOJ2 with PID 14968 (D:\workspace\demo1\build\classes\java\main started by user in D:\workspace\demo1)
2023-02-27 17:37:57 [INFO ] [SpringApplication.java]logStartupProfileInfo(651) : No active profile set, falling back to default profiles: default
2023-02-27 17:37:59 [WARN ] [TransformerFactoryUtils.java]defaultSettings(62) : http://javax.xml.XMLConstants/property/accessExternalDTD property not supported by org.apache.xalan.processor.TransformerFactoryImpl
2023-02-27 17:37:59 [WARN ] [TransformerFactoryUtils.java]defaultSettings(70) : http://javax.xml.XMLConstants/property/accessExternalStylesheet property not supported by org.apache.xalan.processor.TransformerFactoryImpl
2023-02-27 17:37:59 [INFO ] [StartupInfoLogger.java]logStarted(61) : Started mainApplication in 2.406 seconds (JVM running for 3.165)
2023-02-27 17:38:03 [WARN ] [HikariConfig.java]validateNumerics(1009) : HikariPool-1 - idleTimeout has been set but has no effect because the pool is operating as a fixed size pool.
2023-02-27 17:38:03 [INFO ] [HikariDataSource.java]getConnection(110) : HikariPool-1 - Starting...
2023-02-27 17:38:03 [INFO ] [HikariDataSource.java]getConnection(123) : HikariPool-1 - Start completed.
2023-02-27 17:41:50 [INFO ] [HikariDataSource.java]close(350) : HikariPool-1 - Shutdown initiated...
2023-02-27 17:41:50 [INFO ] [HikariDataSource.java]close(352) : HikariPool-1 - Shutdown completed.
2023-02-27 17:41:53 [INFO ] [StartupInfoLogger.java]logStarting(55) : Starting mainApplication on DESKTOP-L2ACOJ2 with PID 11268 (D:\workspace\demo1\build\classes\java\main started by user in D:\workspace\demo1)
2023-02-27 17:41:53 [INFO ] [SpringApplication.java]logStartupProfileInfo(651) : No active profile set, falling back to default profiles: default
2023-02-27 17:41:55 [WARN ] [TransformerFactoryUtils.java]defaultSettings(62) : http://javax.xml.XMLConstants/property/accessExternalDTD property not supported by org.apache.xalan.processor.TransformerFactoryImpl
2023-02-27 17:41:55 [WARN ] [TransformerFactoryUtils.java]defaultSettings(70) : http://javax.xml.XMLConstants/property/accessExternalStylesheet property not supported by org.apache.xalan.processor.TransformerFactoryImpl
2023-02-27 17:41:55 [INFO ] [StartupInfoLogger.java]logStarted(61) : Started mainApplication in 2.506 seconds (JVM running for 3.271)
2023-02-27 17:42:01 [WARN ] [HikariConfig.java]validateNumerics(1009) : HikariPool-1 - idleTimeout has been set but has no effect because the pool is operating as a fixed size pool.
2023-02-27 17:42:01 [INFO ] [HikariDataSource.java]getConnection(110) : HikariPool-1 - Starting...
2023-02-27 17:42:02 [INFO ] [HikariDataSource.java]getConnection(123) : HikariPool-1 - Start completed.
2023-02-27 17:50:36 [INFO ] [HikariDataSource.java]close(350) : HikariPool-1 - Shutdown initiated...
2023-02-27 17:50:36 [INFO ] [HikariDataSource.java]close(352) : HikariPool-1 - Shutdown completed.
2023-02-27 17:50:40 [INFO ] [StartupInfoLogger.java]logStarting(55) : Starting mainApplication on DESKTOP-L2ACOJ2 with PID 7188 (D:\workspace\demo1\build\classes\java\main started by user in D:\workspace\demo1)
2023-02-27 17:50:40 [INFO ] [SpringApplication.java]logStartupProfileInfo(651) : No active profile set, falling back to default profiles: default
2023-02-27 17:50:42 [WARN ] [TransformerFactoryUtils.java]defaultSettings(62) : http://javax.xml.XMLConstants/property/accessExternalDTD property not supported by org.apache.xalan.processor.TransformerFactoryImpl
2023-02-27 17:50:42 [WARN ] [TransformerFactoryUtils.java]defaultSettings(70) : http://javax.xml.XMLConstants/property/accessExternalStylesheet property not supported by org.apache.xalan.processor.TransformerFactoryImpl
2023-02-27 17:50:42 [INFO ] [StartupInfoLogger.java]logStarted(61) : Started mainApplication in 2.184 seconds (JVM running for 2.827)
2023-02-27 17:50:54 [WARN ] [HikariConfig.java]validateNumerics(1009) : HikariPool-1 - idleTimeout has been set but has no effect because the pool is operating as a fixed size pool.
2023-02-27 17:50:54 [INFO ] [HikariDataSource.java]getConnection(110) : HikariPool-1 - Starting...
2023-02-27 17:50:54 [INFO ] [HikariDataSource.java]getConnection(123) : HikariPool-1 - Start completed.
2023-02-27 17:52:29 [INFO ] [HikariDataSource.java]close(350) : HikariPool-1 - Shutdown initiated...
2023-02-27 17:52:29 [INFO ] [HikariDataSource.java]close(352) : HikariPool-1 - Shutdown completed.
2023-02-27 17:52:32 [INFO ] [StartupInfoLogger.java]logStarting(55) : Starting mainApplication on DESKTOP-L2ACOJ2 with PID 7708 (D:\workspace\demo1\build\classes\java\main started by user in D:\workspace\demo1)
2023-02-27 17:52:32 [INFO ] [SpringApplication.java]logStartupProfileInfo(651) : No active profile set, falling back to default profiles: default
2023-02-27 17:52:33 [WARN ] [TransformerFactoryUtils.java]defaultSettings(62) : http://javax.xml.XMLConstants/property/accessExternalDTD property not supported by org.apache.xalan.processor.TransformerFactoryImpl
2023-02-27 17:52:33 [WARN ] [TransformerFactoryUtils.java]defaultSettings(70) : http://javax.xml.XMLConstants/property/accessExternalStylesheet property not supported by org.apache.xalan.processor.TransformerFactoryImpl
2023-02-27 17:52:33 [INFO ] [StartupInfoLogger.java]logStarted(61) : Started mainApplication in 2.075 seconds (JVM running for 2.718)
2023-02-27 17:52:37 [WARN ] [HikariConfig.java]validateNumerics(1009) : HikariPool-1 - idleTimeout has been set but has no effect because the pool is operating as a fixed size pool.
2023-02-27 17:52:37 [INFO ] [HikariDataSource.java]getConnection(110) : HikariPool-1 - Starting...
2023-02-27 17:52:38 [INFO ] [HikariDataSource.java]getConnection(123) : HikariPool-1 - Start completed.
2023-02-27 17:53:20 [INFO ] [HikariDataSource.java]close(350) : HikariPool-1 - Shutdown initiated...
2023-02-27 17:53:20 [INFO ] [HikariDataSource.java]close(352) : HikariPool-1 - Shutdown completed.
2023-02-27 17:53:23 [INFO ] [StartupInfoLogger.java]logStarting(55) : Starting mainApplication on DESKTOP-L2ACOJ2 with PID 10656 (D:\workspace\demo1\build\classes\java\main started by user in D:\workspace\demo1)
2023-02-27 17:53:23 [INFO ] [SpringApplication.java]logStartupProfileInfo(651) : No active profile set, falling back to default profiles: default
2023-02-27 17:53:25 [WARN ] [TransformerFactoryUtils.java]defaultSettings(62) : http://javax.xml.XMLConstants/property/accessExternalDTD property not supported by org.apache.xalan.processor.TransformerFactoryImpl
2023-02-27 17:53:25 [WARN ] [TransformerFactoryUtils.java]defaultSettings(70) : http://javax.xml.XMLConstants/property/accessExternalStylesheet property not supported by org.apache.xalan.processor.TransformerFactoryImpl
2023-02-27 17:53:25 [INFO ] [StartupInfoLogger.java]logStarted(61) : Started mainApplication in 2.155 seconds (JVM running for 2.878)
2023-02-27 17:53:28 [WARN ] [HikariConfig.java]validateNumerics(1009) : HikariPool-1 - idleTimeout has been set but has no effect because the pool is operating as a fixed size pool.
2023-02-27 17:53:28 [INFO ] [HikariDataSource.java]getConnection(110) : HikariPool-1 - Starting...
2023-02-27 17:53:28 [INFO ] [HikariDataSource.java]getConnection(123) : HikariPool-1 - Start completed.
2023-02-27 17:55:02 [INFO ] [HikariDataSource.java]close(350) : HikariPool-1 - Shutdown initiated...
2023-02-27 17:55:02 [INFO ] [HikariDataSource.java]close(352) : HikariPool-1 - Shutdown completed.
2023-02-27 17:55:05 [INFO ] [StartupInfoLogger.java]logStarting(55) : Starting mainApplication on DESKTOP-L2ACOJ2 with PID 17008 (D:\workspace\demo1\build\classes\java\main started by user in D:\workspace\demo1)
2023-02-27 17:55:05 [INFO ] [SpringApplication.java]logStartupProfileInfo(651) : No active profile set, falling back to default profiles: default
2023-02-27 17:55:07 [WARN ] [TransformerFactoryUtils.java]defaultSettings(62) : http://javax.xml.XMLConstants/property/accessExternalDTD property not supported by org.apache.xalan.processor.TransformerFactoryImpl
2023-02-27 17:55:07 [WARN ] [TransformerFactoryUtils.java]defaultSettings(70) : http://javax.xml.XMLConstants/property/accessExternalStylesheet property not supported by org.apache.xalan.processor.TransformerFactoryImpl
2023-02-27 17:55:07 [INFO ] [StartupInfoLogger.java]logStarted(61) : Started mainApplication in 2.143 seconds (JVM running for 3.007)
2023-02-27 17:55:29 [WARN ] [HikariConfig.java]validateNumerics(1009) : HikariPool-1 - idleTimeout has been set but has no effect because the pool is operating as a fixed size pool.
2023-02-27 17:55:29 [INFO ] [HikariDataSource.java]getConnection(110) : HikariPool-1 - Starting...
2023-02-27 17:55:29 [INFO ] [HikariDataSource.java]getConnection(123) : HikariPool-1 - Start completed.
2023-02-27 18:17:51 [INFO ] [HikariDataSource.java]close(350) : HikariPool-1 - Shutdown initiated...
2023-02-27 18:17:51 [INFO ] [HikariDataSource.java]close(352) : HikariPool-1 - Shutdown completed.
