2023-05-02 09:07:54 [INFO ] [StartupInfoLogger.java]logStarting(55) : Starting mainApplication on DESKTOP-RILCUD6 with PID 2124 (D:\project\Demo\demo1\build\classes\java\main started by user in D:\project\Demo\demo1)
2023-05-02 09:07:54 [INFO ] [SpringApplication.java]logStartupProfileInfo(651) : No active profile set, falling back to default profiles: default
2023-05-02 09:07:56 [WARN ] [TransformerFactoryUtils.java]defaultSettings(62) : http://javax.xml.XMLConstants/property/accessExternalDTD property not supported by org.apache.xalan.processor.TransformerFactoryImpl
2023-05-02 09:07:56 [WARN ] [TransformerFactoryUtils.java]defaultSettings(70) : http://javax.xml.XMLConstants/property/accessExternalStylesheet property not supported by org.apache.xalan.processor.TransformerFactoryImpl
2023-05-02 09:07:56 [INFO ] [StartupInfoLogger.java]logStarted(61) : Started mainApplication in 2.713 seconds (JVM running for 6.671)
2023-05-02 09:08:31 [WARN ] [HikariConfig.java]validateNumerics(1009) : HikariPool-1 - idleTimeout has been set but has no effect because the pool is operating as a fixed size pool.
2023-05-02 09:08:31 [INFO ] [HikariDataSource.java]getConnection(110) : HikariPool-1 - Starting...
2023-05-02 09:08:32 [INFO ] [HikariDataSource.java]getConnection(123) : HikariPool-1 - Start completed.
2023-05-02 11:22:23 [WARN ] [HikariPool.java]run(787) : HikariPool-1 - Thread starvation or clock leap detected (housekeeper delta=11m42s115ms304µs).
2023-05-02 12:33:35 [WARN ] [HikariPool.java]run(787) : HikariPool-1 - Thread starvation or clock leap detected (housekeeper delta=19m41s798ms560µs700ns).
2023-05-02 13:10:14 [WARN ] [HikariPool.java]run(787) : HikariPool-1 - Thread starvation or clock leap detected (housekeeper delta=21m7s953ms343µs600ns).
2023-05-02 13:59:58 [WARN ] [HikariPool.java]run(787) : HikariPool-1 - Thread starvation or clock leap detected (housekeeper delta=4m13s914ms559µs600ns).
2023-05-02 14:11:19 [INFO ] [StartupInfoLogger.java]logStarting(55) : Starting mainApplication on DESKTOP-RILCUD6 with PID 29300 (D:\project\Demo\demo1\build\classes\java\main started by user in D:\project\Demo\demo1)
2023-05-02 14:11:19 [INFO ] [SpringApplication.java]logStartupProfileInfo(651) : No active profile set, falling back to default profiles: default
2023-05-02 14:11:21 [WARN ] [TransformerFactoryUtils.java]defaultSettings(62) : http://javax.xml.XMLConstants/property/accessExternalDTD property not supported by org.apache.xalan.processor.TransformerFactoryImpl
2023-05-02 14:11:21 [WARN ] [TransformerFactoryUtils.java]defaultSettings(70) : http://javax.xml.XMLConstants/property/accessExternalStylesheet property not supported by org.apache.xalan.processor.TransformerFactoryImpl
2023-05-02 14:11:21 [WARN ] [OptionalLiveReloadServer.java]startServer(61) : Unable to start LiveReload server
2023-05-02 14:11:21 [ERROR] [LoggingFailureAnalysisReporter.java]report(40) : 

***************************
APPLICATION FAILED TO START
***************************

Description:

Web server failed to start. Port 8091 was already in use.

Action:

Identify and stop the process that's listening on port 8091 or configure this application to listen on another port.

2023-05-02 16:49:14 [INFO ] [StartupInfoLogger.java]logStarting(55) : Starting mainApplication on DESKTOP-RILCUD6 with PID 20876 (D:\project\Demo\demo1\build\classes\java\main started by user in D:\project\Demo\demo1)
2023-05-02 16:49:14 [INFO ] [SpringApplication.java]logStartupProfileInfo(651) : No active profile set, falling back to default profiles: default
2023-05-02 16:49:16 [WARN ] [TransformerFactoryUtils.java]defaultSettings(62) : http://javax.xml.XMLConstants/property/accessExternalDTD property not supported by org.apache.xalan.processor.TransformerFactoryImpl
2023-05-02 16:49:16 [WARN ] [TransformerFactoryUtils.java]defaultSettings(70) : http://javax.xml.XMLConstants/property/accessExternalStylesheet property not supported by org.apache.xalan.processor.TransformerFactoryImpl
2023-05-02 16:49:16 [WARN ] [OptionalLiveReloadServer.java]startServer(61) : Unable to start LiveReload server
2023-05-02 16:49:16 [ERROR] [LoggingFailureAnalysisReporter.java]report(40) : 

***************************
APPLICATION FAILED TO START
***************************

Description:

Web server failed to start. Port 8091 was already in use.

Action:

Identify and stop the process that's listening on port 8091 or configure this application to listen on another port.

