2023-03-17 09:01:45 [INFO ] [StartupInfoLogger.java]logStarting(55) : Starting mainApplication on DESKTOP-RILCUD6 with PID 7148 (D:\project\Demo\demo1\build\classes\java\main started by user in D:\project\Demo\demo1)
2023-03-17 09:01:45 [INFO ] [SpringApplication.java]logStartupProfileInfo(651) : No active profile set, falling back to default profiles: default
2023-03-17 09:01:46 [WARN ] [TransformerFactoryUtils.java]defaultSettings(62) : http://javax.xml.XMLConstants/property/accessExternalDTD property not supported by org.apache.xalan.processor.TransformerFactoryImpl
2023-03-17 09:01:46 [WARN ] [TransformerFactoryUtils.java]defaultSettings(70) : http://javax.xml.XMLConstants/property/accessExternalStylesheet property not supported by org.apache.xalan.processor.TransformerFactoryImpl
2023-03-17 09:01:46 [INFO ] [StartupInfoLogger.java]logStarted(61) : Started mainApplication in 1.714 seconds (JVM running for 4.826)
2023-03-17 09:02:05 [WARN ] [HikariConfig.java]validateNumerics(1009) : HikariPool-1 - idleTimeout has been set but has no effect because the pool is operating as a fixed size pool.
2023-03-17 09:02:05 [INFO ] [HikariDataSource.java]getConnection(110) : HikariPool-1 - Starting...
2023-03-17 09:02:05 [INFO ] [HikariDataSource.java]getConnection(123) : HikariPool-1 - Start completed.
2023-03-17 10:14:26 [WARN ] [HikariPool.java]run(787) : HikariPool-1 - Thread starvation or clock leap detected (housekeeper delta=49s642ms783µs900ns).
2023-03-17 11:16:33 [INFO ] [HikariDataSource.java]close(350) : HikariPool-1 - Shutdown initiated...
2023-03-17 11:16:33 [INFO ] [HikariDataSource.java]close(352) : HikariPool-1 - Shutdown completed.
2023-03-17 11:16:42 [INFO ] [StartupInfoLogger.java]logStarting(55) : Starting mainApplication on DESKTOP-RILCUD6 with PID 10268 (D:\project\Demo\demo1\build\classes\java\main started by user in D:\project\Demo\demo1)
2023-03-17 11:16:42 [INFO ] [SpringApplication.java]logStartupProfileInfo(651) : No active profile set, falling back to default profiles: default
2023-03-17 11:16:44 [WARN ] [TransformerFactoryUtils.java]defaultSettings(62) : http://javax.xml.XMLConstants/property/accessExternalDTD property not supported by org.apache.xalan.processor.TransformerFactoryImpl
2023-03-17 11:16:44 [WARN ] [TransformerFactoryUtils.java]defaultSettings(70) : http://javax.xml.XMLConstants/property/accessExternalStylesheet property not supported by org.apache.xalan.processor.TransformerFactoryImpl
2023-03-17 11:16:44 [INFO ] [StartupInfoLogger.java]logStarted(61) : Started mainApplication in 1.757 seconds (JVM running for 4.859)
2023-03-17 11:31:15 [INFO ] [StartupInfoLogger.java]logStarting(55) : Starting mainApplication on DESKTOP-RILCUD6 with PID 1224 (D:\project\Demo\demo1\build\classes\java\main started by user in D:\project\Demo\demo1)
2023-03-17 11:31:15 [INFO ] [SpringApplication.java]logStartupProfileInfo(651) : No active profile set, falling back to default profiles: default
2023-03-17 11:31:17 [WARN ] [TransformerFactoryUtils.java]defaultSettings(62) : http://javax.xml.XMLConstants/property/accessExternalDTD property not supported by org.apache.xalan.processor.TransformerFactoryImpl
2023-03-17 11:31:17 [WARN ] [TransformerFactoryUtils.java]defaultSettings(70) : http://javax.xml.XMLConstants/property/accessExternalStylesheet property not supported by org.apache.xalan.processor.TransformerFactoryImpl
2023-03-17 11:31:17 [INFO ] [StartupInfoLogger.java]logStarted(61) : Started mainApplication in 1.737 seconds (JVM running for 2.301)
2023-03-17 11:31:49 [WARN ] [HikariConfig.java]validateNumerics(1009) : HikariPool-1 - idleTimeout has been set but has no effect because the pool is operating as a fixed size pool.
2023-03-17 11:31:49 [INFO ] [HikariDataSource.java]getConnection(110) : HikariPool-1 - Starting...
2023-03-17 11:31:49 [INFO ] [HikariDataSource.java]getConnection(123) : HikariPool-1 - Start completed.
2023-03-17 11:35:10 [INFO ] [HikariDataSource.java]close(350) : HikariPool-1 - Shutdown initiated...
2023-03-17 11:35:10 [INFO ] [HikariDataSource.java]close(352) : HikariPool-1 - Shutdown completed.
2023-03-17 11:35:15 [INFO ] [StartupInfoLogger.java]logStarting(55) : Starting mainApplication on DESKTOP-RILCUD6 with PID 18792 (D:\project\Demo\demo1\build\classes\java\main started by user in D:\project\Demo\demo1)
2023-03-17 11:35:15 [INFO ] [SpringApplication.java]logStartupProfileInfo(651) : No active profile set, falling back to default profiles: default
2023-03-17 11:35:16 [WARN ] [TransformerFactoryUtils.java]defaultSettings(62) : http://javax.xml.XMLConstants/property/accessExternalDTD property not supported by org.apache.xalan.processor.TransformerFactoryImpl
2023-03-17 11:35:16 [WARN ] [TransformerFactoryUtils.java]defaultSettings(70) : http://javax.xml.XMLConstants/property/accessExternalStylesheet property not supported by org.apache.xalan.processor.TransformerFactoryImpl
2023-03-17 11:35:16 [INFO ] [StartupInfoLogger.java]logStarted(61) : Started mainApplication in 1.7 seconds (JVM running for 2.258)
2023-03-17 11:35:33 [WARN ] [HikariConfig.java]validateNumerics(1009) : HikariPool-1 - idleTimeout has been set but has no effect because the pool is operating as a fixed size pool.
2023-03-17 11:35:33 [INFO ] [HikariDataSource.java]getConnection(110) : HikariPool-1 - Starting...
2023-03-17 11:35:34 [INFO ] [HikariDataSource.java]getConnection(123) : HikariPool-1 - Start completed.
2023-03-17 13:07:49 [WARN ] [HikariPool.java]run(787) : HikariPool-1 - Thread starvation or clock leap detected (housekeeper delta=52m44s730ms822µs700ns).
2023-03-17 13:10:57 [INFO ] [StartupInfoLogger.java]logStarting(55) : Starting mainApplication on DESKTOP-RILCUD6 with PID 6096 (D:\project\Demo\demo1\build\classes\java\main started by user in D:\project\Demo\demo1)
2023-03-17 13:10:57 [INFO ] [SpringApplication.java]logStartupProfileInfo(651) : No active profile set, falling back to default profiles: default
2023-03-17 13:10:59 [WARN ] [TransformerFactoryUtils.java]defaultSettings(62) : http://javax.xml.XMLConstants/property/accessExternalDTD property not supported by org.apache.xalan.processor.TransformerFactoryImpl
2023-03-17 13:10:59 [WARN ] [TransformerFactoryUtils.java]defaultSettings(70) : http://javax.xml.XMLConstants/property/accessExternalStylesheet property not supported by org.apache.xalan.processor.TransformerFactoryImpl
2023-03-17 13:10:59 [WARN ] [OptionalLiveReloadServer.java]startServer(61) : Unable to start LiveReload server
2023-03-17 13:10:59 [ERROR] [LoggingFailureAnalysisReporter.java]report(40) : 

***************************
APPLICATION FAILED TO START
***************************

Description:

Web server failed to start. Port 8091 was already in use.

Action:

Identify and stop the process that's listening on port 8091 or configure this application to listen on another port.

2023-03-17 13:12:02 [INFO ] [StartupInfoLogger.java]logStarting(55) : Starting mainApplication on DESKTOP-RILCUD6 with PID 13720 (D:\project\Demo\demo1\build\classes\java\main started by user in D:\project\Demo\demo1)
2023-03-17 13:12:02 [INFO ] [SpringApplication.java]logStartupProfileInfo(651) : No active profile set, falling back to default profiles: default
2023-03-17 13:12:04 [WARN ] [TransformerFactoryUtils.java]defaultSettings(62) : http://javax.xml.XMLConstants/property/accessExternalDTD property not supported by org.apache.xalan.processor.TransformerFactoryImpl
2023-03-17 13:12:04 [WARN ] [TransformerFactoryUtils.java]defaultSettings(70) : http://javax.xml.XMLConstants/property/accessExternalStylesheet property not supported by org.apache.xalan.processor.TransformerFactoryImpl
2023-03-17 13:12:04 [WARN ] [OptionalLiveReloadServer.java]startServer(61) : Unable to start LiveReload server
2023-03-17 13:12:04 [ERROR] [LoggingFailureAnalysisReporter.java]report(40) : 

***************************
APPLICATION FAILED TO START
***************************

Description:

Web server failed to start. Port 8091 was already in use.

Action:

Identify and stop the process that's listening on port 8091 or configure this application to listen on another port.

2023-03-17 13:12:44 [INFO ] [StartupInfoLogger.java]logStarting(55) : Starting mainApplication on DESKTOP-RILCUD6 with PID 12308 (D:\project\Demo\demo1\build\classes\java\main started by user in D:\project\Demo\demo1)
2023-03-17 13:12:44 [INFO ] [SpringApplication.java]logStartupProfileInfo(651) : No active profile set, falling back to default profiles: default
2023-03-17 13:12:45 [WARN ] [TransformerFactoryUtils.java]defaultSettings(62) : http://javax.xml.XMLConstants/property/accessExternalDTD property not supported by org.apache.xalan.processor.TransformerFactoryImpl
2023-03-17 13:12:45 [WARN ] [TransformerFactoryUtils.java]defaultSettings(70) : http://javax.xml.XMLConstants/property/accessExternalStylesheet property not supported by org.apache.xalan.processor.TransformerFactoryImpl
2023-03-17 13:12:45 [WARN ] [OptionalLiveReloadServer.java]startServer(61) : Unable to start LiveReload server
2023-03-17 13:12:45 [ERROR] [LoggingFailureAnalysisReporter.java]report(40) : 

***************************
APPLICATION FAILED TO START
***************************

Description:

Web server failed to start. Port 8091 was already in use.

Action:

Identify and stop the process that's listening on port 8091 or configure this application to listen on another port.

2023-03-17 13:13:32 [INFO ] [StartupInfoLogger.java]logStarting(55) : Starting mainApplication on DESKTOP-RILCUD6 with PID 17412 (D:\project\Demo\demo1\build\classes\java\main started by user in D:\project\Demo\demo1)
2023-03-17 13:13:32 [INFO ] [SpringApplication.java]logStartupProfileInfo(651) : No active profile set, falling back to default profiles: default
2023-03-17 13:13:33 [WARN ] [TransformerFactoryUtils.java]defaultSettings(62) : http://javax.xml.XMLConstants/property/accessExternalDTD property not supported by org.apache.xalan.processor.TransformerFactoryImpl
2023-03-17 13:13:33 [WARN ] [TransformerFactoryUtils.java]defaultSettings(70) : http://javax.xml.XMLConstants/property/accessExternalStylesheet property not supported by org.apache.xalan.processor.TransformerFactoryImpl
2023-03-17 13:13:33 [WARN ] [OptionalLiveReloadServer.java]startServer(61) : Unable to start LiveReload server
2023-03-17 13:13:34 [ERROR] [LoggingFailureAnalysisReporter.java]report(40) : 

***************************
APPLICATION FAILED TO START
***************************

Description:

Web server failed to start. Port 8091 was already in use.

Action:

Identify and stop the process that's listening on port 8091 or configure this application to listen on another port.

2023-03-17 13:16:07 [INFO ] [StartupInfoLogger.java]logStarting(55) : Starting mainApplication on DESKTOP-RILCUD6 with PID 10976 (D:\project\Demo\demo1\build\classes\java\main started by user in D:\project\Demo\demo1)
2023-03-17 13:16:07 [INFO ] [SpringApplication.java]logStartupProfileInfo(651) : No active profile set, falling back to default profiles: default
2023-03-17 13:16:09 [WARN ] [TransformerFactoryUtils.java]defaultSettings(62) : http://javax.xml.XMLConstants/property/accessExternalDTD property not supported by org.apache.xalan.processor.TransformerFactoryImpl
2023-03-17 13:16:09 [WARN ] [TransformerFactoryUtils.java]defaultSettings(70) : http://javax.xml.XMLConstants/property/accessExternalStylesheet property not supported by org.apache.xalan.processor.TransformerFactoryImpl
2023-03-17 13:16:09 [WARN ] [OptionalLiveReloadServer.java]startServer(61) : Unable to start LiveReload server
2023-03-17 13:16:09 [ERROR] [LoggingFailureAnalysisReporter.java]report(40) : 

***************************
APPLICATION FAILED TO START
***************************

Description:

Web server failed to start. Port 8091 was already in use.

Action:

Identify and stop the process that's listening on port 8091 or configure this application to listen on another port.

