2023-03-28 08:50:59 [INFO ] [StartupInfoLogger.java]logStarting(55) : Starting mainApplication on DESKTOP-RILCUD6 with PID 11868 (D:\project\Demo\demo1\build\classes\java\main started by user in D:\project\Demo\demo1)
2023-03-28 08:50:59 [INFO ] [SpringApplication.java]logStartupProfileInfo(651) : No active profile set, falling back to default profiles: default
2023-03-28 08:51:00 [WARN ] [TransformerFactoryUtils.java]defaultSettings(62) : http://javax.xml.XMLConstants/property/accessExternalDTD property not supported by org.apache.xalan.processor.TransformerFactoryImpl
2023-03-28 08:51:00 [WARN ] [TransformerFactoryUtils.java]defaultSettings(70) : http://javax.xml.XMLConstants/property/accessExternalStylesheet property not supported by org.apache.xalan.processor.TransformerFactoryImpl
2023-03-28 08:51:00 [INFO ] [StartupInfoLogger.java]logStarted(61) : Started mainApplication in 1.853 seconds (JVM running for 5.021)
2023-03-28 08:59:09 [WARN ] [HikariConfig.java]validateNumerics(1009) : HikariPool-1 - idleTimeout has been set but has no effect because the pool is operating as a fixed size pool.
2023-03-28 08:59:09 [INFO ] [HikariDataSource.java]getConnection(110) : HikariPool-1 - Starting...
2023-03-28 08:59:10 [INFO ] [HikariDataSource.java]getConnection(123) : HikariPool-1 - Start completed.
2023-03-28 09:09:51 [INFO ] [HikariDataSource.java]close(350) : HikariPool-1 - Shutdown initiated...
2023-03-28 09:09:51 [INFO ] [HikariDataSource.java]close(352) : HikariPool-1 - Shutdown completed.
2023-03-28 09:09:55 [INFO ] [StartupInfoLogger.java]logStarting(55) : Starting mainApplication on DESKTOP-RILCUD6 with PID 9948 (D:\project\Demo\demo1\build\classes\java\main started by user in D:\project\Demo\demo1)
2023-03-28 09:09:55 [INFO ] [SpringApplication.java]logStartupProfileInfo(651) : No active profile set, falling back to default profiles: default
2023-03-28 09:09:56 [WARN ] [TransformerFactoryUtils.java]defaultSettings(62) : http://javax.xml.XMLConstants/property/accessExternalDTD property not supported by org.apache.xalan.processor.TransformerFactoryImpl
2023-03-28 09:09:56 [WARN ] [TransformerFactoryUtils.java]defaultSettings(70) : http://javax.xml.XMLConstants/property/accessExternalStylesheet property not supported by org.apache.xalan.processor.TransformerFactoryImpl
2023-03-28 09:09:57 [INFO ] [StartupInfoLogger.java]logStarted(61) : Started mainApplication in 1.795 seconds (JVM running for 2.386)
2023-03-28 09:10:01 [WARN ] [HikariConfig.java]validateNumerics(1009) : HikariPool-1 - idleTimeout has been set but has no effect because the pool is operating as a fixed size pool.
2023-03-28 09:10:01 [INFO ] [HikariDataSource.java]getConnection(110) : HikariPool-1 - Starting...
2023-03-28 09:10:01 [INFO ] [HikariDataSource.java]getConnection(123) : HikariPool-1 - Start completed.
2023-03-28 09:33:23 [INFO ] [HikariDataSource.java]close(350) : HikariPool-1 - Shutdown initiated...
2023-03-28 09:33:23 [INFO ] [HikariDataSource.java]close(352) : HikariPool-1 - Shutdown completed.
2023-03-28 09:33:26 [INFO ] [StartupInfoLogger.java]logStarting(55) : Starting mainApplication on DESKTOP-RILCUD6 with PID 20220 (D:\project\Demo\demo1\build\classes\java\main started by user in D:\project\Demo\demo1)
2023-03-28 09:33:26 [INFO ] [SpringApplication.java]logStartupProfileInfo(651) : No active profile set, falling back to default profiles: default
2023-03-28 09:33:28 [WARN ] [TransformerFactoryUtils.java]defaultSettings(62) : http://javax.xml.XMLConstants/property/accessExternalDTD property not supported by org.apache.xalan.processor.TransformerFactoryImpl
2023-03-28 09:33:28 [WARN ] [TransformerFactoryUtils.java]defaultSettings(70) : http://javax.xml.XMLConstants/property/accessExternalStylesheet property not supported by org.apache.xalan.processor.TransformerFactoryImpl
2023-03-28 09:33:28 [INFO ] [StartupInfoLogger.java]logStarted(61) : Started mainApplication in 1.667 seconds (JVM running for 2.268)
2023-03-28 09:33:34 [WARN ] [HikariConfig.java]validateNumerics(1009) : HikariPool-1 - idleTimeout has been set but has no effect because the pool is operating as a fixed size pool.
2023-03-28 09:33:34 [INFO ] [HikariDataSource.java]getConnection(110) : HikariPool-1 - Starting...
2023-03-28 09:33:34 [INFO ] [HikariDataSource.java]getConnection(123) : HikariPool-1 - Start completed.
2023-03-28 09:40:55 [INFO ] [HikariDataSource.java]close(350) : HikariPool-1 - Shutdown initiated...
2023-03-28 09:40:55 [INFO ] [HikariDataSource.java]close(352) : HikariPool-1 - Shutdown completed.
2023-03-28 09:40:58 [INFO ] [StartupInfoLogger.java]logStarting(55) : Starting mainApplication on DESKTOP-RILCUD6 with PID 15028 (D:\project\Demo\demo1\build\classes\java\main started by user in D:\project\Demo\demo1)
2023-03-28 09:40:58 [INFO ] [SpringApplication.java]logStartupProfileInfo(651) : No active profile set, falling back to default profiles: default
2023-03-28 09:40:59 [WARN ] [TransformerFactoryUtils.java]defaultSettings(62) : http://javax.xml.XMLConstants/property/accessExternalDTD property not supported by org.apache.xalan.processor.TransformerFactoryImpl
2023-03-28 09:40:59 [WARN ] [TransformerFactoryUtils.java]defaultSettings(70) : http://javax.xml.XMLConstants/property/accessExternalStylesheet property not supported by org.apache.xalan.processor.TransformerFactoryImpl
2023-03-28 09:41:00 [INFO ] [StartupInfoLogger.java]logStarted(61) : Started mainApplication in 1.784 seconds (JVM running for 2.435)
2023-03-28 09:41:21 [WARN ] [HikariConfig.java]validateNumerics(1009) : HikariPool-1 - idleTimeout has been set but has no effect because the pool is operating as a fixed size pool.
2023-03-28 09:41:21 [INFO ] [HikariDataSource.java]getConnection(110) : HikariPool-1 - Starting...
2023-03-28 09:41:21 [INFO ] [HikariDataSource.java]getConnection(123) : HikariPool-1 - Start completed.
2023-03-28 09:47:23 [INFO ] [HikariDataSource.java]close(350) : HikariPool-1 - Shutdown initiated...
2023-03-28 09:47:23 [INFO ] [HikariDataSource.java]close(352) : HikariPool-1 - Shutdown completed.
2023-03-28 09:47:26 [INFO ] [StartupInfoLogger.java]logStarting(55) : Starting mainApplication on DESKTOP-RILCUD6 with PID 20204 (D:\project\Demo\demo1\build\classes\java\main started by user in D:\project\Demo\demo1)
2023-03-28 09:47:26 [INFO ] [SpringApplication.java]logStartupProfileInfo(651) : No active profile set, falling back to default profiles: default
2023-03-28 09:47:27 [WARN ] [TransformerFactoryUtils.java]defaultSettings(62) : http://javax.xml.XMLConstants/property/accessExternalDTD property not supported by org.apache.xalan.processor.TransformerFactoryImpl
2023-03-28 09:47:27 [WARN ] [TransformerFactoryUtils.java]defaultSettings(70) : http://javax.xml.XMLConstants/property/accessExternalStylesheet property not supported by org.apache.xalan.processor.TransformerFactoryImpl
2023-03-28 09:47:28 [INFO ] [StartupInfoLogger.java]logStarted(61) : Started mainApplication in 1.915 seconds (JVM running for 2.523)
2023-03-28 09:49:28 [INFO ] [StartupInfoLogger.java]logStarting(55) : Starting mainApplication on DESKTOP-RILCUD6 with PID 11656 (D:\project\Demo\demo1\build\classes\java\main started by user in D:\project\Demo\demo1)
2023-03-28 09:49:28 [INFO ] [SpringApplication.java]logStartupProfileInfo(651) : No active profile set, falling back to default profiles: default
2023-03-28 09:49:29 [WARN ] [TransformerFactoryUtils.java]defaultSettings(62) : http://javax.xml.XMLConstants/property/accessExternalDTD property not supported by org.apache.xalan.processor.TransformerFactoryImpl
2023-03-28 09:49:29 [WARN ] [TransformerFactoryUtils.java]defaultSettings(70) : http://javax.xml.XMLConstants/property/accessExternalStylesheet property not supported by org.apache.xalan.processor.TransformerFactoryImpl
2023-03-28 09:49:29 [INFO ] [StartupInfoLogger.java]logStarted(61) : Started mainApplication in 1.882 seconds (JVM running for 2.524)
2023-03-28 09:49:38 [WARN ] [HikariConfig.java]validateNumerics(1009) : HikariPool-1 - idleTimeout has been set but has no effect because the pool is operating as a fixed size pool.
2023-03-28 09:49:38 [INFO ] [HikariDataSource.java]getConnection(110) : HikariPool-1 - Starting...
2023-03-28 09:49:38 [INFO ] [HikariDataSource.java]getConnection(123) : HikariPool-1 - Start completed.
2023-03-28 09:53:10 [INFO ] [HikariDataSource.java]close(350) : HikariPool-1 - Shutdown initiated...
2023-03-28 09:53:10 [INFO ] [HikariDataSource.java]close(352) : HikariPool-1 - Shutdown completed.
2023-03-28 09:53:13 [INFO ] [StartupInfoLogger.java]logStarting(55) : Starting mainApplication on DESKTOP-RILCUD6 with PID 12908 (D:\project\Demo\demo1\build\classes\java\main started by user in D:\project\Demo\demo1)
2023-03-28 09:53:13 [INFO ] [SpringApplication.java]logStartupProfileInfo(651) : No active profile set, falling back to default profiles: default
2023-03-28 09:53:14 [WARN ] [TransformerFactoryUtils.java]defaultSettings(62) : http://javax.xml.XMLConstants/property/accessExternalDTD property not supported by org.apache.xalan.processor.TransformerFactoryImpl
2023-03-28 09:53:14 [WARN ] [TransformerFactoryUtils.java]defaultSettings(70) : http://javax.xml.XMLConstants/property/accessExternalStylesheet property not supported by org.apache.xalan.processor.TransformerFactoryImpl
2023-03-28 09:53:14 [INFO ] [StartupInfoLogger.java]logStarted(61) : Started mainApplication in 2.123 seconds (JVM running for 2.86)
2023-03-28 09:53:26 [WARN ] [HikariConfig.java]validateNumerics(1009) : HikariPool-1 - idleTimeout has been set but has no effect because the pool is operating as a fixed size pool.
2023-03-28 09:53:26 [INFO ] [HikariDataSource.java]getConnection(110) : HikariPool-1 - Starting...
2023-03-28 09:53:27 [INFO ] [HikariDataSource.java]getConnection(123) : HikariPool-1 - Start completed.
2023-03-28 09:56:33 [INFO ] [HikariDataSource.java]close(350) : HikariPool-1 - Shutdown initiated...
2023-03-28 09:56:33 [INFO ] [HikariDataSource.java]close(352) : HikariPool-1 - Shutdown completed.
2023-03-28 09:56:35 [INFO ] [StartupInfoLogger.java]logStarting(55) : Starting mainApplication on DESKTOP-RILCUD6 with PID 17152 (D:\project\Demo\demo1\build\classes\java\main started by user in D:\project\Demo\demo1)
2023-03-28 09:56:35 [INFO ] [SpringApplication.java]logStartupProfileInfo(651) : No active profile set, falling back to default profiles: default
2023-03-28 09:56:37 [WARN ] [TransformerFactoryUtils.java]defaultSettings(62) : http://javax.xml.XMLConstants/property/accessExternalDTD property not supported by org.apache.xalan.processor.TransformerFactoryImpl
2023-03-28 09:56:37 [WARN ] [TransformerFactoryUtils.java]defaultSettings(70) : http://javax.xml.XMLConstants/property/accessExternalStylesheet property not supported by org.apache.xalan.processor.TransformerFactoryImpl
2023-03-28 09:56:37 [INFO ] [StartupInfoLogger.java]logStarted(61) : Started mainApplication in 1.953 seconds (JVM running for 2.55)
2023-03-28 09:56:42 [WARN ] [HikariConfig.java]validateNumerics(1009) : HikariPool-1 - idleTimeout has been set but has no effect because the pool is operating as a fixed size pool.
2023-03-28 09:56:42 [INFO ] [HikariDataSource.java]getConnection(110) : HikariPool-1 - Starting...
2023-03-28 09:56:43 [INFO ] [HikariDataSource.java]getConnection(123) : HikariPool-1 - Start completed.
2023-03-28 09:59:56 [INFO ] [HikariDataSource.java]close(350) : HikariPool-1 - Shutdown initiated...
2023-03-28 09:59:56 [INFO ] [HikariDataSource.java]close(352) : HikariPool-1 - Shutdown completed.
2023-03-28 09:59:59 [INFO ] [StartupInfoLogger.java]logStarting(55) : Starting mainApplication on DESKTOP-RILCUD6 with PID 18008 (D:\project\Demo\demo1\build\classes\java\main started by user in D:\project\Demo\demo1)
2023-03-28 09:59:59 [INFO ] [SpringApplication.java]logStartupProfileInfo(651) : No active profile set, falling back to default profiles: default
2023-03-28 10:00:01 [WARN ] [TransformerFactoryUtils.java]defaultSettings(62) : http://javax.xml.XMLConstants/property/accessExternalDTD property not supported by org.apache.xalan.processor.TransformerFactoryImpl
2023-03-28 10:00:01 [WARN ] [TransformerFactoryUtils.java]defaultSettings(70) : http://javax.xml.XMLConstants/property/accessExternalStylesheet property not supported by org.apache.xalan.processor.TransformerFactoryImpl
2023-03-28 10:00:01 [INFO ] [StartupInfoLogger.java]logStarted(61) : Started mainApplication in 2.185 seconds (JVM running for 2.779)
2023-03-28 10:00:02 [WARN ] [HikariConfig.java]validateNumerics(1009) : HikariPool-1 - idleTimeout has been set but has no effect because the pool is operating as a fixed size pool.
2023-03-28 10:00:02 [INFO ] [HikariDataSource.java]getConnection(110) : HikariPool-1 - Starting...
2023-03-28 10:00:02 [INFO ] [HikariDataSource.java]getConnection(123) : HikariPool-1 - Start completed.
2023-03-28 10:01:34 [INFO ] [HikariDataSource.java]close(350) : HikariPool-1 - Shutdown initiated...
2023-03-28 10:01:34 [INFO ] [HikariDataSource.java]close(352) : HikariPool-1 - Shutdown completed.
2023-03-28 10:01:37 [INFO ] [StartupInfoLogger.java]logStarting(55) : Starting mainApplication on DESKTOP-RILCUD6 with PID 8032 (D:\project\Demo\demo1\build\classes\java\main started by user in D:\project\Demo\demo1)
2023-03-28 10:01:37 [INFO ] [SpringApplication.java]logStartupProfileInfo(651) : No active profile set, falling back to default profiles: default
2023-03-28 10:01:38 [WARN ] [TransformerFactoryUtils.java]defaultSettings(62) : http://javax.xml.XMLConstants/property/accessExternalDTD property not supported by org.apache.xalan.processor.TransformerFactoryImpl
2023-03-28 10:01:38 [WARN ] [TransformerFactoryUtils.java]defaultSettings(70) : http://javax.xml.XMLConstants/property/accessExternalStylesheet property not supported by org.apache.xalan.processor.TransformerFactoryImpl
2023-03-28 10:01:39 [INFO ] [StartupInfoLogger.java]logStarted(61) : Started mainApplication in 1.769 seconds (JVM running for 2.375)
2023-03-28 10:01:45 [WARN ] [HikariConfig.java]validateNumerics(1009) : HikariPool-1 - idleTimeout has been set but has no effect because the pool is operating as a fixed size pool.
2023-03-28 10:01:45 [INFO ] [HikariDataSource.java]getConnection(110) : HikariPool-1 - Starting...
2023-03-28 10:01:45 [INFO ] [HikariDataSource.java]getConnection(123) : HikariPool-1 - Start completed.
2023-03-28 10:06:50 [INFO ] [HikariDataSource.java]close(350) : HikariPool-1 - Shutdown initiated...
2023-03-28 10:06:50 [INFO ] [HikariDataSource.java]close(352) : HikariPool-1 - Shutdown completed.
2023-03-28 10:06:53 [INFO ] [StartupInfoLogger.java]logStarting(55) : Starting mainApplication on DESKTOP-RILCUD6 with PID 13992 (D:\project\Demo\demo1\build\classes\java\main started by user in D:\project\Demo\demo1)
2023-03-28 10:06:53 [INFO ] [SpringApplication.java]logStartupProfileInfo(651) : No active profile set, falling back to default profiles: default
2023-03-28 10:06:54 [WARN ] [TransformerFactoryUtils.java]defaultSettings(62) : http://javax.xml.XMLConstants/property/accessExternalDTD property not supported by org.apache.xalan.processor.TransformerFactoryImpl
2023-03-28 10:06:54 [WARN ] [TransformerFactoryUtils.java]defaultSettings(70) : http://javax.xml.XMLConstants/property/accessExternalStylesheet property not supported by org.apache.xalan.processor.TransformerFactoryImpl
2023-03-28 10:06:54 [INFO ] [StartupInfoLogger.java]logStarted(61) : Started mainApplication in 2.117 seconds (JVM running for 2.737)
2023-03-28 10:07:00 [WARN ] [HikariConfig.java]validateNumerics(1009) : HikariPool-1 - idleTimeout has been set but has no effect because the pool is operating as a fixed size pool.
2023-03-28 10:07:00 [INFO ] [HikariDataSource.java]getConnection(110) : HikariPool-1 - Starting...
2023-03-28 10:07:00 [INFO ] [HikariDataSource.java]getConnection(123) : HikariPool-1 - Start completed.
2023-03-28 10:08:37 [INFO ] [HikariDataSource.java]close(350) : HikariPool-1 - Shutdown initiated...
2023-03-28 10:08:37 [INFO ] [HikariDataSource.java]close(352) : HikariPool-1 - Shutdown completed.
2023-03-28 10:08:39 [INFO ] [StartupInfoLogger.java]logStarting(55) : Starting mainApplication on DESKTOP-RILCUD6 with PID 10132 (D:\project\Demo\demo1\build\classes\java\main started by user in D:\project\Demo\demo1)
2023-03-28 10:08:39 [INFO ] [SpringApplication.java]logStartupProfileInfo(651) : No active profile set, falling back to default profiles: default
2023-03-28 10:08:41 [WARN ] [TransformerFactoryUtils.java]defaultSettings(62) : http://javax.xml.XMLConstants/property/accessExternalDTD property not supported by org.apache.xalan.processor.TransformerFactoryImpl
2023-03-28 10:08:41 [WARN ] [TransformerFactoryUtils.java]defaultSettings(70) : http://javax.xml.XMLConstants/property/accessExternalStylesheet property not supported by org.apache.xalan.processor.TransformerFactoryImpl
2023-03-28 10:08:41 [INFO ] [StartupInfoLogger.java]logStarted(61) : Started mainApplication in 1.726 seconds (JVM running for 2.275)
2023-03-28 10:08:45 [WARN ] [HikariConfig.java]validateNumerics(1009) : HikariPool-1 - idleTimeout has been set but has no effect because the pool is operating as a fixed size pool.
2023-03-28 10:08:45 [INFO ] [HikariDataSource.java]getConnection(110) : HikariPool-1 - Starting...
2023-03-28 10:08:45 [INFO ] [HikariDataSource.java]getConnection(123) : HikariPool-1 - Start completed.
2023-03-28 10:29:29 [INFO ] [HikariDataSource.java]close(350) : HikariPool-1 - Shutdown initiated...
2023-03-28 10:29:29 [INFO ] [HikariDataSource.java]close(352) : HikariPool-1 - Shutdown completed.
2023-03-28 10:29:35 [INFO ] [StartupInfoLogger.java]logStarting(55) : Starting mainApplication on DESKTOP-RILCUD6 with PID 17692 (D:\project\Demo\demo1\build\classes\java\main started by user in D:\project\Demo\demo1)
2023-03-28 10:29:35 [INFO ] [SpringApplication.java]logStartupProfileInfo(651) : No active profile set, falling back to default profiles: default
2023-03-28 10:29:36 [WARN ] [TransformerFactoryUtils.java]defaultSettings(62) : http://javax.xml.XMLConstants/property/accessExternalDTD property not supported by org.apache.xalan.processor.TransformerFactoryImpl
2023-03-28 10:29:36 [WARN ] [TransformerFactoryUtils.java]defaultSettings(70) : http://javax.xml.XMLConstants/property/accessExternalStylesheet property not supported by org.apache.xalan.processor.TransformerFactoryImpl
2023-03-28 10:29:37 [INFO ] [StartupInfoLogger.java]logStarted(61) : Started mainApplication in 1.811 seconds (JVM running for 5.084)
2023-03-28 10:29:54 [WARN ] [HikariConfig.java]validateNumerics(1009) : HikariPool-1 - idleTimeout has been set but has no effect because the pool is operating as a fixed size pool.
2023-03-28 10:29:54 [INFO ] [HikariDataSource.java]getConnection(110) : HikariPool-1 - Starting...
2023-03-28 10:29:54 [INFO ] [HikariDataSource.java]getConnection(123) : HikariPool-1 - Start completed.
2023-03-28 10:31:41 [INFO ] [HikariDataSource.java]close(350) : HikariPool-1 - Shutdown initiated...
2023-03-28 10:31:41 [INFO ] [HikariDataSource.java]close(352) : HikariPool-1 - Shutdown completed.
2023-03-28 10:31:44 [INFO ] [StartupInfoLogger.java]logStarting(55) : Starting mainApplication on DESKTOP-RILCUD6 with PID 20036 (D:\project\Demo\demo1\build\classes\java\main started by user in D:\project\Demo\demo1)
2023-03-28 10:31:44 [INFO ] [SpringApplication.java]logStartupProfileInfo(651) : No active profile set, falling back to default profiles: default
2023-03-28 10:31:45 [WARN ] [TransformerFactoryUtils.java]defaultSettings(62) : http://javax.xml.XMLConstants/property/accessExternalDTD property not supported by org.apache.xalan.processor.TransformerFactoryImpl
2023-03-28 10:31:45 [WARN ] [TransformerFactoryUtils.java]defaultSettings(70) : http://javax.xml.XMLConstants/property/accessExternalStylesheet property not supported by org.apache.xalan.processor.TransformerFactoryImpl
2023-03-28 10:31:45 [INFO ] [StartupInfoLogger.java]logStarted(61) : Started mainApplication in 2.001 seconds (JVM running for 2.542)
2023-03-28 10:31:52 [WARN ] [HikariConfig.java]validateNumerics(1009) : HikariPool-1 - idleTimeout has been set but has no effect because the pool is operating as a fixed size pool.
2023-03-28 10:31:52 [INFO ] [HikariDataSource.java]getConnection(110) : HikariPool-1 - Starting...
2023-03-28 10:31:52 [INFO ] [HikariDataSource.java]getConnection(123) : HikariPool-1 - Start completed.
2023-03-28 12:59:30 [WARN ] [HikariPool.java]run(787) : HikariPool-1 - Thread starvation or clock leap detected (housekeeper delta=44m6s327ms712µs).
2023-03-28 13:09:13 [INFO ] [HikariDataSource.java]close(350) : HikariPool-1 - Shutdown initiated...
2023-03-28 13:09:13 [INFO ] [HikariDataSource.java]close(352) : HikariPool-1 - Shutdown completed.
2023-03-28 13:09:19 [INFO ] [StartupInfoLogger.java]logStarting(55) : Starting mainApplication on DESKTOP-RILCUD6 with PID 13056 (D:\project\Demo\demo1\build\classes\java\main started by user in D:\project\Demo\demo1)
2023-03-28 13:09:19 [INFO ] [SpringApplication.java]logStartupProfileInfo(651) : No active profile set, falling back to default profiles: default
2023-03-28 13:09:20 [WARN ] [TransformerFactoryUtils.java]defaultSettings(62) : http://javax.xml.XMLConstants/property/accessExternalDTD property not supported by org.apache.xalan.processor.TransformerFactoryImpl
2023-03-28 13:09:20 [WARN ] [TransformerFactoryUtils.java]defaultSettings(70) : http://javax.xml.XMLConstants/property/accessExternalStylesheet property not supported by org.apache.xalan.processor.TransformerFactoryImpl
2023-03-28 13:09:20 [INFO ] [StartupInfoLogger.java]logStarted(61) : Started mainApplication in 1.676 seconds (JVM running for 2.225)
2023-03-28 13:09:57 [WARN ] [HikariConfig.java]validateNumerics(1009) : HikariPool-1 - idleTimeout has been set but has no effect because the pool is operating as a fixed size pool.
2023-03-28 13:09:57 [INFO ] [HikariDataSource.java]getConnection(110) : HikariPool-1 - Starting...
2023-03-28 13:09:58 [INFO ] [HikariDataSource.java]getConnection(123) : HikariPool-1 - Start completed.
2023-03-28 15:04:21 [WARN ] [HikariPool.java]run(787) : HikariPool-1 - Thread starvation or clock leap detected (housekeeper delta=26m21s387ms596µs).
2023-03-28 17:57:45 [INFO ] [HikariDataSource.java]close(350) : HikariPool-1 - Shutdown initiated...
2023-03-28 17:57:45 [INFO ] [HikariDataSource.java]close(352) : HikariPool-1 - Shutdown completed.
